This file contains any messages produced by compilers while
running configure, to aid debugging if configure makes a mistake.

It was created by configure, which was
generated by GNU Autoconf 2.59.  Invocation command line was

  $ /proj/opensrc_nobackup/zhiweic/SVN/puretrunk/osprey/cygnus/opcodes/configure --cache-file=./config.cache --build=i686-open64-linux --host=i686-open64-linux --target=x86_64-open64-linux --with-gnu-ld --prefix=/usr/x8664-linux --program-transform-name=s,^,x86_64-open64-linux-,;  --srcdir=../../cygnus/opcodes

## --------- ##
## Platform. ##
## --------- ##

hostname = adl-mp5
uname -m = x86_64
uname -r = 2.6.16.60-0.21-smp
uname -s = Linux
uname -v = #1 SMP Tue May 6 12:41:02 UTC 2008

/usr/bin/uname -p = unknown
/bin/uname -X     = unknown

/bin/arch              = x86_64
/usr/bin/arch -k       = unknown
/usr/convex/getsysinfo = unknown
hostinfo               = unknown
/bin/machine           = unknown
/usr/bin/oslevel       = unknown
/bin/universe          = unknown

PATH: #COMP_ROOT/usr/bin
PATH: /proj/opensrc_nobackup/zhiweic/gcc-4.2.4-prefix/bin
PATH: /proj/opensrc_nobackup/zhiweic/open64-puresvn-prefix/bin
PATH: /proj/vsop/drop2/stage/latest/usr/bin
PATH: /proj/opensrc_nobackup/zhiweic/gcc-4.2.4-prefix/bin
PATH: /proj/opensrc_nobackup/zhiweic/open64-SVN-prefix/bin
PATH: /usr/local/bin
PATH: /bin
PATH: /usr/bin
PATH: /usr/X11R6/bin
PATH: .
PATH: /home/zhiweic/software/x86_64/bin/
PATH: /home/zhiweic/software/x86_64/bin/


## ----------- ##
## Core tests. ##
## ----------- ##

configure:1242: creating cache ./config.cache
configure:1355: checking build system type
configure:1373: result: i686-open64-linux-gnu
configure:1381: checking host system type
configure:1395: result: i686-open64-linux-gnu
configure:1403: checking target system type
configure:1417: result: x86_64-open64-linux-gnu
configure:1439: checking for i686-open64-linux-gcc
configure:1465: result: gcc
configure:1747: checking for C compiler version
configure:1750: gcc --version </dev/null >&5
gcc (GCC) 4.2.4
Copyright (C) 2007 Free Software Foundation, Inc.
This is free software; see the source for copying conditions.  There is NO
warranty; not even for MERCHANTABILITY or FITNESS FOR A PARTICULAR PURPOSE.

configure:1753: $? = 0
configure:1755: gcc -v </dev/null >&5
Using built-in specs.
Target: x86_64-unknown-linux-gnu
Configured with: ./configure --prefix=/proj/opensrc_nobackup/zhiweic/gcc-4.2.4-prefix --enable-libstdcxx-debug
Thread model: posix
gcc version 4.2.4
configure:1758: $? = 0
configure:1760: gcc -V </dev/null >&5
gcc: '-V' option must have argument
configure:1763: $? = 1
configure:1786: checking for C compiler default output file name
configure:1789: gcc -O0 -g -DIs_True_On -m32   conftest.c  >&5
configure:1792: $? = 0
configure:1838: result: a.out
configure:1843: checking whether the C compiler works
configure:1849: ./a.out
configure:1852: $? = 0
configure:1869: result: yes
configure:1876: checking whether we are cross compiling
configure:1878: result: no
configure:1881: checking for suffix of executables
configure:1883: gcc -o conftest -O0 -g -DIs_True_On -m32   conftest.c  >&5
configure:1886: $? = 0
configure:1911: result: 
configure:1917: checking for suffix of object files
configure:1938: gcc -c -O0 -g -DIs_True_On -m32  conftest.c >&5
configure:1941: $? = 0
configure:1963: result: o
configure:1967: checking whether we are using the GNU C compiler
configure:1991: gcc -c -O0 -g -DIs_True_On -m32  conftest.c >&5
configure:1997: $? = 0
configure:2001: test -z 
			 || test ! -s conftest.err
configure:2004: $? = 0
configure:2007: test -s conftest.o
configure:2010: $? = 0
configure:2023: result: yes
configure:2029: checking whether gcc accepts -g
configure:2050: gcc -c -g  conftest.c >&5
configure:2056: $? = 0
configure:2060: test -z 
			 || test ! -s conftest.err
configure:2063: $? = 0
configure:2066: test -s conftest.o
configure:2069: $? = 0
configure:2080: result: yes
configure:2097: checking for gcc option to accept ANSI C
configure:2167: gcc  -c -O0 -g -DIs_True_On -m32  conftest.c >&5
configure:2173: $? = 0
configure:2177: test -z 
			 || test ! -s conftest.err
configure:2180: $? = 0
configure:2183: test -s conftest.o
configure:2186: $? = 0
configure:2204: result: none needed
configure:2222: gcc -c -O0 -g -DIs_True_On -m32  conftest.c >&5
conftest.c:2: error: expected '=', ',', ';', 'asm' or '__attribute__' before 'me'
configure:2228: $? = 1
configure: failed program was:
| #ifndef __cplusplus
|   choke me
| #endif
configure:2362: checking for library containing strerror
configure:2392: gcc -o conftest -O0 -g -DIs_True_On -m32   conftest.c  >&5
configure:2398: $? = 0
configure:2402: test -z 
			 || test ! -s conftest.err
configure:2405: $? = 0
configure:2408: test -s conftest
configure:2411: $? = 0
configure:2481: result: none required
configure:2508: checking for a BSD-compatible install
configure:2563: result: /usr/bin/install -c
configure:2574: checking whether build environment is sane
configure:2617: result: yes
configure:2641: WARNING: `missing' script is too old or missing
configure:2682: checking for gawk
configure:2698: found /bin/gawk
configure:2708: result: gawk
configure:2718: checking whether make sets $(MAKE)
configure:2738: result: yes
configure:2768: checking for style of include used by make
configure:2796: result: GNU
configure:2972: checking dependency style of gcc
configure:3062: result: none
configure:3084: checking for i686-open64-linux-ar
configure:3110: result: ar
configure:3163: checking for i686-open64-linux-ranlib
configure:3189: result: ranlib
configure:3319: checking for ld used by GCC
configure:3382: result: ld
configure:3391: checking if the linker (ld) is GNU ld
GNU ld version 2.16.91.0.5 20051219 (SUSE Linux)
configure:3403: result: yes
configure:3408: checking for ld option to reload object files
configure:3415: result: -r
configure:3420: checking for BSD-compatible nm
configure:3456: result: nm
configure:3459: checking whether ln -s works
configure:3463: result: yes
configure:3470: checking how to recognise dependant libraries
configure:3638: result: pass_all
configure:3790: checking for i686-open64-linux-ranlib
configure:3816: result: ranlib
configure:3870: checking for i686-open64-linux-strip
configure:3899: result: no
configure:3908: checking for strip
configure:3924: found /usr/bin/strip
configure:3935: result: strip
configure:4192: loading cache ./config.cache
ce PIC
ltconfig:687:checking that gcc PIC flag -fPIC -DPIC works.
ltconfig:697: gcc -c -O0 -g -DIs_True_On -m32 -fPIC -DPIC -DPIC  conftest.c 1>&5
ltconfig:749: checking if gcc static flag -static works
ltconfig:758: gcc -o conftest -O0 -g -DIs_True_On -m32   -static conftest.c  1>&5
ltconfig:780: finding the maximum length of command line arguments
ltconfig:@lineno@: result: 49153
ltconfig:833: checking if gcc supports -c -o file.o
ltconfig:834: gcc -c -O0 -g -DIs_True_On -m32 -o out/conftest2.o  conftest.c 1>&5
ltconfig:887: checking if gcc supports -fno-rtti -fno-exceptions
ltconfig:888: gcc -c -O0 -g -DIs_True_On -m32 -fno-rtti -fno-exceptions -c conftest.c  conftest.c 1>&5
ltconfig:1431: checking if global_symbol_pipe works
ltconfig:1432: gcc -c -O0 -g -DIs_True_On -m32  conftest.c 1>&5
ltconfig:1435: eval "nm conftest.o | sed -n -e 's/^.*[ 	]\([ABCDGISTW][ABCDGISTW]*\)[ 	][ 	]*\(\)\([_A-Za-z][_A-Za-z0-9]*\)$/\1 \2\3 \3/p' > conftest.nm"
ltconfig:1487: gcc -o conftest -O0 -g -DIs_True_On -m32 -fno-builtin   conftest.c conftstm.o 1>&5
configure:4275: checking whether to enable maintainer-specific portions of Makefiles
configure:4284: result: no
configure:4314: checking whether to install libbfd
configure:4327: result: no
configure:4367: checking for i686-open64-linux-gcc
configure:4393: result: gcc
configure:4675: checking for C compiler version
configure:4678: gcc --version </dev/null >&5
gcc (GCC) 4.2.4
Copyright (C) 2007 Free Software Foundation, Inc.
This is free software; see the source for copying conditions.  There is NO
warranty; not even for MERCHANTABILITY or FITNESS FOR A PARTICULAR PURPOSE.

configure:4681: $? = 0
configure:4683: gcc -v </dev/null >&5
Using built-in specs.
Target: x86_64-unknown-linux-gnu
Configured with: ./configure --prefix=/proj/opensrc_nobackup/zhiweic/gcc-4.2.4-prefix --enable-libstdcxx-debug
Thread model: posix
gcc version 4.2.4
configure:4686: $? = 0
configure:4688: gcc -V </dev/null >&5
gcc: '-V' option must have argument
configure:4691: $? = 1
configure:4694: checking whether we are using the GNU C compiler
configure:4750: result: yes
configure:4756: checking whether gcc accepts -g
configure:4807: result: yes
configure:4824: checking for gcc option to accept ANSI C
configure:4931: result: none needed
configure:4949: gcc -c -O0 -g -DIs_True_On -m32  conftest.c >&5
conftest.c:2: error: expected '=', ',', ';', 'asm' or '__attribute__' before 'me'
configure:4955: $? = 1
configure: failed program was:
| #ifndef __cplusplus
|   choke me
| #endif
configure:5093: checking for i686-open64-linux-ranlib
configure:5119: result: ranlib
configure:5175: checking how to run the C preprocessor
configure:5210: gcc -E  conftest.c
configure:5216: $? = 0
configure:5248: gcc -E  conftest.c
conftest.c:11:28: error: ac_nonexistent.h: No such file or directory
configure:5254: $? = 1
configure: failed program was:
| /* confdefs.h.  */
| 
| #define PACKAGE_NAME ""
| #define PACKAGE_TARNAME ""
| #define PACKAGE_VERSION ""
| #define PACKAGE_STRING ""
| #define PACKAGE_BUGREPORT ""
| #define PACKAGE "opcodes"
| #define VERSION "2.16.1"
| /* end confdefs.h.  */
| #include <ac_nonexistent.h>
configure:5293: result: gcc -E
configure:5317: gcc -E  conftest.c
configure:5323: $? = 0
configure:5355: gcc -E  conftest.c
conftest.c:11:28: error: ac_nonexistent.h: No such file or directory
configure:5361: $? = 1
configure: failed program was:
| /* confdefs.h.  */
| 
| #define PACKAGE_NAME ""
| #define PACKAGE_TARNAME ""
| #define PACKAGE_VERSION ""
| #define PACKAGE_STRING ""
| #define PACKAGE_BUGREPORT ""
| #define PACKAGE "opcodes"
| #define VERSION "2.16.1"
| /* end confdefs.h.  */
| #include <ac_nonexistent.h>
configure:5405: checking for egrep
configure:5415: result: grep -E
configure:5420: checking for ANSI C header files
configure:5445: gcc -c -O0 -g -DIs_True_On -m32  conftest.c >&5
configure:5451: $? = 0
configure:5455: test -z 
			 || test ! -s conftest.err
configure:5458: $? = 0
configure:5461: test -s conftest.o
configure:5464: $? = 0
configure:5553: gcc -o conftest -O0 -g -DIs_True_On -m32   conftest.c  >&5
conftest.c: In function 'main':
conftest.c:28: warning: incompatible implicit declaration of built-in function 'exit'
configure:5556: $? = 0
configure:5558: ./conftest
configure:5561: $? = 0
configure:5576: result: yes
configure:5586: checking for an ANSI C-conforming const
configure:5653: gcc -c -O0 -g -DIs_True_On -m32  conftest.c >&5
configure:5659: $? = 0
configure:5663: test -z 
			 || test ! -s conftest.err
configure:5666: $? = 0
configure:5669: test -s conftest.o
configure:5672: $? = 0
configure:5683: result: yes
configure:5693: checking for inline
configure:5714: gcc -c -O0 -g -DIs_True_On -m32  conftest.c >&5
configure:5720: $? = 0
configure:5724: test -z 
			 || test ! -s conftest.err
configure:5727: $? = 0
configure:5730: test -s conftest.o
configure:5733: $? = 0
configure:5745: result: inline
configure:5778: checking for sys/types.h
configure:5794: gcc -c -O0 -g -DIs_True_On -m32  conftest.c >&5
configure:5800: $? = 0
configure:5804: test -z 
			 || test ! -s conftest.err
configure:5807: $? = 0
configure:5810: test -s conftest.o
configure:5813: $? = 0
configure:5824: result: yes
configure:5778: checking for sys/stat.h
configure:5794: gcc -c -O0 -g -DIs_True_On -m32  conftest.c >&5
configure:5800: $? = 0
configure:5804: test -z 
			 || test ! -s conftest.err
configure:5807: $? = 0
configure:5810: test -s conftest.o
configure:5813: $? = 0
configure:5824: result: yes
configure:5778: checking for stdlib.h
configure:5794: gcc -c -O0 -g -DIs_True_On -m32  conftest.c >&5
configure:5800: $? = 0
configure:5804: test -z 
			 || test ! -s conftest.err
configure:5807: $? = 0
configure:5810: test -s conftest.o
configure:5813: $? = 0
configure:5824: result: yes
configure:5778: checking for string.h
configure:5794: gcc -c -O0 -g -DIs_True_On -m32  conftest.c >&5
configure:5800: $? = 0
configure:5804: test -z 
			 || test ! -s conftest.err
configure:5807: $? = 0
configure:5810: test -s conftest.o
configure:5813: $? = 0
configure:5824: result: yes
configure:5778: checking for memory.h
configure:5794: gcc -c -O0 -g -DIs_True_On -m32  conftest.c >&5
configure:5800: $? = 0
configure:5804: test -z 
			 || test ! -s conftest.err
configure:5807: $? = 0
configure:5810: test -s conftest.o
configure:5813: $? = 0
configure:5824: result: yes
configure:5778: checking for strings.h
configure:5794: gcc -c -O0 -g -DIs_True_On -m32  conftest.c >&5
configure:5800: $? = 0
configure:5804: test -z 
			 || test ! -s conftest.err
configure:5807: $? = 0
configure:5810: test -s conftest.o
configure:5813: $? = 0
configure:5824: result: yes
configure:5778: checking for inttypes.h
configure:5794: gcc -c -O0 -g -DIs_True_On -m32  conftest.c >&5
configure:5800: $? = 0
configure:5804: test -z 
			 || test ! -s conftest.err
configure:5807: $? = 0
configure:5810: test -s conftest.o
configure:5813: $? = 0
configure:5824: result: yes
configure:5778: checking for stdint.h
configure:5794: gcc -c -O0 -g -DIs_True_On -m32  conftest.c >&5
configure:5800: $? = 0
configure:5804: test -z 
			 || test ! -s conftest.err
configure:5807: $? = 0
configure:5810: test -s conftest.o
configure:5813: $? = 0
configure:5824: result: yes
configure:5778: checking for unistd.h
configure:5794: gcc -c -O0 -g -DIs_True_On -m32  conftest.c >&5
configure:5800: $? = 0
configure:5804: test -z 
			 || test ! -s conftest.err
configure:5807: $? = 0
configure:5810: test -s conftest.o
configure:5813: $? = 0
configure:5824: result: yes
configure:5836: checking for off_t
configure:5860: gcc -c -O0 -g -DIs_True_On -m32  conftest.c >&5
configure:5866: $? = 0
configure:5870: test -z 
			 || test ! -s conftest.err
configure:5873: $? = 0
configure:5876: test -s conftest.o
configure:5879: $? = 0
configure:5890: result: yes
configure:5902: checking for size_t
configure:5926: gcc -c -O0 -g -DIs_True_On -m32  conftest.c >&5
configure:5932: $? = 0
configure:5936: test -z 
			 || test ! -s conftest.err
configure:5939: $? = 0
configure:5942: test -s conftest.o
configure:5945: $? = 0
configure:5956: result: yes
configure:5970: checking for working alloca.h
configure:5991: gcc -o conftest -O0 -g -DIs_True_On -m32   conftest.c  >&5
configure:5997: $? = 0
configure:6001: test -z 
			 || test ! -s conftest.err
configure:6004: $? = 0
configure:6007: test -s conftest
configure:6010: $? = 0
configure:6022: result: yes
configure:6032: checking for alloca
configure:6073: gcc -o conftest -O0 -g -DIs_True_On -m32   conftest.c  >&5
configure:6079: $? = 0
configure:6083: test -z 
			 || test ! -s conftest.err
configure:6086: $? = 0
configure:6089: test -s conftest
configure:6092: $? = 0
configure:6104: result: yes
configure:6333: checking for stdlib.h
configure:6338: result: yes
configure:6333: checking for unistd.h
configure:6338: result: yes
configure:6482: checking for getpagesize
configure:6539: gcc -o conftest -O0 -g -DIs_True_On -m32   conftest.c  >&5
configure:6545: $? = 0
configure:6549: test -z 
			 || test ! -s conftest.err
configure:6552: $? = 0
configure:6555: test -s conftest
configure:6558: $? = 0
configure:6570: result: yes
configure:6580: checking for working mmap
configure:6722: gcc -o conftest -O0 -g -DIs_True_On -m32   conftest.c  >&5
configure:6725: $? = 0
configure:6727: ./conftest
configure:6730: $? = 0
configure:6744: result: yes
configure:6779: checking argz.h usability
configure:6791: gcc -c -O0 -g -DIs_True_On -m32  conftest.c >&5
configure:6797: $? = 0
configure:6801: test -z 
			 || test ! -s conftest.err
configure:6804: $? = 0
configure:6807: test -s conftest.o
configure:6810: $? = 0
configure:6820: result: yes
configure:6824: checking argz.h presence
configure:6834: gcc -E  conftest.c
configure:6840: $? = 0
configure:6860: result: yes
configure:6895: checking for argz.h
configure:6902: result: yes
configure:6779: checking limits.h usability
configure:6791: gcc -c -O0 -g -DIs_True_On -m32  conftest.c >&5
configure:6797: $? = 0
configure:6801: test -z 
			 || test ! -s conftest.err
configure:6804: $? = 0
configure:6807: test -s conftest.o
configure:6810: $? = 0
configure:6820: result: yes
configure:6824: checking limits.h presence
configure:6834: gcc -E  conftest.c
configure:6840: $? = 0
configure:6860: result: yes
configure:6895: checking for limits.h
configure:6902: result: yes
configure:6779: checking locale.h usability
configure:6791: gcc -c -O0 -g -DIs_True_On -m32  conftest.c >&5
configure:6797: $? = 0
configure:6801: test -z 
			 || test ! -s conftest.err
configure:6804: $? = 0
configure:6807: test -s conftest.o
configure:6810: $? = 0
configure:6820: result: yes
configure:6824: checking locale.h presence
configure:6834: gcc -E  conftest.c
configure:6840: $? = 0
configure:6860: result: yes
configure:6895: checking for locale.h
configure:6902: result: yes
configure:6779: checking nl_types.h usability
configure:6791: gcc -c -O0 -g -DIs_True_On -m32  conftest.c >&5
configure:6797: $? = 0
configure:6801: test -z 
			 || test ! -s conftest.err
configure:6804: $? = 0
configure:6807: test -s conftest.o
configure:6810: $? = 0
configure:6820: result: yes
configure:6824: checking nl_types.h presence
configure:6834: gcc -E  conftest.c
configure:6840: $? = 0
configure:6860: result: yes
configure:6895: checking for nl_types.h
configure:6902: result: yes
configure:6779: checking malloc.h usability
configure:6791: gcc -c -O0 -g -DIs_True_On -m32  conftest.c >&5
configure:6797: $? = 0
configure:6801: test -z 
			 || test ! -s conftest.err
configure:6804: $? = 0
configure:6807: test -s conftest.o
configure:6810: $? = 0
configure:6820: result: yes
configure:6824: checking malloc.h presence
configure:6834: gcc -E  conftest.c
configure:6840: $? = 0
configure:6860: result: yes
configure:6895: checking for malloc.h
configure:6902: result: yes
configure:6770: checking for string.h
configure:6775: result: yes
configure:6770: checking for unistd.h
configure:6775: result: yes
configure:6779: checking values.h usability
configure:6791: gcc -c -O0 -g -DIs_True_On -m32  conftest.c >&5
configure:6797: $? = 0
configure:6801: test -z 
			 || test ! -s conftest.err
configure:6804: $? = 0
configure:6807: test -s conftest.o
configure:6810: $? = 0
configure:6820: result: yes
configure:6824: checking values.h presence
configure:6834: gcc -E  conftest.c
configure:6840: $? = 0
configure:6860: result: yes
configure:6895: checking for values.h
configure:6902: result: yes
configure:6779: checking sys/param.h usability
configure:6791: gcc -c -O0 -g -DIs_True_On -m32  conftest.c >&5
configure:6797: $? = 0
configure:6801: test -z 
			 || test ! -s conftest.err
configure:6804: $? = 0
configure:6807: test -s conftest.o
configure:6810: $? = 0
configure:6820: result: yes
configure:6824: checking sys/param.h presence
configure:6834: gcc -E  conftest.c
configure:6840: $? = 0
configure:6860: result: yes
configure:6895: checking for sys/param.h
configure:6902: result: yes
configure:6929: checking for getcwd
configure:6986: gcc -o conftest -O0 -g -DIs_True_On -m32   conftest.c  >&5
configure:6992: $? = 0
configure:6996: test -z 
			 || test ! -s conftest.err
configure:6999: $? = 0
configure:7002: test -s conftest
configure:7005: $? = 0
configure:7017: result: yes
configure:6929: checking for munmap
configure:6986: gcc -o conftest -O0 -g -DIs_True_On -m32   conftest.c  >&5
configure:6992: $? = 0
configure:6996: test -z 
			 || test ! -s conftest.err
configure:6999: $? = 0
configure:7002: test -s conftest
configure:7005: $? = 0
configure:7017: result: yes
configure:6929: checking for putenv
configure:6986: gcc -o conftest -O0 -g -DIs_True_On -m32   conftest.c  >&5
configure:6992: $? = 0
configure:6996: test -z 
			 || test ! -s conftest.err
configure:6999: $? = 0
configure:7002: test -s conftest
configure:7005: $? = 0
configure:7017: result: yes
configure:6929: checking for setenv
configure:6986: gcc -o conftest -O0 -g -DIs_True_On -m32   conftest.c  >&5
configure:6992: $? = 0
configure:6996: test -z 
			 || test ! -s conftest.err
configure:6999: $? = 0
configure:7002: test -s conftest
configure:7005: $? = 0
configure:7017: result: yes
configure:6929: checking for setlocale
configure:6986: gcc -o conftest -O0 -g -DIs_True_On -m32   conftest.c  >&5
configure:6992: $? = 0
configure:6996: test -z 
			 || test ! -s conftest.err
configure:6999: $? = 0
configure:7002: test -s conftest
configure:7005: $? = 0
configure:7017: result: yes
configure:6929: checking for strchr
configure:6986: gcc -o conftest -O0 -g -DIs_True_On -m32   conftest.c  >&5
conftest.c:65: warning: conflicting types for built-in function 'strchr'
configure:6992: $? = 0
configure:6996: test -z 
			 || test ! -s conftest.err
configure:6999: $? = 0
configure:7002: test -s conftest
configure:7005: $? = 0
configure:7017: result: yes
configure:6929: checking for strcasecmp
configure:6986: gcc -o conftest -O0 -g -DIs_True_On -m32   conftest.c  >&5
conftest.c:66: warning: conflicting types for built-in function 'strcasecmp'
configure:6992: $? = 0
configure:6996: test -z 
			 || test ! -s conftest.err
configure:6999: $? = 0
configure:7002: test -s conftest
configure:7005: $? = 0
configure:7017: result: yes
configure:6929: checking for __argz_count
configure:6986: gcc -o conftest -O0 -g -DIs_True_On -m32   conftest.c  >&5
configure:6992: $? = 0
configure:6996: test -z 
			 || test ! -s conftest.err
configure:6999: $? = 0
configure:7002: test -s conftest
configure:7005: $? = 0
configure:7017: result: yes
configure:6929: checking for __argz_stringify
configure:6986: gcc -o conftest -O0 -g -DIs_True_On -m32   conftest.c  >&5
configure:6992: $? = 0
configure:6996: test -z 
			 || test ! -s conftest.err
configure:6999: $? = 0
configure:7002: test -s conftest
configure:7005: $? = 0
configure:7017: result: yes
configure:6929: checking for __argz_next
configure:6986: gcc -o conftest -O0 -g -DIs_True_On -m32   conftest.c  >&5
configure:6992: $? = 0
configure:6996: test -z 
			 || test ! -s conftest.err
configure:6999: $? = 0
configure:7002: test -s conftest
configure:7005: $? = 0
configure:7017: result: yes
configure:7033: checking for stpcpy
configure:7090: gcc -o conftest -O0 -g -DIs_True_On -m32   conftest.c  >&5
conftest.c:70: warning: conflicting types for built-in function 'stpcpy'
configure:7096: $? = 0
configure:7100: test -z 
			 || test ! -s conftest.err
configure:7103: $? = 0
configure:7106: test -s conftest
configure:7109: $? = 0
configure:7121: result: yes
configure:7141: checking for LC_MESSAGES
configure:7162: gcc -o conftest -O0 -g -DIs_True_On -m32   conftest.c  >&5
configure:7168: $? = 0
configure:7172: test -z 
			 || test ! -s conftest.err
configure:7175: $? = 0
configure:7178: test -s conftest
configure:7181: $? = 0
configure:7193: result: yes
configure:7203: checking whether NLS is requested
configure:7212: result: yes
configure:7219: checking whether included gettext is requested
configure:7229: result: no
configure:7248: checking libintl.h usability
configure:7260: gcc -c -O0 -g -DIs_True_On -m32  conftest.c >&5
configure:7266: $? = 0
configure:7270: test -z 
			 || test ! -s conftest.err
configure:7273: $? = 0
configure:7276: test -s conftest.o
configure:7279: $? = 0
configure:7289: result: yes
configure:7293: checking libintl.h presence
configure:7303: gcc -E  conftest.c
configure:7309: $? = 0
configure:7329: result: yes
configure:7364: checking for libintl.h
configure:7371: result: yes
configure:7376: checking for gettext in libc
configure:7397: gcc -o conftest -O0 -g -DIs_True_On -m32   conftest.c  >&5
configure:7403: $? = 0
configure:7407: test -z 
			 || test ! -s conftest.err
configure:7410: $? = 0
configure:7413: test -s conftest
configure:7416: $? = 0
configure:7428: result: yes
configure:7564: checking for msgfmt
configure:7591: result: /usr/bin/msgfmt
configure:7602: checking for dcgettext
configure:7659: gcc -o conftest -O0 -g -DIs_True_On -m32   conftest.c  >&5
conftest.c:74: warning: conflicting types for built-in function 'dcgettext'
configure:7665: $? = 0
configure:7669: test -z 
			 || test ! -s conftest.err
configure:7672: $? = 0
configure:7675: test -s conftest
configure:7678: $? = 0
configure:7690: result: yes
configure:7702: checking for gmsgfmt
configure:7733: result: /usr/bin/msgfmt
configure:7742: checking for xgettext
configure:7769: result: :
configure:7793: gcc -o conftest -O0 -g -DIs_True_On -m32   conftest.c  >&5
configure:7799: $? = 0
configure:7803: test -z 
			 || test ! -s conftest.err
configure:7806: $? = 0
configure:7809: test -s conftest
configure:7812: $? = 0
configure:8021: checking for catalogs to be installed
configure:8030: result:  fr sv tr es da de id pt_BR ro nl
configure:8287: checking for a BSD-compatible install
configure:8342: result: /usr/bin/install -c
configure:8361: checking for string.h
configure:8366: result: yes
configure:8361: checking for strings.h
configure:8366: result: yes
configure:8361: checking for stdlib.h
configure:8366: result: yes
configure:8849: creating ./config.status

## ---------------------- ##
## Running config.status. ##
## ---------------------- ##

This file was extended by config.status, which was
generated by GNU Autoconf 2.59.  Invocation command line was

  CONFIG_FILES    = 
  CONFIG_HEADERS  = 
  CONFIG_LINKS    = 
  CONFIG_COMMANDS = 
  $ ./config.status 

on adl-mp5

config.status:751: creating Makefile
config.status:751: creating po/Makefile.in
config.status:848: creating config.h
config.status:1218: executing depfiles commands
config.status:1218: executing default commands

## ---------------- ##
## Cache variables. ##
## ---------------- ##

ac_cv_archive_cmds_needs_lc=yes
ac_cv_build=i686-open64-linux-gnu
ac_cv_build_alias=i686-open64-linux
ac_cv_c_compiler_gnu=yes
ac_cv_c_const=yes
ac_cv_c_inline=inline
ac_cv_env_CC_set=set
ac_cv_env_CC_value=gcc
ac_cv_env_CFLAGS_set=set
ac_cv_env_CFLAGS_value='-O0 -g -DIs_True_On -m32'
ac_cv_env_CPPFLAGS_set=
ac_cv_env_CPPFLAGS_value=
ac_cv_env_CPP_set=
ac_cv_env_CPP_value=
ac_cv_env_LDFLAGS_set=set
ac_cv_env_LDFLAGS_value=
ac_cv_env_build_alias_set=set
ac_cv_env_build_alias_value=i686-open64-linux
ac_cv_env_host_alias_set=set
ac_cv_env_host_alias_value=i686-open64-linux
ac_cv_env_target_alias_set=set
ac_cv_env_target_alias_value=x86_64-open64-linux
ac_cv_exeext=
ac_cv_func___argz_count=yes
ac_cv_func___argz_next=yes
ac_cv_func___argz_stringify=yes
ac_cv_func_alloca_works=yes
ac_cv_func_dcgettext=yes
ac_cv_func_getcwd=yes
ac_cv_func_getpagesize=yes
ac_cv_func_mmap_fixed_mapped=yes
ac_cv_func_munmap=yes
ac_cv_func_putenv=yes
ac_cv_func_setenv=yes
ac_cv_func_setlocale=yes
ac_cv_func_stpcpy=yes
ac_cv_func_strcasecmp=yes
ac_cv_func_strchr=yes
ac_cv_header_argz_h=yes
ac_cv_header_inttypes_h=yes
ac_cv_header_libintl_h=yes
ac_cv_header_limits_h=yes
ac_cv_header_locale_h=yes
ac_cv_header_malloc_h=yes
ac_cv_header_memory_h=yes
ac_cv_header_nl_types_h=yes
ac_cv_header_stdc=yes
ac_cv_header_stdint_h=yes
ac_cv_header_stdlib_h=yes
ac_cv_header_string_h=yes
ac_cv_header_strings_h=yes
ac_cv_header_sys_param_h=yes
ac_cv_header_sys_stat_h=yes
ac_cv_header_sys_types_h=yes
ac_cv_header_unistd_h=yes
ac_cv_header_values_h=yes
ac_cv_host=i686-open64-linux-gnu
ac_cv_host_alias=i686-open64-linux
ac_cv_objext=o
ac_cv_path_GMSGFMT=/usr/bin/msgfmt
ac_cv_path_MSGFMT=/usr/bin/msgfmt
ac_cv_path_XGETTEXT=:
ac_cv_path_install='/usr/bin/install -c'
ac_cv_prog_AR=ar
ac_cv_prog_AWK=gawk
ac_cv_prog_CC=gcc
ac_cv_prog_CPP='gcc -E'
ac_cv_prog_RANLIB=ranlib
ac_cv_prog_ac_ct_STRIP=strip
ac_cv_prog_cc_can_build_shared=yes
ac_cv_prog_cc_g=yes
ac_cv_prog_cc_no_builtin=
ac_cv_prog_cc_pic=' -fPIC -DPIC'
ac_cv_prog_cc_pic_works=yes
ac_cv_prog_cc_shlib=
ac_cv_prog_cc_static=-static
ac_cv_prog_cc_static_works=yes
ac_cv_prog_cc_stdc=
ac_cv_prog_cc_wl=-Wl,
ac_cv_prog_egrep='grep -E'
ac_cv_prog_make_make_set=yes
ac_cv_search_strerror='none required'
ac_cv_target=x86_64-open64-linux-gnu
ac_cv_target_alias=x86_64-open64-linux
ac_cv_type_off_t=yes
ac_cv_type_size_t=yes
ac_cv_working_alloca_h=yes
am_cv_CC_dependencies_compiler_type=none
am_cv_val_LC_MESSAGES=yes
gt_cv_func_gettext_libc=yes
lt_cv_compiler_c_o=yes
lt_cv_deplibs_check_method=pass_all
lt_cv_file_magic_cmd='$MAGIC_CMD'
lt_cv_file_magic_test_file='/lib/libc.so.6 /lib/libc-2.4.so'
lt_cv_ld_reload_flag=-r
lt_cv_path_LD=ld
lt_cv_path_NM=nm
lt_cv_prog_gnu_ld=yes
lt_cv_sys_max_cmd_len=49153
nls_cv_force_use_gnu_gettext=no
nls_cv_header_intl=
nls_cv_header_libgt=
nls_cv_use_gnu_gettext=no

## ----------------- ##
## Output variables. ##
## ----------------- ##

ACLOCAL='aclocal-1.9'
ALLOCA=''
AMDEPBACKSLASH='\'
AMDEP_FALSE='#'
AMDEP_TRUE=''
AMTAR='tar'
AR='ar'
AUTOCONF='autoconf'
AUTOHEADER='autoheader'
AUTOMAKE='automake-1.9'
AWK='gawk'
BFD_MACHINES=' i386-dis.lo'
CATALOGS=' fr.gmo sv.gmo tr.gmo es.gmo da.gmo de.gmo id.gmo pt_BR.gmo ro.gmo nl.gmo'
CATOBJEXT='.gmo'
CC='gcc'
CCDEPMODE='depmode=none'
CC_FOR_BUILD='gcc'
CFLAGS='-O0 -g -DIs_True_On -m32'
CGEN_MAINT_FALSE=''
CGEN_MAINT_TRUE='#'
CPP='gcc -E'
CPPFLAGS=''
CYGPATH_W='echo'
DATADIRNAME='share'
DEFS='-DHAVE_CONFIG_H'
DEPDIR='.deps'
ECHO_C=''
ECHO_N='-n'
ECHO_T=''
EGREP='grep -E'
EXEEXT=''
EXEEXT_FOR_BUILD='$(EXEEXT)'
GMOFILES=' fr.gmo sv.gmo tr.gmo es.gmo da.gmo de.gmo id.gmo pt_BR.gmo ro.gmo nl.gmo'
GMSGFMT='/usr/bin/msgfmt'
GT_NO=''
GT_YES='#YES#'
HDEFINES=''
INCLUDE_LOCALE_H='#include <locale.h>'
INSTALL_DATA='${INSTALL} -m 644'
INSTALL_LIBBFD_FALSE=''
INSTALL_LIBBFD_TRUE='#'
INSTALL_PROGRAM='${INSTALL}'
INSTALL_SCRIPT='${INSTALL}'
INSTALL_STRIP_PROGRAM='${SHELL} $(install_sh) -c -s'
INSTOBJEXT='.mo'
INTLDEPS=''
INTLLIBS=''
INTLOBJS=''
LDFLAGS=''
LIBOBJS=''
LIBS=''
LIBTOOL='$(SHELL) $(top_builddir)/libtool'
LN_S='ln -s'
LTLIBOBJS=''
MAINT='#'
MAINTAINER_MODE_FALSE=''
MAINTAINER_MODE_TRUE='#'
MAKEINFO='/proj/opensrc_nobackup/zhiweic/SVN/puretrunk/osprey/cygnus/missing makeinfo'
MKINSTALLDIRS='$(srcdir)/../../mkinstalldirs'
MSGFMT='/usr/bin/msgfmt'
OBJEXT='o'
PACKAGE='opcodes'
PACKAGE_BUGREPORT=''
PACKAGE_NAME=''
PACKAGE_STRING=''
PACKAGE_TARNAME=''
PACKAGE_VERSION=''
PATH_SEPARATOR=':'
POFILES=' fr.po sv.po tr.po es.po da.po de.po id.po pt_BR.po ro.po nl.po'
POSUB='po'
RANLIB='ranlib'
SET_MAKE=''
SHELL='/bin/sh'
STRIP='strip'
USE_INCLUDED_LIBINTL='no'
USE_NLS='yes'
VERSION='2.16.1'
WARN_CFLAGS='-W -Wall -Wstrict-prototypes -Wmissing-prototypes'
WIN32LDFLAGS=''
WIN32LIBADD=''
XGETTEXT=':'
ac_ct_AR=''
ac_ct_CC=''
ac_ct_RANLIB=''
ac_ct_STRIP='strip'
am__fastdepCC_FALSE=''
am__fastdepCC_TRUE='#'
am__include='include'
am__leading_dot='.'
am__quote=''
am__tar='${AMTAR} chof - "$$tardir"'
am__untar='${AMTAR} xf -'
archdefs=' -DARCH_i386'
bfdincludedir='$(exec_prefix)/$(host_noncanonical)/$(target_noncanonical)/include'
bfdlibdir='$(exec_prefix)/$(host_noncanonical)/$(target_noncanonical)/lib'
bindir='${exec_prefix}/bin'
build='i686-open64-linux-gnu'
build_alias='i686-open64-linux'
build_cpu='i686'
build_os='linux-gnu'
build_vendor='open64'
cgendir='$(srcdir)/../cgen'
datadir='${prefix}/share'
exec_prefix='${prefix}'
host='i686-open64-linux-gnu'
host_alias='i686-open64-linux'
host_cpu='i686'
host_noncanonical='i686-open64-linux'
host_os='linux-gnu'
host_vendor='open64'
includedir='${prefix}/include'
infodir='${prefix}/info'
install_sh='/proj/opensrc_nobackup/zhiweic/SVN/puretrunk/osprey/cygnus/install-sh'
l=''
libdir='${exec_prefix}/lib'
libexecdir='${exec_prefix}/libexec'
localstatedir='${prefix}/var'
mandir='${prefix}/man'
mkdir_p='mkdir -p --'
oldincludedir='/usr/include'
prefix='/usr/x8664-linux'
program_transform_name='s,^,x86_64-open64-linux-,;'
sbindir='${exec_prefix}/sbin'
sharedstatedir='${prefix}/com'
sysconfdir='${prefix}/etc'
target='x86_64-open64-linux-gnu'
target_alias='x86_64-open64-linux'
target_cpu='x86_64'
target_noncanonical='x86_64-open64-linux'
target_os='linux-gnu'
target_vendor='open64'

## ----------- ##
## confdefs.h. ##
## ----------- ##

#define ENABLE_NLS 1
#define HAVE_ALLOCA 1
#define HAVE_ALLOCA_H 1
#define HAVE_ARGZ_H 1
#define HAVE_DCGETTEXT 1
#define HAVE_GETCWD 1
#define HAVE_GETPAGESIZE 1
#define HAVE_GETTEXT 1
#define HAVE_INTTYPES_H 1
#define HAVE_LC_MESSAGES 1
#define HAVE_LIMITS_H 1
#define HAVE_LOCALE_H 1
#define HAVE_MALLOC_H 1
#define HAVE_MEMORY_H 1
#define HAVE_MMAP 1
#define HAVE_MUNMAP 1
#define HAVE_NL_TYPES_H 1
#define HAVE_PUTENV 1
#define HAVE_SETENV 1
#define HAVE_SETLOCALE 1
#define HAVE_STDINT_H 1
#define HAVE_STDLIB_H 1
#define HAVE_STDLIB_H 1
#define HAVE_STDLIB_H 1
#define HAVE_STPCPY 1
#define HAVE_STPCPY 1
#define HAVE_STRCASECMP 1
#define HAVE_STRCHR 1
#define HAVE_STRINGS_H 1
#define HAVE_STRINGS_H 1
#define HAVE_STRING_H 1
#define HAVE_STRING_H 1
#define HAVE_STRING_H 1
#define HAVE_SYS_PARAM_H 1
#define HAVE_SYS_STAT_H 1
#define HAVE_SYS_TYPES_H 1
#define HAVE_UNISTD_H 1
#define HAVE_UNISTD_H 1
#define HAVE_UNISTD_H 1
#define HAVE_VALUES_H 1
#define HAVE___ARGZ_COUNT 1
#define HAVE___ARGZ_NEXT 1
#define HAVE___ARGZ_STRINGIFY 1
#define PACKAGE "opcodes"
#define PACKAGE_BUGREPORT ""
#define PACKAGE_NAME ""
#define PACKAGE_STRING ""
#define PACKAGE_TARNAME ""
#define PACKAGE_VERSION ""
#define STDC_HEADERS 1
#define VERSION "2.16.1"

configure: exit 0
