This file contains any messages produced by compilers while
running configure, to aid debugging if configure makes a mistake.

It was created by libdecnumber configure  , which was
generated by GNU Autoconf 2.59.  Invocation command line was

  $ /proj/opensrc_nobackup/zhiweic/SVN/puretrunk/osprey-gcc-4.2.0/libdecnumber/configure --cache-file=./config.cache --build=x86_64-redhat-linux --host=x86_64-redhat-linux --target=x86_64-redhat-linux --prefix=/open64-gcc-4.2.0 --with-gnu-as --with-gnu-ld --disable-bootstrap --disable-libmudflap --disable-libssp --enable-threads=posix --disable-checking --enable-tls --with-system-zlib --enable-__cxa_atexit --enable-languages=c,c++ --program-transform-name=s,y,y, --srcdir=../../libdecnumber

## --------- ##
## Platform. ##
## --------- ##

hostname = adl-mp5
uname -m = x86_64
uname -r = 2.6.16.60-0.21-smp
uname -s = Linux
uname -v = #1 SMP Tue May 6 12:41:02 UTC 2008

/usr/bin/uname -p = unknown
/bin/uname -X     = unknown

/bin/arch              = x86_64
/usr/bin/arch -k       = unknown
/usr/convex/getsysinfo = unknown
hostinfo               = unknown
/bin/machine           = unknown
/usr/bin/oslevel       = unknown
/bin/universe          = unknown

PATH: #COMP_ROOT/usr/bin
PATH: /proj/opensrc_nobackup/zhiweic/gcc-4.2.4-prefix/bin
PATH: /proj/opensrc_nobackup/zhiweic/open64-puresvn-prefix/bin
PATH: /proj/vsop/drop2/stage/latest/usr/bin
PATH: /proj/opensrc_nobackup/zhiweic/gcc-4.2.4-prefix/bin
PATH: /proj/opensrc_nobackup/zhiweic/open64-SVN-prefix/bin
PATH: /usr/local/bin
PATH: /bin
PATH: /usr/bin
PATH: /usr/X11R6/bin
PATH: .
PATH: /home/zhiweic/software/x86_64/bin/
PATH: /home/zhiweic/software/x86_64/bin/


## ----------- ##
## Core tests. ##
## ----------- ##

configure:1220: creating cache ./config.cache
configure:1322: checking whether make sets $(MAKE)
configure:1342: result: yes
configure:1359: checking for x86_64-redhat-linux-gcc
configure:1385: result: gcc -m32 -DTARG_X8664
configure:1667: checking for C compiler version
configure:1670: gcc -m32 -DTARG_X8664 --version </dev/null >&5
gcc (GCC) 4.2.4
Copyright (C) 2007 Free Software Foundation, Inc.
This is free software; see the source for copying conditions.  There is NO
warranty; not even for MERCHANTABILITY or FITNESS FOR A PARTICULAR PURPOSE.

configure:1673: $? = 0
configure:1675: gcc -m32 -DTARG_X8664 -v </dev/null >&5
Using built-in specs.
Target: x86_64-unknown-linux-gnu
Configured with: ./configure --prefix=/proj/opensrc_nobackup/zhiweic/gcc-4.2.4-prefix --enable-libstdcxx-debug
Thread model: posix
gcc version 4.2.4
configure:1678: $? = 0
configure:1680: gcc -m32 -DTARG_X8664 -V </dev/null >&5
gcc: '-V' must come at the start of the command line
configure:1683: $? = 1
configure:1706: checking for C compiler default output file name
configure:1709: gcc -m32 -DTARG_X8664 -O0 -g -DIs_True_On   conftest.c  >&5
configure:1712: $? = 0
configure:1758: result: a.out
configure:1763: checking whether the C compiler works
configure:1769: ./a.out
configure:1772: $? = 0
configure:1789: result: yes
configure:1796: checking whether we are cross compiling
configure:1798: result: no
configure:1801: checking for suffix of executables
configure:1803: gcc -m32 -DTARG_X8664 -o conftest -O0 -g -DIs_True_On   conftest.c  >&5
configure:1806: $? = 0
configure:1831: result: 
configure:1837: checking for suffix of object files
configure:1858: gcc -m32 -DTARG_X8664 -c -O0 -g -DIs_True_On  conftest.c >&5
configure:1861: $? = 0
configure:1883: result: o
configure:1887: checking whether we are using the GNU C compiler
configure:1911: gcc -m32 -DTARG_X8664 -c -O0 -g -DIs_True_On  conftest.c >&5
configure:1917: $? = 0
configure:1921: test -z 
			 || test ! -s conftest.err
configure:1924: $? = 0
configure:1927: test -s conftest.o
configure:1930: $? = 0
configure:1943: result: yes
configure:1949: checking whether gcc -m32 -DTARG_X8664 accepts -g
configure:1970: gcc -m32 -DTARG_X8664 -c -g  conftest.c >&5
configure:1976: $? = 0
configure:1980: test -z 
			 || test ! -s conftest.err
configure:1983: $? = 0
configure:1986: test -s conftest.o
configure:1989: $? = 0
configure:2000: result: yes
configure:2017: checking for gcc -m32 -DTARG_X8664 option to accept ANSI C
configure:2087: gcc -m32 -DTARG_X8664  -c -O0 -g -DIs_True_On  conftest.c >&5
configure:2093: $? = 0
configure:2097: test -z 
			 || test ! -s conftest.err
configure:2100: $? = 0
configure:2103: test -s conftest.o
configure:2106: $? = 0
configure:2124: result: none needed
configure:2142: gcc -m32 -DTARG_X8664 -c -O0 -g -DIs_True_On  conftest.c >&5
conftest.c:2: error: expected '=', ',', ';', 'asm' or '__attribute__' before 'me'
configure:2148: $? = 1
configure: failed program was:
| #ifndef __cplusplus
|   choke me
| #endif
configure:2284: checking for x86_64-redhat-linux-ranlib
configure:2310: result: ranlib
configure:2367: checking for aclocal
configure:2383: found /usr/bin/aclocal
configure:2393: result: aclocal
configure:2408: checking for autoconf
configure:2424: found /usr/bin/autoconf
configure:2434: result: autoconf
configure:2449: checking for autoheader
configure:2465: found /usr/bin/autoheader
configure:2475: result: autoheader
configure:2498: checking whether gcc -m32 -DTARG_X8664 supports -W
configure:2520: gcc -m32 -DTARG_X8664 -c -W  conftest.c >&5
configure:2526: $? = 0
configure:2530: test -z 
			 || test ! -s conftest.err
configure:2533: $? = 0
configure:2536: test -s conftest.o
configure:2539: $? = 0
configure:2551: result: yes
configure:2498: checking whether gcc -m32 -DTARG_X8664 supports -Wall
configure:2520: gcc -m32 -DTARG_X8664 -c -Wall  conftest.c >&5
configure:2526: $? = 0
configure:2530: test -z 
			 || test ! -s conftest.err
configure:2533: $? = 0
configure:2536: test -s conftest.o
configure:2539: $? = 0
configure:2551: result: yes
configure:2498: checking whether gcc -m32 -DTARG_X8664 supports -Wwrite-strings
configure:2520: gcc -m32 -DTARG_X8664 -c -Wwrite-strings  conftest.c >&5
configure:2526: $? = 0
configure:2530: test -z 
			 || test ! -s conftest.err
configure:2533: $? = 0
configure:2536: test -s conftest.o
configure:2539: $? = 0
configure:2551: result: yes
configure:2498: checking whether gcc -m32 -DTARG_X8664 supports -Wstrict-prototypes
configure:2520: gcc -m32 -DTARG_X8664 -c -Wstrict-prototypes  conftest.c >&5
conftest.c:12: warning: function declaration isn't a prototype
configure:2526: $? = 0
configure:2530: test -z 
			 || test ! -s conftest.err
configure:2533: $? = 0
configure:2536: test -s conftest.o
configure:2539: $? = 0
configure:2551: result: yes
configure:2498: checking whether gcc -m32 -DTARG_X8664 supports -Wmissing-prototypes
configure:2520: gcc -m32 -DTARG_X8664 -c -Wmissing-prototypes  conftest.c >&5
configure:2526: $? = 0
configure:2530: test -z 
			 || test ! -s conftest.err
configure:2533: $? = 0
configure:2536: test -s conftest.o
configure:2539: $? = 0
configure:2551: result: yes
configure:2498: checking whether gcc -m32 -DTARG_X8664 supports -Wold-style-definition
configure:2520: gcc -m32 -DTARG_X8664 -c -Wold-style-definition  conftest.c >&5
conftest.c: In function 'main':
conftest.c:12: warning: old-style function definition
configure:2526: $? = 0
configure:2530: test -z 
			 || test ! -s conftest.err
configure:2533: $? = 0
configure:2536: test -s conftest.o
configure:2539: $? = 0
configure:2551: result: yes
configure:2498: checking whether gcc -m32 -DTARG_X8664 supports -Wmissing-format-attribute
configure:2520: gcc -m32 -DTARG_X8664 -c -Wmissing-format-attribute  conftest.c >&5
configure:2526: $? = 0
configure:2530: test -z 
			 || test ! -s conftest.err
configure:2533: $? = 0
configure:2536: test -s conftest.o
configure:2539: $? = 0
configure:2551: result: yes
configure:2498: checking whether gcc -m32 -DTARG_X8664 supports -Wcast-qual
configure:2520: gcc -m32 -DTARG_X8664 -c -Wcast-qual  conftest.c >&5
configure:2526: $? = 0
configure:2530: test -z 
			 || test ! -s conftest.err
configure:2533: $? = 0
configure:2536: test -s conftest.o
configure:2539: $? = 0
configure:2551: result: yes
configure:2562: checking whether gcc -m32 -DTARG_X8664 supports -pedantic -Wno-long-long
configure:2585: gcc -m32 -DTARG_X8664 -c -pedantic -Wno-long-long  conftest.c >&5
configure:2591: $? = 0
configure:2595: test -z 
			 || test ! -s conftest.err
configure:2598: $? = 0
configure:2601: test -s conftest.o
configure:2604: $? = 0
configure:2616: result: yes
configure:2649: checking how to run the C preprocessor
configure:2684: gcc -m32 -DTARG_X8664 -E  conftest.c
configure:2690: $? = 0
configure:2722: gcc -m32 -DTARG_X8664 -E  conftest.c
conftest.c:9:28: error: ac_nonexistent.h: No such file or directory
configure:2728: $? = 1
configure: failed program was:
| /* confdefs.h.  */
| 
| #define PACKAGE_NAME "libdecnumber"
| #define PACKAGE_TARNAME "libdecnumber"
| #define PACKAGE_VERSION " "
| #define PACKAGE_STRING "libdecnumber  "
| #define PACKAGE_BUGREPORT "gcc-bugs@gcc.gnu.org"
| /* end confdefs.h.  */
| #include <ac_nonexistent.h>
configure:2767: result: gcc -m32 -DTARG_X8664 -E
configure:2791: gcc -m32 -DTARG_X8664 -E  conftest.c
configure:2797: $? = 0
configure:2829: gcc -m32 -DTARG_X8664 -E  conftest.c
conftest.c:9:28: error: ac_nonexistent.h: No such file or directory
configure:2835: $? = 1
configure: failed program was:
| /* confdefs.h.  */
| 
| #define PACKAGE_NAME "libdecnumber"
| #define PACKAGE_TARNAME "libdecnumber"
| #define PACKAGE_VERSION " "
| #define PACKAGE_STRING "libdecnumber  "
| #define PACKAGE_BUGREPORT "gcc-bugs@gcc.gnu.org"
| /* end confdefs.h.  */
| #include <ac_nonexistent.h>
configure:2879: checking for egrep
configure:2889: result: grep -E
configure:2894: checking for ANSI C header files
configure:2919: gcc -m32 -DTARG_X8664 -c -O0 -g -DIs_True_On  conftest.c >&5
configure:2925: $? = 0
configure:2929: test -z 
			 || test ! -s conftest.err
configure:2932: $? = 0
configure:2935: test -s conftest.o
configure:2938: $? = 0
configure:3027: gcc -m32 -DTARG_X8664 -o conftest -O0 -g -DIs_True_On   conftest.c  >&5
conftest.c: In function 'main':
conftest.c:26: warning: incompatible implicit declaration of built-in function 'exit'
configure:3030: $? = 0
configure:3032: ./conftest
configure:3035: $? = 0
configure:3050: result: yes
configure:3074: checking for sys/types.h
configure:3090: gcc -m32 -DTARG_X8664 -c -O0 -g -DIs_True_On  conftest.c >&5
configure:3096: $? = 0
configure:3100: test -z 
			 || test ! -s conftest.err
configure:3103: $? = 0
configure:3106: test -s conftest.o
configure:3109: $? = 0
configure:3120: result: yes
configure:3074: checking for sys/stat.h
configure:3090: gcc -m32 -DTARG_X8664 -c -O0 -g -DIs_True_On  conftest.c >&5
configure:3096: $? = 0
configure:3100: test -z 
			 || test ! -s conftest.err
configure:3103: $? = 0
configure:3106: test -s conftest.o
configure:3109: $? = 0
configure:3120: result: yes
configure:3074: checking for stdlib.h
configure:3090: gcc -m32 -DTARG_X8664 -c -O0 -g -DIs_True_On  conftest.c >&5
configure:3096: $? = 0
configure:3100: test -z 
			 || test ! -s conftest.err
configure:3103: $? = 0
configure:3106: test -s conftest.o
configure:3109: $? = 0
configure:3120: result: yes
configure:3074: checking for string.h
configure:3090: gcc -m32 -DTARG_X8664 -c -O0 -g -DIs_True_On  conftest.c >&5
configure:3096: $? = 0
configure:3100: test -z 
			 || test ! -s conftest.err
configure:3103: $? = 0
configure:3106: test -s conftest.o
configure:3109: $? = 0
configure:3120: result: yes
configure:3074: checking for memory.h
configure:3090: gcc -m32 -DTARG_X8664 -c -O0 -g -DIs_True_On  conftest.c >&5
configure:3096: $? = 0
configure:3100: test -z 
			 || test ! -s conftest.err
configure:3103: $? = 0
configure:3106: test -s conftest.o
configure:3109: $? = 0
configure:3120: result: yes
configure:3074: checking for strings.h
configure:3090: gcc -m32 -DTARG_X8664 -c -O0 -g -DIs_True_On  conftest.c >&5
configure:3096: $? = 0
configure:3100: test -z 
			 || test ! -s conftest.err
configure:3103: $? = 0
configure:3106: test -s conftest.o
configure:3109: $? = 0
configure:3120: result: yes
configure:3074: checking for inttypes.h
configure:3090: gcc -m32 -DTARG_X8664 -c -O0 -g -DIs_True_On  conftest.c >&5
configure:3096: $? = 0
configure:3100: test -z 
			 || test ! -s conftest.err
configure:3103: $? = 0
configure:3106: test -s conftest.o
configure:3109: $? = 0
configure:3120: result: yes
configure:3074: checking for stdint.h
configure:3090: gcc -m32 -DTARG_X8664 -c -O0 -g -DIs_True_On  conftest.c >&5
configure:3096: $? = 0
configure:3100: test -z 
			 || test ! -s conftest.err
configure:3103: $? = 0
configure:3106: test -s conftest.o
configure:3109: $? = 0
configure:3120: result: yes
configure:3074: checking for unistd.h
configure:3090: gcc -m32 -DTARG_X8664 -c -O0 -g -DIs_True_On  conftest.c >&5
configure:3096: $? = 0
configure:3100: test -z 
			 || test ! -s conftest.err
configure:3103: $? = 0
configure:3106: test -s conftest.o
configure:3109: $? = 0
configure:3120: result: yes
configure:3149: checking ctype.h usability
configure:3161: gcc -m32 -DTARG_X8664 -c -O0 -g -DIs_True_On  conftest.c >&5
configure:3167: $? = 0
configure:3171: test -z 
			 || test ! -s conftest.err
configure:3174: $? = 0
configure:3177: test -s conftest.o
configure:3180: $? = 0
configure:3190: result: yes
configure:3194: checking ctype.h presence
configure:3204: gcc -m32 -DTARG_X8664 -E  conftest.c
configure:3210: $? = 0
configure:3230: result: yes
configure:3265: checking for ctype.h
configure:3272: result: yes
configure:3149: checking stddef.h usability
configure:3161: gcc -m32 -DTARG_X8664 -c -O0 -g -DIs_True_On  conftest.c >&5
configure:3167: $? = 0
configure:3171: test -z 
			 || test ! -s conftest.err
configure:3174: $? = 0
configure:3177: test -s conftest.o
configure:3180: $? = 0
configure:3190: result: yes
configure:3194: checking stddef.h presence
configure:3204: gcc -m32 -DTARG_X8664 -E  conftest.c
configure:3210: $? = 0
configure:3230: result: yes
configure:3265: checking for stddef.h
configure:3272: result: yes
configure:3140: checking for string.h
configure:3145: result: yes
configure:3149: checking stdio.h usability
configure:3161: gcc -m32 -DTARG_X8664 -c -O0 -g -DIs_True_On  conftest.c >&5
configure:3167: $? = 0
configure:3171: test -z 
			 || test ! -s conftest.err
configure:3174: $? = 0
configure:3177: test -s conftest.o
configure:3180: $? = 0
configure:3190: result: yes
configure:3194: checking stdio.h presence
configure:3204: gcc -m32 -DTARG_X8664 -E  conftest.c
configure:3210: $? = 0
configure:3230: result: yes
configure:3265: checking for stdio.h
configure:3272: result: yes
configure:3298: checking for uintmax_t
configure:3324: gcc -m32 -DTARG_X8664 -c -O0 -g -DIs_True_On  conftest.c >&5
configure:3330: $? = 0
configure:3334: test -z 
			 || test ! -s conftest.err
configure:3337: $? = 0
configure:3340: test -s conftest.o
configure:3343: $? = 0
configure:3354: result: yes
configure:3362: checking for uintptr_t
configure:3388: gcc -m32 -DTARG_X8664 -c -O0 -g -DIs_True_On  conftest.c >&5
configure:3394: $? = 0
configure:3398: test -z 
			 || test ! -s conftest.err
configure:3401: $? = 0
configure:3404: test -s conftest.o
configure:3407: $? = 0
configure:3418: result: yes
configure:3426: checking for int_least32_t
configure:3452: gcc -m32 -DTARG_X8664 -c -O0 -g -DIs_True_On  conftest.c >&5
configure:3458: $? = 0
configure:3462: test -z 
			 || test ! -s conftest.err
configure:3465: $? = 0
configure:3468: test -s conftest.o
configure:3471: $? = 0
configure:3482: result: yes
configure:3490: checking for int_fast32_t
configure:3516: gcc -m32 -DTARG_X8664 -c -O0 -g -DIs_True_On  conftest.c >&5
configure:3522: $? = 0
configure:3526: test -z 
			 || test ! -s conftest.err
configure:3529: $? = 0
configure:3532: test -s conftest.o
configure:3535: $? = 0
configure:3546: result: yes
configure:3554: checking for uint64_t
configure:3580: gcc -m32 -DTARG_X8664 -c -O0 -g -DIs_True_On  conftest.c >&5
configure:3586: $? = 0
configure:3590: test -z 
			 || test ! -s conftest.err
configure:3593: $? = 0
configure:3596: test -s conftest.o
configure:3599: $? = 0
configure:3610: result: yes
configure:3956: checking what to include in gstdint.h
configure:3976: result: stdint.h (already complete)
configure:6134: checking for an ANSI C-conforming const
configure:6201: gcc -m32 -DTARG_X8664 -c -O0 -g -DIs_True_On  conftest.c >&5
configure:6207: $? = 0
configure:6211: test -z 
			 || test ! -s conftest.err
configure:6214: $? = 0
configure:6217: test -s conftest.o
configure:6220: $? = 0
configure:6231: result: yes
configure:6241: checking for off_t
configure:6265: gcc -m32 -DTARG_X8664 -c -O0 -g -DIs_True_On  conftest.c >&5
configure:6271: $? = 0
configure:6275: test -z 
			 || test ! -s conftest.err
configure:6278: $? = 0
configure:6281: test -s conftest.o
configure:6284: $? = 0
configure:6295: result: yes
configure:6307: checking for int
configure:6331: gcc -m32 -DTARG_X8664 -c -O0 -g -DIs_True_On  conftest.c >&5
configure:6337: $? = 0
configure:6341: test -z 
			 || test ! -s conftest.err
configure:6344: $? = 0
configure:6347: test -s conftest.o
configure:6350: $? = 0
configure:6361: result: yes
configure:6364: checking size of int
configure:6683: gcc -m32 -DTARG_X8664 -o conftest -O0 -g -DIs_True_On   conftest.c  >&5
configure:6686: $? = 0
configure:6688: ./conftest
configure:6691: $? = 0
configure:6714: result: 4
configure:6721: checking for long
configure:6745: gcc -m32 -DTARG_X8664 -c -O0 -g -DIs_True_On  conftest.c >&5
configure:6751: $? = 0
configure:6755: test -z 
			 || test ! -s conftest.err
configure:6758: $? = 0
configure:6761: test -s conftest.o
configure:6764: $? = 0
configure:6775: result: yes
configure:6778: checking size of long
configure:7097: gcc -m32 -DTARG_X8664 -o conftest -O0 -g -DIs_True_On   conftest.c  >&5
configure:7100: $? = 0
configure:7102: ./conftest
configure:7105: $? = 0
configure:7128: result: 4
configure:7137: checking for ANSI C header files
configure:7293: result: yes
configure:7420: creating ./config.status

## ---------------------- ##
## Running config.status. ##
## ---------------------- ##

This file was extended by libdecnumber config.status  , which was
generated by GNU Autoconf 2.59.  Invocation command line was

  CONFIG_FILES    = 
  CONFIG_HEADERS  = 
  CONFIG_LINKS    = 
  CONFIG_COMMANDS = 
  $ ./config.status 

on adl-mp5

config.status:680: creating Makefile
config.status:776: creating config.h
config.status:1054: executing gstdint.h commands

## ---------------- ##
## Cache variables. ##
## ---------------- ##

ac_cv_c_compiler_gnu=yes
ac_cv_c_const=yes
ac_cv_env_CC_set=set
ac_cv_env_CC_value='gcc -m32 -DTARG_X8664'
ac_cv_env_CFLAGS_set=set
ac_cv_env_CFLAGS_value='-O0 -g -DIs_True_On'
ac_cv_env_CPPFLAGS_set=
ac_cv_env_CPPFLAGS_value=
ac_cv_env_CPP_set=
ac_cv_env_CPP_value=
ac_cv_env_LDFLAGS_set=set
ac_cv_env_LDFLAGS_value=
ac_cv_env_build_alias_set=set
ac_cv_env_build_alias_value=x86_64-redhat-linux
ac_cv_env_host_alias_set=set
ac_cv_env_host_alias_value=x86_64-redhat-linux
ac_cv_env_target_alias_set=set
ac_cv_env_target_alias_value=x86_64-redhat-linux
ac_cv_exeext=
ac_cv_header_ctype_h=yes
ac_cv_header_inttypes_h=yes
ac_cv_header_memory_h=yes
ac_cv_header_stdc=yes
ac_cv_header_stddef_h=yes
ac_cv_header_stdint_h=yes
ac_cv_header_stdio_h=yes
ac_cv_header_stdlib_h=yes
ac_cv_header_string_h=yes
ac_cv_header_strings_h=yes
ac_cv_header_sys_stat_h=yes
ac_cv_header_sys_types_h=yes
ac_cv_header_unistd_h=yes
ac_cv_objext=o
ac_cv_prog_ACLOCAL=aclocal
ac_cv_prog_AUTOCONF=autoconf
ac_cv_prog_AUTOHEADER=autoheader
ac_cv_prog_CC='gcc -m32 -DTARG_X8664'
ac_cv_prog_CPP='gcc -m32 -DTARG_X8664 -E'
ac_cv_prog_RANLIB=ranlib
ac_cv_prog_cc_g=yes
ac_cv_prog_cc_stdc=
ac_cv_prog_egrep='grep -E'
ac_cv_prog_make_make_set=yes
ac_cv_sizeof_int=4
ac_cv_sizeof_long=4
ac_cv_type_int=yes
ac_cv_type_int_fast32_t=yes
ac_cv_type_int_least32_t=yes
ac_cv_type_long=yes
ac_cv_type_off_t=yes
ac_cv_type_u_int64_t=no
ac_cv_type_uint64_t=yes
ac_cv_type_uintmax_t=yes
ac_cv_type_uintptr_t=yes
acx_cv_header_stdint=stdint.h
acx_cv_header_stdint_kind='(already complete)'
acx_cv_prog_cc_pedantic__Wno_long_long=yes
acx_cv_prog_cc_warning__W=yes
acx_cv_prog_cc_warning__Wall=yes
acx_cv_prog_cc_warning__Wcast_qual=yes
acx_cv_prog_cc_warning__Wmissing_format_attribute=yes
acx_cv_prog_cc_warning__Wmissing_prototypes=yes
acx_cv_prog_cc_warning__Wold_style_definition=yes
acx_cv_prog_cc_warning__Wstrict_prototypes=yes
acx_cv_prog_cc_warning__Wwrite_strings=yes

## ----------------- ##
## Output variables. ##
## ----------------- ##

ACLOCAL='aclocal'
AUTOCONF='autoconf'
AUTOHEADER='autoheader'
CC='gcc -m32 -DTARG_X8664'
CFLAGS='-O0 -g -DIs_True_On'
CPP='gcc -m32 -DTARG_X8664 -E'
CPPFLAGS=''
DEFS='-DHAVE_CONFIG_H'
ECHO_C=''
ECHO_N='-n'
ECHO_T=''
EGREP='grep -E'
EXEEXT=''
LDFLAGS=''
LIBOBJS=''
LIBS=''
LTLIBOBJS=''
MAINT='#'
OBJEXT='o'
PACKAGE_BUGREPORT='gcc-bugs@gcc.gnu.org'
PACKAGE_NAME='libdecnumber'
PACKAGE_STRING='libdecnumber  '
PACKAGE_TARNAME='libdecnumber'
PACKAGE_VERSION=' '
PATH_SEPARATOR=':'
RANLIB='ranlib'
SET_MAKE=''
SHELL='/bin/sh'
WARN_CFLAGS='-W -Wall -Wwrite-strings -Wstrict-prototypes -Wmissing-prototypes -Wold-style-definition -Wmissing-format-attribute -Wcast-qual'
WARN_PEDANTIC='-pedantic -Wno-long-long'
WERROR=''
ac_ct_CC=''
ac_ct_RANLIB=''
bindir='${exec_prefix}/bin'
build_alias='x86_64-redhat-linux'
datadir='${prefix}/share'
exec_prefix='${prefix}'
host_alias='x86_64-redhat-linux'
includedir='${prefix}/include'
infodir='${prefix}/info'
libdir='${exec_prefix}/lib'
libexecdir='${exec_prefix}/libexec'
localstatedir='${prefix}/var'
mandir='${prefix}/man'
oldincludedir='/usr/include'
prefix='/open64-gcc-4.2.0'
program_transform_name='s,y,y,'
sbindir='${exec_prefix}/sbin'
sharedstatedir='${prefix}/com'
sysconfdir='${prefix}/etc'
target_alias='x86_64-redhat-linux'

## ----------- ##
## confdefs.h. ##
## ----------- ##

#define HAVE_CTYPE_H 1
#define HAVE_INTTYPES_H 1
#define HAVE_MEMORY_H 1
#define HAVE_STDDEF_H 1
#define HAVE_STDINT_H 1
#define HAVE_STDIO_H 1
#define HAVE_STDLIB_H 1
#define HAVE_STRINGS_H 1
#define HAVE_STRING_H 1
#define HAVE_STRING_H 1
#define HAVE_SYS_STAT_H 1
#define HAVE_SYS_TYPES_H 1
#define HAVE_UNISTD_H 1
#define PACKAGE_BUGREPORT "gcc-bugs@gcc.gnu.org"
#define PACKAGE_NAME "libdecnumber"
#define PACKAGE_STRING "libdecnumber  "
#define PACKAGE_TARNAME "libdecnumber"
#define PACKAGE_VERSION " "
#define SIZEOF_INT 4
#define SIZEOF_LONG 4
#define STDC_HEADERS 1
#define STDC_HEADERS 1

configure: exit 0
