This file contains any messages produced by compilers while
running configure, to aid debugging if configure makes a mistake.

It was created by configure, which was
generated by GNU Autoconf 2.59.  Invocation command line was

  $ /proj/opensrc_nobackup/zhiweic/SVN/puretrunk/osprey/cygnus/bfd/configure --cache-file=./config.cache --build=i686-open64-linux --host=i686-open64-linux --target=x86_64-open64-linux --with-gnu-ld --prefix=/usr/x8664-linux --program-transform-name=s,^,x86_64-open64-linux-,;  --srcdir=../../cygnus/bfd

## --------- ##
## Platform. ##
## --------- ##

hostname = adl-mp5
uname -m = x86_64
uname -r = 2.6.16.60-0.21-smp
uname -s = Linux
uname -v = #1 SMP Tue May 6 12:41:02 UTC 2008

/usr/bin/uname -p = unknown
/bin/uname -X     = unknown

/bin/arch              = x86_64
/usr/bin/arch -k       = unknown
/usr/convex/getsysinfo = unknown
hostinfo               = unknown
/bin/machine           = unknown
/usr/bin/oslevel       = unknown
/bin/universe          = unknown

PATH: #COMP_ROOT/usr/bin
PATH: /proj/opensrc_nobackup/zhiweic/gcc-4.2.4-prefix/bin
PATH: /proj/opensrc_nobackup/zhiweic/open64-puresvn-prefix/bin
PATH: /proj/vsop/drop2/stage/latest/usr/bin
PATH: /proj/opensrc_nobackup/zhiweic/gcc-4.2.4-prefix/bin
PATH: /proj/opensrc_nobackup/zhiweic/open64-SVN-prefix/bin
PATH: /usr/local/bin
PATH: /bin
PATH: /usr/bin
PATH: /usr/X11R6/bin
PATH: .
PATH: /home/zhiweic/software/x86_64/bin/
PATH: /home/zhiweic/software/x86_64/bin/


## ----------- ##
## Core tests. ##
## ----------- ##

configure:1243: creating cache ./config.cache
configure:1356: checking build system type
configure:1374: result: i686-open64-linux-gnu
configure:1382: checking host system type
configure:1396: result: i686-open64-linux-gnu
configure:1404: checking target system type
configure:1418: result: x86_64-open64-linux-gnu
configure:1440: checking for i686-open64-linux-gcc
configure:1466: result: gcc
configure:1748: checking for C compiler version
configure:1751: gcc --version </dev/null >&5
gcc (GCC) 4.2.4
Copyright (C) 2007 Free Software Foundation, Inc.
This is free software; see the source for copying conditions.  There is NO
warranty; not even for MERCHANTABILITY or FITNESS FOR A PARTICULAR PURPOSE.

configure:1754: $? = 0
configure:1756: gcc -v </dev/null >&5
Using built-in specs.
Target: x86_64-unknown-linux-gnu
Configured with: ./configure --prefix=/proj/opensrc_nobackup/zhiweic/gcc-4.2.4-prefix --enable-libstdcxx-debug
Thread model: posix
gcc version 4.2.4
configure:1759: $? = 0
configure:1761: gcc -V </dev/null >&5
gcc: '-V' option must have argument
configure:1764: $? = 1
configure:1787: checking for C compiler default output file name
configure:1790: gcc -O0 -g -DIs_True_On -m32   conftest.c  >&5
configure:1793: $? = 0
configure:1839: result: a.out
configure:1844: checking whether the C compiler works
configure:1850: ./a.out
configure:1853: $? = 0
configure:1870: result: yes
configure:1877: checking whether we are cross compiling
configure:1879: result: no
configure:1882: checking for suffix of executables
configure:1884: gcc -o conftest -O0 -g -DIs_True_On -m32   conftest.c  >&5
configure:1887: $? = 0
configure:1912: result: 
configure:1918: checking for suffix of object files
configure:1939: gcc -c -O0 -g -DIs_True_On -m32  conftest.c >&5
configure:1942: $? = 0
configure:1964: result: o
configure:1968: checking whether we are using the GNU C compiler
configure:1992: gcc -c -O0 -g -DIs_True_On -m32  conftest.c >&5
configure:1998: $? = 0
configure:2002: test -z 
			 || test ! -s conftest.err
configure:2005: $? = 0
configure:2008: test -s conftest.o
configure:2011: $? = 0
configure:2024: result: yes
configure:2030: checking whether gcc accepts -g
configure:2051: gcc -c -g  conftest.c >&5
configure:2057: $? = 0
configure:2061: test -z 
			 || test ! -s conftest.err
configure:2064: $? = 0
configure:2067: test -s conftest.o
configure:2070: $? = 0
configure:2081: result: yes
configure:2100: checking for gcc option to accept ANSI C
configure:2170: gcc  -c -O0 -g -DIs_True_On -m32  conftest.c >&5
configure:2176: $? = 0
configure:2180: test -z 
			 || test ! -s conftest.err
configure:2183: $? = 0
configure:2186: test -s conftest.o
configure:2189: $? = 0
configure:2207: result: none needed
configure:2225: gcc -c -O0 -g -DIs_True_On -m32  conftest.c >&5
conftest.c:2: error: expected '=', ',', ';', 'asm' or '__attribute__' before 'me'
configure:2231: $? = 1
configure: failed program was:
| #ifndef __cplusplus
|   choke me
| #endif
configure:2365: checking for library containing strerror
configure:2395: gcc -o conftest -O0 -g -DIs_True_On -m32   conftest.c  >&5
configure:2401: $? = 0
configure:2405: test -z 
			 || test ! -s conftest.err
configure:2408: $? = 0
configure:2411: test -s conftest
configure:2414: $? = 0
configure:2484: result: none required
configure:2506: checking for a BSD-compatible install
configure:2561: result: /usr/bin/install -c
configure:2572: checking whether build environment is sane
configure:2615: result: yes
configure:2639: WARNING: `missing' script is too old or missing
configure:2680: checking for gawk
configure:2696: found /bin/gawk
configure:2706: result: gawk
configure:2716: checking whether make sets $(MAKE)
configure:2736: result: yes
configure:2766: checking for style of include used by make
configure:2794: result: GNU
configure:2970: checking dependency style of gcc
configure:3060: result: none
configure:3082: checking for i686-open64-linux-ar
configure:3108: result: ar
configure:3161: checking for i686-open64-linux-ranlib
configure:3187: result: ranlib
configure:3317: checking for ld used by GCC
configure:3380: result: ld
configure:3389: checking if the linker (ld) is GNU ld
GNU ld version 2.16.91.0.5 20051219 (SUSE Linux)
configure:3401: result: yes
configure:3406: checking for ld option to reload object files
configure:3413: result: -r
configure:3418: checking for BSD-compatible nm
configure:3454: result: nm
configure:3457: checking whether ln -s works
configure:3461: result: yes
configure:3468: checking how to recognise dependant libraries
configure:3636: result: pass_all
configure:3788: checking for i686-open64-linux-ranlib
configure:3814: result: ranlib
configure:3868: checking for i686-open64-linux-strip
configure:3897: result: no
configure:3906: checking for strip
configure:3922: found /usr/bin/strip
configure:3933: result: strip
configure:4190: loading cache ./config.cache
ce PIC
ltconfig:687:checking that gcc PIC flag -fPIC -DPIC works.
ltconfig:697: gcc -c -O0 -g -DIs_True_On -m32 -fPIC -DPIC -DPIC  conftest.c 1>&5
ltconfig:749: checking if gcc static flag -static works
ltconfig:758: gcc -o conftest -O0 -g -DIs_True_On -m32   -static conftest.c  1>&5
ltconfig:780: finding the maximum length of command line arguments
ltconfig:@lineno@: result: 49153
ltconfig:833: checking if gcc supports -c -o file.o
ltconfig:834: gcc -c -O0 -g -DIs_True_On -m32 -o out/conftest2.o  conftest.c 1>&5
ltconfig:887: checking if gcc supports -fno-rtti -fno-exceptions
ltconfig:888: gcc -c -O0 -g -DIs_True_On -m32 -fno-rtti -fno-exceptions -c conftest.c  conftest.c 1>&5
ltconfig:1431: checking if global_symbol_pipe works
ltconfig:1432: gcc -c -O0 -g -DIs_True_On -m32  conftest.c 1>&5
ltconfig:1435: eval "nm conftest.o | sed -n -e 's/^.*[ 	]\([ABCDGISTW][ABCDGISTW]*\)[ 	][ 	]*\(\)\([_A-Za-z][_A-Za-z0-9]*\)$/\1 \2\3 \3/p' > conftest.nm"
ltconfig:1487: gcc -o conftest -O0 -g -DIs_True_On -m32 -fno-builtin   conftest.c conftstm.o 1>&5
configure:4298: checking whether to enable maintainer-specific portions of Makefiles
configure:4307: result: no
configure:4337: checking whether to install libbfd
configure:4350: result: no
configure:4394: checking for i686-open64-linux-gcc
configure:4420: result: gcc
configure:4702: checking for C compiler version
configure:4705: gcc --version </dev/null >&5
gcc (GCC) 4.2.4
Copyright (C) 2007 Free Software Foundation, Inc.
This is free software; see the source for copying conditions.  There is NO
warranty; not even for MERCHANTABILITY or FITNESS FOR A PARTICULAR PURPOSE.

configure:4708: $? = 0
configure:4710: gcc -v </dev/null >&5
Using built-in specs.
Target: x86_64-unknown-linux-gnu
Configured with: ./configure --prefix=/proj/opensrc_nobackup/zhiweic/gcc-4.2.4-prefix --enable-libstdcxx-debug
Thread model: posix
gcc version 4.2.4
configure:4713: $? = 0
configure:4715: gcc -V </dev/null >&5
gcc: '-V' option must have argument
configure:4718: $? = 1
configure:4721: checking whether we are using the GNU C compiler
configure:4777: result: yes
configure:4783: checking whether gcc accepts -g
configure:4834: result: yes
configure:4853: checking for gcc option to accept ANSI C
configure:4960: result: none needed
configure:4978: gcc -c -O0 -g -DIs_True_On -m32  conftest.c >&5
conftest.c:2: error: expected '=', ',', ';', 'asm' or '__attribute__' before 'me'
configure:4984: $? = 1
configure: failed program was:
| #ifndef __cplusplus
|   choke me
| #endif
configure:5122: checking for i686-open64-linux-ranlib
configure:5148: result: ranlib
configure:5204: checking how to run the C preprocessor
configure:5239: gcc -E  conftest.c
configure:5245: $? = 0
configure:5277: gcc -E  conftest.c
conftest.c:11:28: error: ac_nonexistent.h: No such file or directory
configure:5283: $? = 1
configure: failed program was:
| /* confdefs.h.  */
| 
| #define PACKAGE_NAME ""
| #define PACKAGE_TARNAME ""
| #define PACKAGE_VERSION ""
| #define PACKAGE_STRING ""
| #define PACKAGE_BUGREPORT ""
| #define PACKAGE "bfd"
| #define VERSION "2.16.1"
| /* end confdefs.h.  */
| #include <ac_nonexistent.h>
configure:5322: result: gcc -E
configure:5346: gcc -E  conftest.c
configure:5352: $? = 0
configure:5384: gcc -E  conftest.c
conftest.c:11:28: error: ac_nonexistent.h: No such file or directory
configure:5390: $? = 1
configure: failed program was:
| /* confdefs.h.  */
| 
| #define PACKAGE_NAME ""
| #define PACKAGE_TARNAME ""
| #define PACKAGE_VERSION ""
| #define PACKAGE_STRING ""
| #define PACKAGE_BUGREPORT ""
| #define PACKAGE "bfd"
| #define VERSION "2.16.1"
| /* end confdefs.h.  */
| #include <ac_nonexistent.h>
configure:5434: checking for egrep
configure:5444: result: grep -E
configure:5449: checking for ANSI C header files
configure:5474: gcc -c -O0 -g -DIs_True_On -m32  conftest.c >&5
configure:5480: $? = 0
configure:5484: test -z 
			 || test ! -s conftest.err
configure:5487: $? = 0
configure:5490: test -s conftest.o
configure:5493: $? = 0
configure:5582: gcc -o conftest -O0 -g -DIs_True_On -m32   conftest.c  >&5
conftest.c: In function 'main':
conftest.c:28: warning: incompatible implicit declaration of built-in function 'exit'
configure:5585: $? = 0
configure:5587: ./conftest
configure:5590: $? = 0
configure:5605: result: yes
configure:5615: checking for an ANSI C-conforming const
configure:5682: gcc -c -O0 -g -DIs_True_On -m32  conftest.c >&5
configure:5688: $? = 0
configure:5692: test -z 
			 || test ! -s conftest.err
configure:5695: $? = 0
configure:5698: test -s conftest.o
configure:5701: $? = 0
configure:5712: result: yes
configure:5722: checking for inline
configure:5743: gcc -c -O0 -g -DIs_True_On -m32  conftest.c >&5
configure:5749: $? = 0
configure:5753: test -z 
			 || test ! -s conftest.err
configure:5756: $? = 0
configure:5759: test -s conftest.o
configure:5762: $? = 0
configure:5774: result: inline
configure:5807: checking for sys/types.h
configure:5823: gcc -c -O0 -g -DIs_True_On -m32  conftest.c >&5
configure:5829: $? = 0
configure:5833: test -z 
			 || test ! -s conftest.err
configure:5836: $? = 0
configure:5839: test -s conftest.o
configure:5842: $? = 0
configure:5853: result: yes
configure:5807: checking for sys/stat.h
configure:5823: gcc -c -O0 -g -DIs_True_On -m32  conftest.c >&5
configure:5829: $? = 0
configure:5833: test -z 
			 || test ! -s conftest.err
configure:5836: $? = 0
configure:5839: test -s conftest.o
configure:5842: $? = 0
configure:5853: result: yes
configure:5807: checking for stdlib.h
configure:5823: gcc -c -O0 -g -DIs_True_On -m32  conftest.c >&5
configure:5829: $? = 0
configure:5833: test -z 
			 || test ! -s conftest.err
configure:5836: $? = 0
configure:5839: test -s conftest.o
configure:5842: $? = 0
configure:5853: result: yes
configure:5807: checking for string.h
configure:5823: gcc -c -O0 -g -DIs_True_On -m32  conftest.c >&5
configure:5829: $? = 0
configure:5833: test -z 
			 || test ! -s conftest.err
configure:5836: $? = 0
configure:5839: test -s conftest.o
configure:5842: $? = 0
configure:5853: result: yes
configure:5807: checking for memory.h
configure:5823: gcc -c -O0 -g -DIs_True_On -m32  conftest.c >&5
configure:5829: $? = 0
configure:5833: test -z 
			 || test ! -s conftest.err
configure:5836: $? = 0
configure:5839: test -s conftest.o
configure:5842: $? = 0
configure:5853: result: yes
configure:5807: checking for strings.h
configure:5823: gcc -c -O0 -g -DIs_True_On -m32  conftest.c >&5
configure:5829: $? = 0
configure:5833: test -z 
			 || test ! -s conftest.err
configure:5836: $? = 0
configure:5839: test -s conftest.o
configure:5842: $? = 0
configure:5853: result: yes
configure:5807: checking for inttypes.h
configure:5823: gcc -c -O0 -g -DIs_True_On -m32  conftest.c >&5
configure:5829: $? = 0
configure:5833: test -z 
			 || test ! -s conftest.err
configure:5836: $? = 0
configure:5839: test -s conftest.o
configure:5842: $? = 0
configure:5853: result: yes
configure:5807: checking for stdint.h
configure:5823: gcc -c -O0 -g -DIs_True_On -m32  conftest.c >&5
configure:5829: $? = 0
configure:5833: test -z 
			 || test ! -s conftest.err
configure:5836: $? = 0
configure:5839: test -s conftest.o
configure:5842: $? = 0
configure:5853: result: yes
configure:5807: checking for unistd.h
configure:5823: gcc -c -O0 -g -DIs_True_On -m32  conftest.c >&5
configure:5829: $? = 0
configure:5833: test -z 
			 || test ! -s conftest.err
configure:5836: $? = 0
configure:5839: test -s conftest.o
configure:5842: $? = 0
configure:5853: result: yes
configure:5865: checking for off_t
configure:5889: gcc -c -O0 -g -DIs_True_On -m32  conftest.c >&5
configure:5895: $? = 0
configure:5899: test -z 
			 || test ! -s conftest.err
configure:5902: $? = 0
configure:5905: test -s conftest.o
configure:5908: $? = 0
configure:5919: result: yes
configure:5931: checking for size_t
configure:5955: gcc -c -O0 -g -DIs_True_On -m32  conftest.c >&5
configure:5961: $? = 0
configure:5965: test -z 
			 || test ! -s conftest.err
configure:5968: $? = 0
configure:5971: test -s conftest.o
configure:5974: $? = 0
configure:5985: result: yes
configure:5999: checking for working alloca.h
configure:6020: gcc -o conftest -O0 -g -DIs_True_On -m32   conftest.c  >&5
configure:6026: $? = 0
configure:6030: test -z 
			 || test ! -s conftest.err
configure:6033: $? = 0
configure:6036: test -s conftest
configure:6039: $? = 0
configure:6051: result: yes
configure:6061: checking for alloca
configure:6102: gcc -o conftest -O0 -g -DIs_True_On -m32   conftest.c  >&5
configure:6108: $? = 0
configure:6112: test -z 
			 || test ! -s conftest.err
configure:6115: $? = 0
configure:6118: test -s conftest
configure:6121: $? = 0
configure:6133: result: yes
configure:6362: checking for stdlib.h
configure:6367: result: yes
configure:6362: checking for unistd.h
configure:6367: result: yes
configure:6511: checking for getpagesize
configure:6568: gcc -o conftest -O0 -g -DIs_True_On -m32   conftest.c  >&5
configure:6574: $? = 0
configure:6578: test -z 
			 || test ! -s conftest.err
configure:6581: $? = 0
configure:6584: test -s conftest
configure:6587: $? = 0
configure:6599: result: yes
configure:6609: checking for working mmap
configure:6751: gcc -o conftest -O0 -g -DIs_True_On -m32   conftest.c  >&5
configure:6754: $? = 0
configure:6756: ./conftest
configure:6759: $? = 0
configure:6773: result: yes
configure:6808: checking argz.h usability
configure:6820: gcc -c -O0 -g -DIs_True_On -m32  conftest.c >&5
configure:6826: $? = 0
configure:6830: test -z 
			 || test ! -s conftest.err
configure:6833: $? = 0
configure:6836: test -s conftest.o
configure:6839: $? = 0
configure:6849: result: yes
configure:6853: checking argz.h presence
configure:6863: gcc -E  conftest.c
configure:6869: $? = 0
configure:6889: result: yes
configure:6924: checking for argz.h
configure:6931: result: yes
configure:6808: checking limits.h usability
configure:6820: gcc -c -O0 -g -DIs_True_On -m32  conftest.c >&5
configure:6826: $? = 0
configure:6830: test -z 
			 || test ! -s conftest.err
configure:6833: $? = 0
configure:6836: test -s conftest.o
configure:6839: $? = 0
configure:6849: result: yes
configure:6853: checking limits.h presence
configure:6863: gcc -E  conftest.c
configure:6869: $? = 0
configure:6889: result: yes
configure:6924: checking for limits.h
configure:6931: result: yes
configure:6808: checking locale.h usability
configure:6820: gcc -c -O0 -g -DIs_True_On -m32  conftest.c >&5
configure:6826: $? = 0
configure:6830: test -z 
			 || test ! -s conftest.err
configure:6833: $? = 0
configure:6836: test -s conftest.o
configure:6839: $? = 0
configure:6849: result: yes
configure:6853: checking locale.h presence
configure:6863: gcc -E  conftest.c
configure:6869: $? = 0
configure:6889: result: yes
configure:6924: checking for locale.h
configure:6931: result: yes
configure:6808: checking nl_types.h usability
configure:6820: gcc -c -O0 -g -DIs_True_On -m32  conftest.c >&5
configure:6826: $? = 0
configure:6830: test -z 
			 || test ! -s conftest.err
configure:6833: $? = 0
configure:6836: test -s conftest.o
configure:6839: $? = 0
configure:6849: result: yes
configure:6853: checking nl_types.h presence
configure:6863: gcc -E  conftest.c
configure:6869: $? = 0
configure:6889: result: yes
configure:6924: checking for nl_types.h
configure:6931: result: yes
configure:6808: checking malloc.h usability
configure:6820: gcc -c -O0 -g -DIs_True_On -m32  conftest.c >&5
configure:6826: $? = 0
configure:6830: test -z 
			 || test ! -s conftest.err
configure:6833: $? = 0
configure:6836: test -s conftest.o
configure:6839: $? = 0
configure:6849: result: yes
configure:6853: checking malloc.h presence
configure:6863: gcc -E  conftest.c
configure:6869: $? = 0
configure:6889: result: yes
configure:6924: checking for malloc.h
configure:6931: result: yes
configure:6799: checking for string.h
configure:6804: result: yes
configure:6799: checking for unistd.h
configure:6804: result: yes
configure:6808: checking values.h usability
configure:6820: gcc -c -O0 -g -DIs_True_On -m32  conftest.c >&5
configure:6826: $? = 0
configure:6830: test -z 
			 || test ! -s conftest.err
configure:6833: $? = 0
configure:6836: test -s conftest.o
configure:6839: $? = 0
configure:6849: result: yes
configure:6853: checking values.h presence
configure:6863: gcc -E  conftest.c
configure:6869: $? = 0
configure:6889: result: yes
configure:6924: checking for values.h
configure:6931: result: yes
configure:6808: checking sys/param.h usability
configure:6820: gcc -c -O0 -g -DIs_True_On -m32  conftest.c >&5
configure:6826: $? = 0
configure:6830: test -z 
			 || test ! -s conftest.err
configure:6833: $? = 0
configure:6836: test -s conftest.o
configure:6839: $? = 0
configure:6849: result: yes
configure:6853: checking sys/param.h presence
configure:6863: gcc -E  conftest.c
configure:6869: $? = 0
configure:6889: result: yes
configure:6924: checking for sys/param.h
configure:6931: result: yes
configure:6958: checking for getcwd
configure:7015: gcc -o conftest -O0 -g -DIs_True_On -m32   conftest.c  >&5
configure:7021: $? = 0
configure:7025: test -z 
			 || test ! -s conftest.err
configure:7028: $? = 0
configure:7031: test -s conftest
configure:7034: $? = 0
configure:7046: result: yes
configure:6958: checking for munmap
configure:7015: gcc -o conftest -O0 -g -DIs_True_On -m32   conftest.c  >&5
configure:7021: $? = 0
configure:7025: test -z 
			 || test ! -s conftest.err
configure:7028: $? = 0
configure:7031: test -s conftest
configure:7034: $? = 0
configure:7046: result: yes
configure:6958: checking for putenv
configure:7015: gcc -o conftest -O0 -g -DIs_True_On -m32   conftest.c  >&5
configure:7021: $? = 0
configure:7025: test -z 
			 || test ! -s conftest.err
configure:7028: $? = 0
configure:7031: test -s conftest
configure:7034: $? = 0
configure:7046: result: yes
configure:6958: checking for setenv
configure:7015: gcc -o conftest -O0 -g -DIs_True_On -m32   conftest.c  >&5
configure:7021: $? = 0
configure:7025: test -z 
			 || test ! -s conftest.err
configure:7028: $? = 0
configure:7031: test -s conftest
configure:7034: $? = 0
configure:7046: result: yes
configure:6958: checking for setlocale
configure:7015: gcc -o conftest -O0 -g -DIs_True_On -m32   conftest.c  >&5
configure:7021: $? = 0
configure:7025: test -z 
			 || test ! -s conftest.err
configure:7028: $? = 0
configure:7031: test -s conftest
configure:7034: $? = 0
configure:7046: result: yes
configure:6958: checking for strchr
configure:7015: gcc -o conftest -O0 -g -DIs_True_On -m32   conftest.c  >&5
conftest.c:65: warning: conflicting types for built-in function 'strchr'
configure:7021: $? = 0
configure:7025: test -z 
			 || test ! -s conftest.err
configure:7028: $? = 0
configure:7031: test -s conftest
configure:7034: $? = 0
configure:7046: result: yes
configure:6958: checking for strcasecmp
configure:7015: gcc -o conftest -O0 -g -DIs_True_On -m32   conftest.c  >&5
conftest.c:66: warning: conflicting types for built-in function 'strcasecmp'
configure:7021: $? = 0
configure:7025: test -z 
			 || test ! -s conftest.err
configure:7028: $? = 0
configure:7031: test -s conftest
configure:7034: $? = 0
configure:7046: result: yes
configure:6958: checking for __argz_count
configure:7015: gcc -o conftest -O0 -g -DIs_True_On -m32   conftest.c  >&5
configure:7021: $? = 0
configure:7025: test -z 
			 || test ! -s conftest.err
configure:7028: $? = 0
configure:7031: test -s conftest
configure:7034: $? = 0
configure:7046: result: yes
configure:6958: checking for __argz_stringify
configure:7015: gcc -o conftest -O0 -g -DIs_True_On -m32   conftest.c  >&5
configure:7021: $? = 0
configure:7025: test -z 
			 || test ! -s conftest.err
configure:7028: $? = 0
configure:7031: test -s conftest
configure:7034: $? = 0
configure:7046: result: yes
configure:6958: checking for __argz_next
configure:7015: gcc -o conftest -O0 -g -DIs_True_On -m32   conftest.c  >&5
configure:7021: $? = 0
configure:7025: test -z 
			 || test ! -s conftest.err
configure:7028: $? = 0
configure:7031: test -s conftest
configure:7034: $? = 0
configure:7046: result: yes
configure:7062: checking for stpcpy
configure:7119: gcc -o conftest -O0 -g -DIs_True_On -m32   conftest.c  >&5
conftest.c:70: warning: conflicting types for built-in function 'stpcpy'
configure:7125: $? = 0
configure:7129: test -z 
			 || test ! -s conftest.err
configure:7132: $? = 0
configure:7135: test -s conftest
configure:7138: $? = 0
configure:7150: result: yes
configure:7170: checking for LC_MESSAGES
configure:7191: gcc -o conftest -O0 -g -DIs_True_On -m32   conftest.c  >&5
configure:7197: $? = 0
configure:7201: test -z 
			 || test ! -s conftest.err
configure:7204: $? = 0
configure:7207: test -s conftest
configure:7210: $? = 0
configure:7222: result: yes
configure:7232: checking whether NLS is requested
configure:7241: result: yes
configure:7248: checking whether included gettext is requested
configure:7258: result: no
configure:7277: checking libintl.h usability
configure:7289: gcc -c -O0 -g -DIs_True_On -m32  conftest.c >&5
configure:7295: $? = 0
configure:7299: test -z 
			 || test ! -s conftest.err
configure:7302: $? = 0
configure:7305: test -s conftest.o
configure:7308: $? = 0
configure:7318: result: yes
configure:7322: checking libintl.h presence
configure:7332: gcc -E  conftest.c
configure:7338: $? = 0
configure:7358: result: yes
configure:7393: checking for libintl.h
configure:7400: result: yes
configure:7405: checking for gettext in libc
configure:7426: gcc -o conftest -O0 -g -DIs_True_On -m32   conftest.c  >&5
configure:7432: $? = 0
configure:7436: test -z 
			 || test ! -s conftest.err
configure:7439: $? = 0
configure:7442: test -s conftest
configure:7445: $? = 0
configure:7457: result: yes
configure:7593: checking for msgfmt
configure:7620: result: /usr/bin/msgfmt
configure:7631: checking for dcgettext
configure:7688: gcc -o conftest -O0 -g -DIs_True_On -m32   conftest.c  >&5
conftest.c:74: warning: conflicting types for built-in function 'dcgettext'
configure:7694: $? = 0
configure:7698: test -z 
			 || test ! -s conftest.err
configure:7701: $? = 0
configure:7704: test -s conftest
configure:7707: $? = 0
configure:7719: result: yes
configure:7731: checking for gmsgfmt
configure:7762: result: /usr/bin/msgfmt
configure:7771: checking for xgettext
configure:7798: result: :
configure:7822: gcc -o conftest -O0 -g -DIs_True_On -m32   conftest.c  >&5
configure:7828: $? = 0
configure:7832: test -z 
			 || test ! -s conftest.err
configure:7835: $? = 0
configure:7838: test -s conftest
configure:7841: $? = 0
configure:8050: checking for catalogs to be installed
configure:8059: result:  fr tr ja es sv da zh_CN ro
configure:8279: checking for a BSD-compatible install
configure:8334: result: /usr/bin/install -c
configure:8352: checking for long long
configure:8373: gcc -c -O0 -g -DIs_True_On -m32  conftest.c >&5
configure:8379: $? = 0
configure:8383: test -z 
			 || test ! -s conftest.err
configure:8386: $? = 0
configure:8389: test -s conftest.o
configure:8392: $? = 0
configure:8404: result: yes
configure:8408: checking size of long long
configure:8433: gcc -c -O0 -g -DIs_True_On -m32  conftest.c >&5
conftest.c: In function 'main':
conftest.c:59: error: duplicate case value
conftest.c:59: error: previously used here
configure:8439: $? = 1
configure: failed program was:
| /* confdefs.h.  */
| 
| #define PACKAGE_NAME ""
| #define PACKAGE_TARNAME ""
| #define PACKAGE_VERSION ""
| #define PACKAGE_STRING ""
| #define PACKAGE_BUGREPORT ""
| #define PACKAGE "bfd"
| #define VERSION "2.16.1"
| #define STDC_HEADERS 1
| #define HAVE_SYS_TYPES_H 1
| #define HAVE_SYS_STAT_H 1
| #define HAVE_STDLIB_H 1
| #define HAVE_STRING_H 1
| #define HAVE_MEMORY_H 1
| #define HAVE_STRINGS_H 1
| #define HAVE_INTTYPES_H 1
| #define HAVE_STDINT_H 1
| #define HAVE_UNISTD_H 1
| #define HAVE_ALLOCA_H 1
| #define HAVE_ALLOCA 1
| #define HAVE_STDLIB_H 1
| #define HAVE_UNISTD_H 1
| #define HAVE_GETPAGESIZE 1
| #define HAVE_MMAP 1
| #define HAVE_ARGZ_H 1
| #define HAVE_LIMITS_H 1
| #define HAVE_LOCALE_H 1
| #define HAVE_NL_TYPES_H 1
| #define HAVE_MALLOC_H 1
| #define HAVE_STRING_H 1
| #define HAVE_UNISTD_H 1
| #define HAVE_VALUES_H 1
| #define HAVE_SYS_PARAM_H 1
| #define HAVE_GETCWD 1
| #define HAVE_MUNMAP 1
| #define HAVE_PUTENV 1
| #define HAVE_SETENV 1
| #define HAVE_SETLOCALE 1
| #define HAVE_STRCHR 1
| #define HAVE_STRCASECMP 1
| #define HAVE___ARGZ_COUNT 1
| #define HAVE___ARGZ_STRINGIFY 1
| #define HAVE___ARGZ_NEXT 1
| #define HAVE_STPCPY 1
| #define HAVE_STPCPY 1
| #define HAVE_LC_MESSAGES 1
| #define HAVE_GETTEXT 1
| #define HAVE_DCGETTEXT 1
| #define ENABLE_NLS 1
| /* end confdefs.h.  */
| #include "confdefs.h"
| #include <sys/types.h>
| 
| 
| int
| main ()
| {
| switch (0) case 0: case (sizeof (long long) == 4):;
|   ;
|   return 0;
| }
configure:8433: gcc -c -O0 -g -DIs_True_On -m32  conftest.c >&5
configure:8439: $? = 0
configure:8443: test -z 
			 || test ! -s conftest.err
configure:8446: $? = 0
configure:8449: test -s conftest.o
configure:8452: $? = 0
configure:8471: result: 8
configure:8481: checking size of long
configure:8506: gcc -c -O0 -g -DIs_True_On -m32  conftest.c >&5
configure:8512: $? = 0
configure:8516: test -z 
			 || test ! -s conftest.err
configure:8519: $? = 0
configure:8522: test -s conftest.o
configure:8525: $? = 0
configure:8544: result: 4
configure:8631: checking stddef.h usability
configure:8643: gcc -c -O0 -g -DIs_True_On -m32  conftest.c >&5
configure:8649: $? = 0
configure:8653: test -z 
			 || test ! -s conftest.err
configure:8656: $? = 0
configure:8659: test -s conftest.o
configure:8662: $? = 0
configure:8672: result: yes
configure:8676: checking stddef.h presence
configure:8686: gcc -E  conftest.c
configure:8692: $? = 0
configure:8712: result: yes
configure:8747: checking for stddef.h
configure:8754: result: yes
configure:8622: checking for string.h
configure:8627: result: yes
configure:8622: checking for strings.h
configure:8627: result: yes
configure:8622: checking for stdlib.h
configure:8627: result: yes
configure:8631: checking time.h usability
configure:8643: gcc -c -O0 -g -DIs_True_On -m32  conftest.c >&5
configure:8649: $? = 0
configure:8653: test -z 
			 || test ! -s conftest.err
configure:8656: $? = 0
configure:8659: test -s conftest.o
configure:8662: $? = 0
configure:8672: result: yes
configure:8676: checking time.h presence
configure:8686: gcc -E  conftest.c
configure:8692: $? = 0
configure:8712: result: yes
configure:8747: checking for time.h
configure:8754: result: yes
configure:8622: checking for unistd.h
configure:8627: result: yes
configure:8783: checking fcntl.h usability
configure:8795: gcc -c -O0 -g -DIs_True_On -m32  conftest.c >&5
configure:8801: $? = 0
configure:8805: test -z 
			 || test ! -s conftest.err
configure:8808: $? = 0
configure:8811: test -s conftest.o
configure:8814: $? = 0
configure:8824: result: yes
configure:8828: checking fcntl.h presence
configure:8838: gcc -E  conftest.c
configure:8844: $? = 0
configure:8864: result: yes
configure:8899: checking for fcntl.h
configure:8906: result: yes
configure:8783: checking sys/file.h usability
configure:8795: gcc -c -O0 -g -DIs_True_On -m32  conftest.c >&5
configure:8801: $? = 0
configure:8805: test -z 
			 || test ! -s conftest.err
configure:8808: $? = 0
configure:8811: test -s conftest.o
configure:8814: $? = 0
configure:8824: result: yes
configure:8828: checking sys/file.h presence
configure:8838: gcc -E  conftest.c
configure:8844: $? = 0
configure:8864: result: yes
configure:8899: checking for sys/file.h
configure:8906: result: yes
configure:8783: checking sys/time.h usability
configure:8795: gcc -c -O0 -g -DIs_True_On -m32  conftest.c >&5
configure:8801: $? = 0
configure:8805: test -z 
			 || test ! -s conftest.err
configure:8808: $? = 0
configure:8811: test -s conftest.o
configure:8814: $? = 0
configure:8824: result: yes
configure:8828: checking sys/time.h presence
configure:8838: gcc -E  conftest.c
configure:8844: $? = 0
configure:8864: result: yes
configure:8899: checking for sys/time.h
configure:8906: result: yes
configure:8919: checking whether time.h and sys/time.h may both be included
configure:8944: gcc -c -O0 -g -DIs_True_On -m32  conftest.c >&5
configure:8950: $? = 0
configure:8954: test -z 
			 || test ! -s conftest.err
configure:8957: $? = 0
configure:8960: test -s conftest.o
configure:8963: $? = 0
configure:8974: result: yes
configure:8992: checking for dirent.h that defines DIR
configure:9016: gcc -c -O0 -g -DIs_True_On -m32  conftest.c >&5
configure:9022: $? = 0
configure:9026: test -z 
			 || test ! -s conftest.err
configure:9029: $? = 0
configure:9032: test -s conftest.o
configure:9035: $? = 0
configure:9046: result: yes
configure:9059: checking for library containing opendir
configure:9089: gcc -o conftest -O0 -g -DIs_True_On -m32   conftest.c  >&5
configure:9095: $? = 0
configure:9099: test -z 
			 || test ! -s conftest.err
configure:9102: $? = 0
configure:9105: test -s conftest
configure:9108: $? = 0
configure:9178: result: none required
configure:9324: checking for fcntl
configure:9381: gcc -o conftest -O0 -g -DIs_True_On -m32   conftest.c  >&5
configure:9387: $? = 0
configure:9391: test -z 
			 || test ! -s conftest.err
configure:9394: $? = 0
configure:9397: test -s conftest
configure:9400: $? = 0
configure:9412: result: yes
configure:9324: checking for getpagesize
configure:9412: result: yes
configure:9324: checking for setitimer
configure:9381: gcc -o conftest -O0 -g -DIs_True_On -m32   conftest.c  >&5
configure:9387: $? = 0
configure:9391: test -z 
			 || test ! -s conftest.err
configure:9394: $? = 0
configure:9397: test -s conftest
configure:9400: $? = 0
configure:9412: result: yes
configure:9324: checking for sysconf
configure:9381: gcc -o conftest -O0 -g -DIs_True_On -m32   conftest.c  >&5
configure:9387: $? = 0
configure:9391: test -z 
			 || test ! -s conftest.err
configure:9394: $? = 0
configure:9397: test -s conftest
configure:9400: $? = 0
configure:9412: result: yes
configure:9324: checking for fdopen
configure:9381: gcc -o conftest -O0 -g -DIs_True_On -m32   conftest.c  >&5
configure:9387: $? = 0
configure:9391: test -z 
			 || test ! -s conftest.err
configure:9394: $? = 0
configure:9397: test -s conftest
configure:9400: $? = 0
configure:9412: result: yes
configure:9324: checking for getuid
configure:9381: gcc -o conftest -O0 -g -DIs_True_On -m32   conftest.c  >&5
configure:9387: $? = 0
configure:9391: test -z 
			 || test ! -s conftest.err
configure:9394: $? = 0
configure:9397: test -s conftest
configure:9400: $? = 0
configure:9412: result: yes
configure:9324: checking for getgid
configure:9381: gcc -o conftest -O0 -g -DIs_True_On -m32   conftest.c  >&5
configure:9387: $? = 0
configure:9391: test -z 
			 || test ! -s conftest.err
configure:9394: $? = 0
configure:9397: test -s conftest
configure:9400: $? = 0
configure:9412: result: yes
configure:9426: checking for strtoull
configure:9483: gcc -o conftest -O0 -g -DIs_True_On -m32   conftest.c  >&5
configure:9489: $? = 0
configure:9493: test -z 
			 || test ! -s conftest.err
configure:9496: $? = 0
configure:9499: test -s conftest
configure:9502: $? = 0
configure:9514: result: yes
configure:9535: checking whether strstr must be declared
configure:9570: gcc -c -O0 -g -DIs_True_On -m32  conftest.c >&5
configure:9576: $? = 0
configure:9580: test -z 
			 || test ! -s conftest.err
configure:9583: $? = 0
configure:9586: test -s conftest.o
configure:9589: $? = 0
configure:9601: result: no
configure:9611: checking whether malloc must be declared
configure:9646: gcc -c -O0 -g -DIs_True_On -m32  conftest.c >&5
configure:9652: $? = 0
configure:9656: test -z 
			 || test ! -s conftest.err
configure:9659: $? = 0
configure:9662: test -s conftest.o
configure:9665: $? = 0
configure:9677: result: no
configure:9687: checking whether realloc must be declared
configure:9722: gcc -c -O0 -g -DIs_True_On -m32  conftest.c >&5
configure:9728: $? = 0
configure:9732: test -z 
			 || test ! -s conftest.err
configure:9735: $? = 0
configure:9738: test -s conftest.o
configure:9741: $? = 0
configure:9753: result: no
configure:9763: checking whether free must be declared
configure:9798: gcc -c -O0 -g -DIs_True_On -m32  conftest.c >&5
configure:9804: $? = 0
configure:9808: test -z 
			 || test ! -s conftest.err
configure:9811: $? = 0
configure:9814: test -s conftest.o
configure:9817: $? = 0
configure:9829: result: no
configure:9839: checking whether getenv must be declared
configure:9874: gcc -c -O0 -g -DIs_True_On -m32  conftest.c >&5
configure:9880: $? = 0
configure:9884: test -z 
			 || test ! -s conftest.err
configure:9887: $? = 0
configure:9890: test -s conftest.o
configure:9893: $? = 0
configure:9905: result: no
configure:11849: checking for gcc version with buggy 64-bit support
configure:11866: result: no
configure:11904: checking for ftello
configure:11961: gcc -o conftest -O0 -g -DIs_True_On -m32   conftest.c  >&5
configure:11967: $? = 0
configure:11971: test -z 
			 || test ! -s conftest.err
configure:11974: $? = 0
configure:11977: test -s conftest
configure:11980: $? = 0
configure:11992: result: yes
configure:11904: checking for ftello64
configure:11961: gcc -o conftest -O0 -g -DIs_True_On -m32   conftest.c  >&5
configure:11967: $? = 0
configure:11971: test -z 
			 || test ! -s conftest.err
configure:11974: $? = 0
configure:11977: test -s conftest
configure:11980: $? = 0
configure:11992: result: yes
configure:11904: checking for fseeko
configure:11961: gcc -o conftest -O0 -g -DIs_True_On -m32   conftest.c  >&5
configure:11967: $? = 0
configure:11971: test -z 
			 || test ! -s conftest.err
configure:11974: $? = 0
configure:11977: test -s conftest
configure:11980: $? = 0
configure:11992: result: yes
configure:11904: checking for fseeko64
configure:11961: gcc -o conftest -O0 -g -DIs_True_On -m32   conftest.c  >&5
configure:11967: $? = 0
configure:11971: test -z 
			 || test ! -s conftest.err
configure:11974: $? = 0
configure:11977: test -s conftest
configure:11980: $? = 0
configure:11992: result: yes
configure:12003: checking size of off_t
configure:12028: gcc -c -O0 -g -DIs_True_On -m32  conftest.c >&5
configure:12034: $? = 0
configure:12038: test -z 
			 || test ! -s conftest.err
configure:12041: $? = 0
configure:12044: test -s conftest.o
configure:12047: $? = 0
configure:12066: result: 4
configure:12075: checking file_ptr type
configure:12084: result: BFD_HOST_64_BIT
configure:12104: checking for stdlib.h
configure:12109: result: yes
configure:12104: checking for unistd.h
configure:12109: result: yes
configure:12253: checking for getpagesize
configure:12341: result: yes
configure:12351: checking for working mmap
configure:12515: result: yes
configure:12531: checking for madvise
configure:12588: gcc -o conftest -O0 -g -DIs_True_On -m32   conftest.c  >&5
configure:12594: $? = 0
configure:12598: test -z 
			 || test ! -s conftest.err
configure:12601: $? = 0
configure:12604: test -s conftest
configure:12607: $? = 0
configure:12619: result: yes
configure:12531: checking for mprotect
configure:12588: gcc -o conftest -O0 -g -DIs_True_On -m32   conftest.c  >&5
configure:12594: $? = 0
configure:12598: test -z 
			 || test ! -s conftest.err
configure:12601: $? = 0
configure:12604: test -s conftest
configure:12607: $? = 0
configure:12619: result: yes
configure:12765: creating ./config.status

## ---------------------- ##
## Running config.status. ##
## ---------------------- ##

This file was extended by config.status, which was
generated by GNU Autoconf 2.59.  Invocation command line was

  CONFIG_FILES    = 
  CONFIG_HEADERS  = 
  CONFIG_LINKS    = 
  CONFIG_COMMANDS = 
  $ ./config.status 

on adl-mp5

config.status:765: creating Makefile
config.status:765: creating doc/Makefile
config.status:765: creating bfd-in3.h
config.status:765: creating po/Makefile.in
config.status:862: creating config.h
config.status:1308: executing depfiles commands
config.status:1308: executing default commands

## ---------------- ##
## Cache variables. ##
## ---------------- ##

ac_cv_archive_cmds_needs_lc=yes
ac_cv_build=i686-open64-linux-gnu
ac_cv_build_alias=i686-open64-linux
ac_cv_c_compiler_gnu=yes
ac_cv_c_const=yes
ac_cv_c_inline=inline
ac_cv_env_CC_set=set
ac_cv_env_CC_value=gcc
ac_cv_env_CFLAGS_set=set
ac_cv_env_CFLAGS_value='-O0 -g -DIs_True_On -m32'
ac_cv_env_CPPFLAGS_set=
ac_cv_env_CPPFLAGS_value=
ac_cv_env_CPP_set=
ac_cv_env_CPP_value=
ac_cv_env_LDFLAGS_set=set
ac_cv_env_LDFLAGS_value=
ac_cv_env_build_alias_set=set
ac_cv_env_build_alias_value=i686-open64-linux
ac_cv_env_host_alias_set=set
ac_cv_env_host_alias_value=i686-open64-linux
ac_cv_env_target_alias_set=set
ac_cv_env_target_alias_value=x86_64-open64-linux
ac_cv_exeext=
ac_cv_func___argz_count=yes
ac_cv_func___argz_next=yes
ac_cv_func___argz_stringify=yes
ac_cv_func_alloca_works=yes
ac_cv_func_dcgettext=yes
ac_cv_func_fcntl=yes
ac_cv_func_fdopen=yes
ac_cv_func_fseeko=yes
ac_cv_func_fseeko64=yes
ac_cv_func_ftello=yes
ac_cv_func_ftello64=yes
ac_cv_func_getcwd=yes
ac_cv_func_getgid=yes
ac_cv_func_getpagesize=yes
ac_cv_func_getuid=yes
ac_cv_func_madvise=yes
ac_cv_func_mmap_fixed_mapped=yes
ac_cv_func_mprotect=yes
ac_cv_func_munmap=yes
ac_cv_func_putenv=yes
ac_cv_func_setenv=yes
ac_cv_func_setitimer=yes
ac_cv_func_setlocale=yes
ac_cv_func_stpcpy=yes
ac_cv_func_strcasecmp=yes
ac_cv_func_strchr=yes
ac_cv_func_strtoull=yes
ac_cv_func_sysconf=yes
ac_cv_header_argz_h=yes
ac_cv_header_dirent_dirent_h=yes
ac_cv_header_fcntl_h=yes
ac_cv_header_inttypes_h=yes
ac_cv_header_libintl_h=yes
ac_cv_header_limits_h=yes
ac_cv_header_locale_h=yes
ac_cv_header_malloc_h=yes
ac_cv_header_memory_h=yes
ac_cv_header_nl_types_h=yes
ac_cv_header_stdc=yes
ac_cv_header_stddef_h=yes
ac_cv_header_stdint_h=yes
ac_cv_header_stdlib_h=yes
ac_cv_header_string_h=yes
ac_cv_header_strings_h=yes
ac_cv_header_sys_file_h=yes
ac_cv_header_sys_param_h=yes
ac_cv_header_sys_stat_h=yes
ac_cv_header_sys_time_h=yes
ac_cv_header_sys_types_h=yes
ac_cv_header_time=yes
ac_cv_header_time_h=yes
ac_cv_header_unistd_h=yes
ac_cv_header_values_h=yes
ac_cv_host=i686-open64-linux-gnu
ac_cv_host_alias=i686-open64-linux
ac_cv_objext=o
ac_cv_path_GMSGFMT=/usr/bin/msgfmt
ac_cv_path_MSGFMT=/usr/bin/msgfmt
ac_cv_path_XGETTEXT=:
ac_cv_path_install='/usr/bin/install -c'
ac_cv_prog_AR=ar
ac_cv_prog_AWK=gawk
ac_cv_prog_CC=gcc
ac_cv_prog_CPP='gcc -E'
ac_cv_prog_RANLIB=ranlib
ac_cv_prog_ac_ct_STRIP=strip
ac_cv_prog_cc_can_build_shared=yes
ac_cv_prog_cc_g=yes
ac_cv_prog_cc_no_builtin=
ac_cv_prog_cc_pic=' -fPIC -DPIC'
ac_cv_prog_cc_pic_works=yes
ac_cv_prog_cc_shlib=
ac_cv_prog_cc_static=-static
ac_cv_prog_cc_static_works=yes
ac_cv_prog_cc_stdc=
ac_cv_prog_cc_wl=-Wl,
ac_cv_prog_egrep='grep -E'
ac_cv_prog_make_make_set=yes
ac_cv_search_opendir='none required'
ac_cv_search_strerror='none required'
ac_cv_sizeof_long=4
ac_cv_sizeof_long_long=8
ac_cv_sizeof_off_t=4
ac_cv_target=x86_64-open64-linux-gnu
ac_cv_target_alias=x86_64-open64-linux
ac_cv_type_off_t=yes
ac_cv_type_size_t=yes
ac_cv_working_alloca_h=yes
am_cv_CC_dependencies_compiler_type=none
am_cv_val_LC_MESSAGES=yes
bfd_cv_decl_needed_free=no
bfd_cv_decl_needed_getenv=no
bfd_cv_decl_needed_malloc=no
bfd_cv_decl_needed_realloc=no
bfd_cv_decl_needed_strstr=no
bfd_cv_has_long_long=yes
gt_cv_func_gettext_libc=yes
lt_cv_compiler_c_o=yes
lt_cv_deplibs_check_method=pass_all
lt_cv_file_magic_cmd='$MAGIC_CMD'
lt_cv_file_magic_test_file='/lib/libc.so.6 /lib/libc-2.4.so'
lt_cv_ld_reload_flag=-r
lt_cv_path_LD=ld
lt_cv_path_NM=nm
lt_cv_prog_gnu_ld=yes
lt_cv_sys_max_cmd_len=49153
nls_cv_force_use_gnu_gettext=no
nls_cv_header_intl=
nls_cv_header_libgt=
nls_cv_use_gnu_gettext=no

## ----------------- ##
## Output variables. ##
## ----------------- ##

ACLOCAL='aclocal-1.9'
ALLOCA=''
AMDEPBACKSLASH='\'
AMDEP_FALSE='#'
AMDEP_TRUE=''
AMTAR='tar'
AR='ar'
AUTOCONF='autoconf'
AUTOHEADER='autoheader'
AUTOMAKE='automake-1.9'
AWK='gawk'
BFD_HOST_64BIT_LONG='0'
BFD_HOST_64_BIT='long long'
BFD_HOST_64_BIT_DEFINED='1'
BFD_HOST_LONG_LONG='1'
BFD_HOST_U_64_BIT='unsigned long long'
CATALOGS=' fr.gmo tr.gmo ja.gmo es.gmo sv.gmo da.gmo zh_CN.gmo ro.gmo'
CATOBJEXT='.gmo'
CC='gcc'
CCDEPMODE='depmode=none'
CC_FOR_BUILD='gcc'
CFLAGS='-O0 -g -DIs_True_On -m32'
COREFILE=''
COREFLAG=''
CPP='gcc -E'
CPPFLAGS=''
CYGPATH_W='echo'
DATADIRNAME='share'
DEFS='-DHAVE_CONFIG_H -DIPA_LINK -DKEY -DOSP_OPT'
DEPDIR='.deps'
ECHO_C=''
ECHO_N='-n'
ECHO_T=''
EGREP='grep -E'
EXEEXT=''
EXEEXT_FOR_BUILD='$(EXEEXT)'
GMOFILES=' fr.gmo tr.gmo ja.gmo es.gmo sv.gmo da.gmo zh_CN.gmo ro.gmo'
GMSGFMT='/usr/bin/msgfmt'
GT_NO=''
GT_YES='#YES#'
HDEFINES=''
INCLUDE_LOCALE_H='#include <locale.h>'
INSTALL_DATA='${INSTALL} -m 644'
INSTALL_LIBBFD_FALSE=''
INSTALL_LIBBFD_TRUE='#'
INSTALL_PROGRAM='${INSTALL}'
INSTALL_SCRIPT='${INSTALL}'
INSTALL_STRIP_PROGRAM='${SHELL} $(install_sh) -c -s'
INSTOBJEXT='.mo'
INTLDEPS=''
INTLLIBS=''
INTLOBJS=''
LDFLAGS=''
LIBOBJS=''
LIBS=''
LIBTOOL='$(SHELL) $(top_builddir)/libtool'
LN_S='ln -s'
LTLIBOBJS=''
MAINT='#'
MAINTAINER_MODE_FALSE=''
MAINTAINER_MODE_TRUE='#'
MAKEINFO='/proj/opensrc_nobackup/zhiweic/SVN/puretrunk/osprey/cygnus/missing makeinfo'
MKINSTALLDIRS='$(srcdir)/../../mkinstalldirs'
MSGFMT='/usr/bin/msgfmt'
OBJEXT='o'
PACKAGE='bfd'
PACKAGE_BUGREPORT=''
PACKAGE_NAME=''
PACKAGE_STRING=''
PACKAGE_TARNAME=''
PACKAGE_VERSION=''
PATH_SEPARATOR=':'
POFILES=' fr.po tr.po ja.po es.po sv.po da.po zh_CN.po ro.po'
POSUB='po'
RANLIB='ranlib'
SET_MAKE=''
SHELL='/bin/sh'
STRIP='strip'
TDEFINES=' '
USE_INCLUDED_LIBINTL='no'
USE_NLS='yes'
VERSION='2.16.1'
WARN_CFLAGS='-W -Wall -Wstrict-prototypes -Wmissing-prototypes'
WIN32LDFLAGS=''
WIN32LIBADD=''
XGETTEXT=':'
ac_ct_AR=''
ac_ct_CC=''
ac_ct_RANLIB=''
ac_ct_STRIP='strip'
all_backends='$(BFD64_BACKENDS) $(BFD32_BACKENDS)'
am__fastdepCC_FALSE=''
am__fastdepCC_TRUE='#'
am__include='include'
am__leading_dot='.'
am__quote=''
am__tar='${AMTAR} chof - "$$tardir"'
am__untar='${AMTAR} xf -'
bfd_backends=' elf64-x86-64.lo elf64.lo elf.lo elflink.lo elf-strtab.lo elf-eh-frame.lo dwarf1.lo ipa_ld.lo ipa_cmdline.lo elf32-i386.lo elf32.lo i386linux.lo aout32.lo efi-app-ia32.lo peigen.lo cofflink.lo elf64-gen.lo elf32-gen.lo'
bfd_default_target_size='64'
bfd_file_ptr='BFD_HOST_64_BIT'
bfd_libs='$(BFD64_LIBS) $(BFD32_LIBS)'
bfd_machines=' cpu-i386.lo'
bfd_ufile_ptr='BFD_HOST_U_64_BIT'
bfdincludedir='$(exec_prefix)/$(host_noncanonical)/$(target_noncanonical)/include'
bfdlibdir='$(exec_prefix)/$(host_noncanonical)/$(target_noncanonical)/lib'
bindir='${exec_prefix}/bin'
build='i686-open64-linux-gnu'
build_alias='i686-open64-linux'
build_cpu='i686'
build_os='linux-gnu'
build_vendor='open64'
datadir='${prefix}/share'
exec_prefix='${prefix}'
host='i686-open64-linux-gnu'
host_alias='i686-open64-linux'
host_cpu='i686'
host_noncanonical='i686-open64-linux'
host_os='linux-gnu'
host_vendor='open64'
includedir='${prefix}/include'
infodir='${prefix}/info'
install_sh='/proj/opensrc_nobackup/zhiweic/SVN/puretrunk/osprey/cygnus/install-sh'
l=''
libdir='${exec_prefix}/lib'
libexecdir='${exec_prefix}/libexec'
localstatedir='${prefix}/var'
mandir='${prefix}/man'
mkdir_p='mkdir -p --'
oldincludedir='/usr/include'
prefix='/usr/x8664-linux'
program_transform_name='s,^,x86_64-open64-linux-,;'
sbindir='${exec_prefix}/sbin'
sharedstatedir='${prefix}/com'
sysconfdir='${prefix}/etc'
target='x86_64-open64-linux-gnu'
target_alias='x86_64-open64-linux'
target_cpu='x86_64'
target_noncanonical='x86_64-open64-linux'
target_os='linux-gnu'
target_vendor='open64'
tdefaults=' -DDEFAULT_VECTOR=bfd_elf64_x86_64_vec -DSELECT_VECS='&bfd_elf64_x86_64_vec,&bfd_elf32_i386_vec,&i386linux_vec,&bfd_efi_app_ia32_vec,&bfd_elf64_little_generic_vec,&bfd_elf64_big_generic_vec,&bfd_elf32_little_generic_vec,&bfd_elf32_big_generic_vec' -DSELECT_ARCHITECTURES='&bfd_i386_arch' -DHAVE_bfd_elf64_x86_64_vec -DHAVE_bfd_elf32_i386_vec -DHAVE_i386linux_vec -DHAVE_bfd_efi_app_ia32_vec -DHAVE_bfd_elf64_little_generic_vec -DHAVE_bfd_elf64_big_generic_vec -DHAVE_bfd_elf32_little_generic_vec -DHAVE_bfd_elf32_big_generic_vec'
wordsize='64'

## ----------- ##
## confdefs.h. ##
## ----------- ##

#define ENABLE_NLS 1
#define HAVE_ALLOCA 1
#define HAVE_ALLOCA_H 1
#define HAVE_ARGZ_H 1
#define HAVE_DCGETTEXT 1
#define HAVE_DIRENT_H 1
#define HAVE_FCNTL 1
#define HAVE_FCNTL_H 1
#define HAVE_FDOPEN 1
#define HAVE_FSEEKO 1
#define HAVE_FSEEKO64 1
#define HAVE_FTELLO 1
#define HAVE_FTELLO64 1
#define HAVE_GETCWD 1
#define HAVE_GETGID 1
#define HAVE_GETPAGESIZE 1
#define HAVE_GETPAGESIZE 1
#define HAVE_GETPAGESIZE 1
#define HAVE_GETTEXT 1
#define HAVE_GETUID 1
#define HAVE_INTTYPES_H 1
#define HAVE_LC_MESSAGES 1
#define HAVE_LIMITS_H 1
#define HAVE_LOCALE_H 1
#define HAVE_MADVISE 1
#define HAVE_MALLOC_H 1
#define HAVE_MEMORY_H 1
#define HAVE_MMAP 1
#define HAVE_MMAP 1
#define HAVE_MPROTECT 1
#define HAVE_MUNMAP 1
#define HAVE_NL_TYPES_H 1
#define HAVE_PUTENV 1
#define HAVE_SETENV 1
#define HAVE_SETITIMER 1
#define HAVE_SETLOCALE 1
#define HAVE_STDDEF_H 1
#define HAVE_STDINT_H 1
#define HAVE_STDLIB_H 1
#define HAVE_STDLIB_H 1
#define HAVE_STDLIB_H 1
#define HAVE_STDLIB_H 1
#define HAVE_STPCPY 1
#define HAVE_STPCPY 1
#define HAVE_STRCASECMP 1
#define HAVE_STRCHR 1
#define HAVE_STRINGS_H 1
#define HAVE_STRINGS_H 1
#define HAVE_STRING_H 1
#define HAVE_STRING_H 1
#define HAVE_STRING_H 1
#define HAVE_STRTOULL 1
#define HAVE_SYSCONF 1
#define HAVE_SYS_FILE_H 1
#define HAVE_SYS_PARAM_H 1
#define HAVE_SYS_STAT_H 1
#define HAVE_SYS_TIME_H 1
#define HAVE_SYS_TYPES_H 1
#define HAVE_TIME_H 1
#define HAVE_UNISTD_H 1
#define HAVE_UNISTD_H 1
#define HAVE_UNISTD_H 1
#define HAVE_UNISTD_H 1
#define HAVE_UNISTD_H 1
#define HAVE_VALUES_H 1
#define HAVE___ARGZ_COUNT 1
#define HAVE___ARGZ_NEXT 1
#define HAVE___ARGZ_STRINGIFY 1
#define PACKAGE "bfd"
#define PACKAGE_BUGREPORT ""
#define PACKAGE_NAME ""
#define PACKAGE_STRING ""
#define PACKAGE_TARNAME ""
#define PACKAGE_VERSION ""
#define SIZEOF_LONG 4
#define SIZEOF_LONG_LONG 8
#define SIZEOF_OFF_T 4
#define STDC_HEADERS 1
#define TIME_WITH_SYS_TIME 1
#define VERSION "2.16.1"

configure: exit 0

## ---------------------- ##
## Running config.status. ##
## ---------------------- ##

This file was extended by config.status, which was
generated by GNU Autoconf 2.59.  Invocation command line was

  CONFIG_FILES    = po/Makefile.in:po/Make-in
  CONFIG_HEADERS  = 
  CONFIG_LINKS    = 
  CONFIG_COMMANDS = 
  $ ./config.status 

on adl-mp5

config.status:765: creating po/Makefile.in
config.status:1308: executing depfiles commands
config.status:1308: executing default commands
