This file contains any messages produced by compilers while
running configure, to aid debugging if configure makes a mistake.

configure:550: checking whether make sets ${MAKE}
configure:579: checking for gcc
configure:656: checking whether the C compiler (gcc  ) works
configure:670: gcc -o conftest    conftest.c  1>&5
configure:690: checking whether the C compiler (gcc  ) is a cross-compiler
configure:695: checking whether we are using GNU C
configure:704: gcc -E conftest.c
configure:719: checking whether gcc accepts -g
configure:747: checking how to run the C preprocessor
configure:768: gcc -E  conftest.c >/dev/null 2>conftest.out
configure:837: checking for a BSD compatible install
configure:889: checking for ranlib
configure:916: checking whether ln -s works
configure:939: checking for ANSI C header files
configure:952: gcc -E  conftest.c >/dev/null 2>conftest.out
configure:1019: gcc -o conftest -g -O2   conftest.c  1>&5
configure:1046: checking for unistd.h
configure:1056: gcc -E  conftest.c >/dev/null 2>conftest.out
configure:1046: checking for elf.h
configure:1056: gcc -E  conftest.c >/dev/null 2>conftest.out
configure:1046: checking for sys/elf.h
configure:1056: gcc -E  conftest.c >/dev/null 2>conftest.out
configure:1095: checking for working const
configure:1149: gcc -c -g -O2  conftest.c 1>&5
configure:1170: checking for off_t
configure:1203: checking for size_t
configure:1237: checking size of short
configure:1256: gcc -o conftest -g -O2   conftest.c  1>&5
configure:1276: checking size of int
configure:1295: gcc -o conftest -g -O2   conftest.c  1>&5
configure:1315: checking size of long
configure:1334: gcc -o conftest -g -O2   conftest.c  1>&5
configure:1354: checking size of long long
configure:1373: gcc -o conftest -g -O2   conftest.c  1>&5
configure:1398: checking for struct Elf32_Dyn
configure:1411: gcc -c -g -O2  conftest.c 1>&5
configure:1452: checking for struct nlist in elf.h
configure:1465: gcc -c -g -O2  conftest.c 1>&5
configure: In function `main':
configure:1462: storage size of `nl' isn't known
configure: failed program was:
#line 1458 "configure"
#include "confdefs.h"
#include __LIBELF_HEADER_ELF_H
int main() {
struct nlist nl
; return 0; }
configure:1487: checking for struct Elf64_Ehdr
configure:1499: gcc -c -g -O2  conftest.c 1>&5
configure:1515: checking for Elf64_Addr
configure:1527: gcc -c -g -O2  conftest.c 1>&5
configure:1543: checking for struct Elf64_Rel
configure:1555: gcc -c -g -O2  conftest.c 1>&5
configure:1612: checking for 64-bit integer
configure:1641: checking for 32-bit integer
configure:1670: checking for 16-bit integer
configure:1699: checking whether 64-bit ELF support is sufficient
configure:1706: checking for unistd.h
configure:1745: checking for getpagesize
configure:1773: gcc -o conftest -g -O2   conftest.c  1>&5
configure:1798: checking for working mmap
configure:1946: gcc -o conftest -g -O2   conftest.c  1>&5
configure:1971: checking for ftruncate
configure:1999: gcc -o conftest -g -O2   conftest.c  1>&5
configure:1971: checking for memcmp
configure:1999: gcc -o conftest -g -O2   conftest.c  1>&5
configure:1983: warning: conflicting types for built-in function `memcmp'
configure:1971: checking for memcpy
configure:1999: gcc -o conftest -g -O2   conftest.c  1>&5
configure:1983: warning: conflicting types for built-in function `memcpy'
configure:1971: checking for memmove
configure:1999: gcc -o conftest -g -O2   conftest.c  1>&5
configure:2026: checking for memset
configure:2054: gcc -o conftest -g -O2   conftest.c  1>&5
configure:2038: warning: conflicting types for built-in function `memset'
configure:2088: checking whether overlapping arrays are copied correctly
configure:2113: gcc -o conftest -g -O2   conftest.c  1>&5
configure:2147: checking whether to include 64-bit support
configure:2178: checking whether NLS is requested
configure:2195: checking for gettext
configure:2208: gcc -o conftest -g -O2   conftest.c  1>&5
configure:2226: checking for msgfmt
configure:2259: checking for gmsgfmt
configure:2291: checking for xgettext
configure:2321: checking for GNU gettext
configure:2334: gcc -o conftest -g -O2   conftest.c  1>&5
configure:2350: checking for losing catgets-based GNU gettext
configure:2363: gcc -o conftest -g -O2   conftest.c  1>&5
/tmp/ccNuVT9o.o: In function `main':
/mount/rohi/work/cmplrs/osprey1.0/gnu_common/libelf/configure:2359: undefined reference to `_msg_tbl_length'
collect2: ld returned 1 exit status
configure: failed program was:
#line 2356 "configure"
#include "confdefs.h"

int main() {
extern int _msg_tbl_length; return _msg_tbl_length
; return 0; }
configure:2384: checking for pure GNU gettext
configure:2397: gcc -o conftest -g -O2   conftest.c  1>&5
configure:2585: checking for catalogs to be installed
configure:2609: checking host system type
configure:2639: checking whether to build a shared library
