This file contains any messages produced by compilers while
running configure, to aid debugging if configure makes a mistake.

It was created by fixincludes configure  , which was
generated by GNU Autoconf 2.59.  Invocation command line was

  $ /proj/opensrc_nobackup/zhiweic/SVN/puretrunk/osprey-gcc-4.2.0/fixincludes/configure --cache-file=./config.cache --build=x86_64-redhat-linux --host=x86_64-redhat-linux --target=x86_64-redhat-linux --prefix=/open64-gcc-4.2.0 --with-gnu-as --with-gnu-ld --disable-bootstrap --disable-libmudflap --disable-libssp --enable-threads=posix --disable-checking --enable-tls --with-system-zlib --enable-__cxa_atexit --enable-languages=c,c++ --program-transform-name=s,y,y, --srcdir=../../fixincludes

## --------- ##
## Platform. ##
## --------- ##

hostname = adl-mp5
uname -m = x86_64
uname -r = 2.6.16.60-0.21-smp
uname -s = Linux
uname -v = #1 SMP Tue May 6 12:41:02 UTC 2008

/usr/bin/uname -p = unknown
/bin/uname -X     = unknown

/bin/arch              = x86_64
/usr/bin/arch -k       = unknown
/usr/convex/getsysinfo = unknown
hostinfo               = unknown
/bin/machine           = unknown
/usr/bin/oslevel       = unknown
/bin/universe          = unknown

PATH: #COMP_ROOT/usr/bin
PATH: /proj/opensrc_nobackup/zhiweic/gcc-4.2.4-prefix/bin
PATH: /proj/opensrc_nobackup/zhiweic/open64-puresvn-prefix/bin
PATH: /proj/vsop/drop2/stage/latest/usr/bin
PATH: /proj/opensrc_nobackup/zhiweic/gcc-4.2.4-prefix/bin
PATH: /proj/opensrc_nobackup/zhiweic/open64-SVN-prefix/bin
PATH: /usr/local/bin
PATH: /bin
PATH: /usr/bin
PATH: /usr/X11R6/bin
PATH: .
PATH: /home/zhiweic/software/x86_64/bin/
PATH: /home/zhiweic/software/x86_64/bin/


## ----------- ##
## Core tests. ##
## ----------- ##

configure:1229: creating cache ./config.cache
configure:1349: checking build system type
configure:1367: result: x86_64-redhat-linux-gnu
configure:1375: checking host system type
configure:1389: result: x86_64-redhat-linux-gnu
configure:1397: checking target system type
configure:1411: result: x86_64-redhat-linux-gnu
configure:1433: checking for x86_64-redhat-linux-gcc
configure:1459: result: gcc -m32 -DTARG_X8664
configure:1741: checking for C compiler version
configure:1744: gcc -m32 -DTARG_X8664 --version </dev/null >&5
gcc (GCC) 4.2.4
Copyright (C) 2007 Free Software Foundation, Inc.
This is free software; see the source for copying conditions.  There is NO
warranty; not even for MERCHANTABILITY or FITNESS FOR A PARTICULAR PURPOSE.

configure:1747: $? = 0
configure:1749: gcc -m32 -DTARG_X8664 -v </dev/null >&5
Using built-in specs.
Target: x86_64-unknown-linux-gnu
Configured with: ./configure --prefix=/proj/opensrc_nobackup/zhiweic/gcc-4.2.4-prefix --enable-libstdcxx-debug
Thread model: posix
gcc version 4.2.4
configure:1752: $? = 0
configure:1754: gcc -m32 -DTARG_X8664 -V </dev/null >&5
gcc: '-V' must come at the start of the command line
configure:1757: $? = 1
configure:1780: checking for C compiler default output file name
configure:1783: gcc -m32 -DTARG_X8664 -O0 -g -DIs_True_On   conftest.c  >&5
configure:1786: $? = 0
configure:1832: result: a.out
configure:1837: checking whether the C compiler works
configure:1843: ./a.out
configure:1846: $? = 0
configure:1863: result: yes
configure:1870: checking whether we are cross compiling
configure:1872: result: no
configure:1875: checking for suffix of executables
configure:1877: gcc -m32 -DTARG_X8664 -o conftest -O0 -g -DIs_True_On   conftest.c  >&5
configure:1880: $? = 0
configure:1905: result: 
configure:1911: checking for suffix of object files
configure:1932: gcc -m32 -DTARG_X8664 -c -O0 -g -DIs_True_On  conftest.c >&5
configure:1935: $? = 0
configure:1957: result: o
configure:1961: checking whether we are using the GNU C compiler
configure:1985: gcc -m32 -DTARG_X8664 -c -O0 -g -DIs_True_On  conftest.c >&5
configure:1991: $? = 0
configure:1995: test -z 
			 || test ! -s conftest.err
configure:1998: $? = 0
configure:2001: test -s conftest.o
configure:2004: $? = 0
configure:2017: result: yes
configure:2023: checking whether gcc -m32 -DTARG_X8664 accepts -g
configure:2044: gcc -m32 -DTARG_X8664 -c -g  conftest.c >&5
configure:2050: $? = 0
configure:2054: test -z 
			 || test ! -s conftest.err
configure:2057: $? = 0
configure:2060: test -s conftest.o
configure:2063: $? = 0
configure:2074: result: yes
configure:2091: checking for gcc -m32 -DTARG_X8664 option to accept ANSI C
configure:2161: gcc -m32 -DTARG_X8664  -c -O0 -g -DIs_True_On  conftest.c >&5
configure:2167: $? = 0
configure:2171: test -z 
			 || test ! -s conftest.err
configure:2174: $? = 0
configure:2177: test -s conftest.o
configure:2180: $? = 0
configure:2198: result: none needed
configure:2216: gcc -m32 -DTARG_X8664 -c -O0 -g -DIs_True_On  conftest.c >&5
conftest.c:2: error: expected '=', ',', ';', 'asm' or '__attribute__' before 'me'
configure:2222: $? = 1
configure: failed program was:
| #ifndef __cplusplus
|   choke me
| #endif
configure:2367: checking whether gcc -m32 -DTARG_X8664 supports -W
configure:2389: gcc -m32 -DTARG_X8664 -c -W  conftest.c >&5
configure:2395: $? = 0
configure:2399: test -z 
			 || test ! -s conftest.err
configure:2402: $? = 0
configure:2405: test -s conftest.o
configure:2408: $? = 0
configure:2420: result: yes
configure:2367: checking whether gcc -m32 -DTARG_X8664 supports -Wall
configure:2389: gcc -m32 -DTARG_X8664 -c -Wall  conftest.c >&5
configure:2395: $? = 0
configure:2399: test -z 
			 || test ! -s conftest.err
configure:2402: $? = 0
configure:2405: test -s conftest.o
configure:2408: $? = 0
configure:2420: result: yes
configure:2367: checking whether gcc -m32 -DTARG_X8664 supports -Wwrite-strings
configure:2389: gcc -m32 -DTARG_X8664 -c -Wwrite-strings  conftest.c >&5
configure:2395: $? = 0
configure:2399: test -z 
			 || test ! -s conftest.err
configure:2402: $? = 0
configure:2405: test -s conftest.o
configure:2408: $? = 0
configure:2420: result: yes
configure:2367: checking whether gcc -m32 -DTARG_X8664 supports -Wstrict-prototypes
configure:2389: gcc -m32 -DTARG_X8664 -c -Wstrict-prototypes  conftest.c >&5
conftest.c:12: warning: function declaration isn't a prototype
configure:2395: $? = 0
configure:2399: test -z 
			 || test ! -s conftest.err
configure:2402: $? = 0
configure:2405: test -s conftest.o
configure:2408: $? = 0
configure:2420: result: yes
configure:2367: checking whether gcc -m32 -DTARG_X8664 supports -Wmissing-prototypes
configure:2389: gcc -m32 -DTARG_X8664 -c -Wmissing-prototypes  conftest.c >&5
configure:2395: $? = 0
configure:2399: test -z 
			 || test ! -s conftest.err
configure:2402: $? = 0
configure:2405: test -s conftest.o
configure:2408: $? = 0
configure:2420: result: yes
configure:2367: checking whether gcc -m32 -DTARG_X8664 supports -Wold-style-definition
configure:2389: gcc -m32 -DTARG_X8664 -c -Wold-style-definition  conftest.c >&5
conftest.c: In function 'main':
conftest.c:12: warning: old-style function definition
configure:2395: $? = 0
configure:2399: test -z 
			 || test ! -s conftest.err
configure:2402: $? = 0
configure:2405: test -s conftest.o
configure:2408: $? = 0
configure:2420: result: yes
configure:2367: checking whether gcc -m32 -DTARG_X8664 supports -Wmissing-format-attribute
configure:2389: gcc -m32 -DTARG_X8664 -c -Wmissing-format-attribute  conftest.c >&5
configure:2395: $? = 0
configure:2399: test -z 
			 || test ! -s conftest.err
configure:2402: $? = 0
configure:2405: test -s conftest.o
configure:2408: $? = 0
configure:2420: result: yes
configure:2367: checking whether gcc -m32 -DTARG_X8664 supports -Wno-overlength-strings
configure:2389: gcc -m32 -DTARG_X8664 -c -Wno-overlength-strings  conftest.c >&5
configure:2395: $? = 0
configure:2399: test -z 
			 || test ! -s conftest.err
configure:2402: $? = 0
configure:2405: test -s conftest.o
configure:2408: $? = 0
configure:2420: result: yes
configure:2431: checking whether gcc -m32 -DTARG_X8664 supports -pedantic -Wno-long-long
configure:2454: gcc -m32 -DTARG_X8664 -c -pedantic -Wno-long-long  conftest.c >&5
configure:2460: $? = 0
configure:2464: test -z 
			 || test ! -s conftest.err
configure:2467: $? = 0
configure:2470: test -s conftest.o
configure:2473: $? = 0
configure:2485: result: yes
configure:2612: checking how to run the C preprocessor
configure:2647: gcc -m32 -DTARG_X8664 -E  conftest.c
configure:2653: $? = 0
configure:2685: gcc -m32 -DTARG_X8664 -E  conftest.c
conftest.c:10:28: error: ac_nonexistent.h: No such file or directory
configure:2691: $? = 1
configure: failed program was:
| /* confdefs.h.  */
| 
| #define PACKAGE_NAME "fixincludes"
| #define PACKAGE_TARNAME "fixincludes"
| #define PACKAGE_VERSION " "
| #define PACKAGE_STRING "fixincludes  "
| #define PACKAGE_BUGREPORT ""
| #define EXE_EXT ""
| /* end confdefs.h.  */
| #include <ac_nonexistent.h>
configure:2730: result: gcc -m32 -DTARG_X8664 -E
configure:2754: gcc -m32 -DTARG_X8664 -E  conftest.c
configure:2760: $? = 0
configure:2792: gcc -m32 -DTARG_X8664 -E  conftest.c
conftest.c:10:28: error: ac_nonexistent.h: No such file or directory
configure:2798: $? = 1
configure: failed program was:
| /* confdefs.h.  */
| 
| #define PACKAGE_NAME "fixincludes"
| #define PACKAGE_TARNAME "fixincludes"
| #define PACKAGE_VERSION " "
| #define PACKAGE_STRING "fixincludes  "
| #define PACKAGE_BUGREPORT ""
| #define EXE_EXT ""
| /* end confdefs.h.  */
| #include <ac_nonexistent.h>
configure:2842: checking for egrep
configure:2852: result: grep -E
configure:2857: checking for ANSI C header files
configure:2882: gcc -m32 -DTARG_X8664 -c -O0 -g -DIs_True_On  conftest.c >&5
configure:2888: $? = 0
configure:2892: test -z 
			 || test ! -s conftest.err
configure:2895: $? = 0
configure:2898: test -s conftest.o
configure:2901: $? = 0
configure:2990: gcc -m32 -DTARG_X8664 -o conftest -O0 -g -DIs_True_On   conftest.c  >&5
conftest.c: In function 'main':
conftest.c:27: warning: incompatible implicit declaration of built-in function 'exit'
configure:2993: $? = 0
configure:2995: ./conftest
configure:2998: $? = 0
configure:3013: result: yes
configure:3037: checking for sys/types.h
configure:3053: gcc -m32 -DTARG_X8664 -c -O0 -g -DIs_True_On  conftest.c >&5
configure:3059: $? = 0
configure:3063: test -z 
			 || test ! -s conftest.err
configure:3066: $? = 0
configure:3069: test -s conftest.o
configure:3072: $? = 0
configure:3083: result: yes
configure:3037: checking for sys/stat.h
configure:3053: gcc -m32 -DTARG_X8664 -c -O0 -g -DIs_True_On  conftest.c >&5
configure:3059: $? = 0
configure:3063: test -z 
			 || test ! -s conftest.err
configure:3066: $? = 0
configure:3069: test -s conftest.o
configure:3072: $? = 0
configure:3083: result: yes
configure:3037: checking for stdlib.h
configure:3053: gcc -m32 -DTARG_X8664 -c -O0 -g -DIs_True_On  conftest.c >&5
configure:3059: $? = 0
configure:3063: test -z 
			 || test ! -s conftest.err
configure:3066: $? = 0
configure:3069: test -s conftest.o
configure:3072: $? = 0
configure:3083: result: yes
configure:3037: checking for string.h
configure:3053: gcc -m32 -DTARG_X8664 -c -O0 -g -DIs_True_On  conftest.c >&5
configure:3059: $? = 0
configure:3063: test -z 
			 || test ! -s conftest.err
configure:3066: $? = 0
configure:3069: test -s conftest.o
configure:3072: $? = 0
configure:3083: result: yes
configure:3037: checking for memory.h
configure:3053: gcc -m32 -DTARG_X8664 -c -O0 -g -DIs_True_On  conftest.c >&5
configure:3059: $? = 0
configure:3063: test -z 
			 || test ! -s conftest.err
configure:3066: $? = 0
configure:3069: test -s conftest.o
configure:3072: $? = 0
configure:3083: result: yes
configure:3037: checking for strings.h
configure:3053: gcc -m32 -DTARG_X8664 -c -O0 -g -DIs_True_On  conftest.c >&5
configure:3059: $? = 0
configure:3063: test -z 
			 || test ! -s conftest.err
configure:3066: $? = 0
configure:3069: test -s conftest.o
configure:3072: $? = 0
configure:3083: result: yes
configure:3037: checking for inttypes.h
configure:3053: gcc -m32 -DTARG_X8664 -c -O0 -g -DIs_True_On  conftest.c >&5
configure:3059: $? = 0
configure:3063: test -z 
			 || test ! -s conftest.err
configure:3066: $? = 0
configure:3069: test -s conftest.o
configure:3072: $? = 0
configure:3083: result: yes
configure:3037: checking for stdint.h
configure:3053: gcc -m32 -DTARG_X8664 -c -O0 -g -DIs_True_On  conftest.c >&5
configure:3059: $? = 0
configure:3063: test -z 
			 || test ! -s conftest.err
configure:3066: $? = 0
configure:3069: test -s conftest.o
configure:3072: $? = 0
configure:3083: result: yes
configure:3037: checking for unistd.h
configure:3053: gcc -m32 -DTARG_X8664 -c -O0 -g -DIs_True_On  conftest.c >&5
configure:3059: $? = 0
configure:3063: test -z 
			 || test ! -s conftest.err
configure:3066: $? = 0
configure:3069: test -s conftest.o
configure:3072: $? = 0
configure:3083: result: yes
configure:3116: checking stddef.h usability
configure:3128: gcc -m32 -DTARG_X8664 -c -O0 -g -DIs_True_On  conftest.c >&5
configure:3134: $? = 0
configure:3138: test -z 
			 || test ! -s conftest.err
configure:3141: $? = 0
configure:3144: test -s conftest.o
configure:3147: $? = 0
configure:3157: result: yes
configure:3161: checking stddef.h presence
configure:3171: gcc -m32 -DTARG_X8664 -E  conftest.c
configure:3177: $? = 0
configure:3197: result: yes
configure:3232: checking for stddef.h
configure:3239: result: yes
configure:3107: checking for stdlib.h
configure:3112: result: yes
configure:3107: checking for strings.h
configure:3112: result: yes
configure:3107: checking for unistd.h
configure:3112: result: yes
configure:3116: checking fcntl.h usability
configure:3128: gcc -m32 -DTARG_X8664 -c -O0 -g -DIs_True_On  conftest.c >&5
configure:3134: $? = 0
configure:3138: test -z 
			 || test ! -s conftest.err
configure:3141: $? = 0
configure:3144: test -s conftest.o
configure:3147: $? = 0
configure:3157: result: yes
configure:3161: checking fcntl.h presence
configure:3171: gcc -m32 -DTARG_X8664 -E  conftest.c
configure:3177: $? = 0
configure:3197: result: yes
configure:3232: checking for fcntl.h
configure:3239: result: yes
configure:3116: checking sys/file.h usability
configure:3128: gcc -m32 -DTARG_X8664 -c -O0 -g -DIs_True_On  conftest.c >&5
configure:3134: $? = 0
configure:3138: test -z 
			 || test ! -s conftest.err
configure:3141: $? = 0
configure:3144: test -s conftest.o
configure:3147: $? = 0
configure:3157: result: yes
configure:3161: checking sys/file.h presence
configure:3171: gcc -m32 -DTARG_X8664 -E  conftest.c
configure:3177: $? = 0
configure:3197: result: yes
configure:3232: checking for sys/file.h
configure:3239: result: yes
configure:3107: checking for sys/stat.h
configure:3112: result: yes
configure:3272: checking for clearerr_unlocked
configure:3329: gcc -m32 -DTARG_X8664 -o conftest -O0 -g -DIs_True_On   conftest.c  >&5
configure:3335: $? = 0
configure:3339: test -z 
			 || test ! -s conftest.err
configure:3342: $? = 0
configure:3345: test -s conftest
configure:3348: $? = 0
configure:3360: result: yes
configure:3272: checking for feof_unlocked
configure:3329: gcc -m32 -DTARG_X8664 -o conftest -O0 -g -DIs_True_On   conftest.c  >&5
configure:3335: $? = 0
configure:3339: test -z 
			 || test ! -s conftest.err
configure:3342: $? = 0
configure:3345: test -s conftest
configure:3348: $? = 0
configure:3360: result: yes
configure:3272: checking for ferror_unlocked
configure:3329: gcc -m32 -DTARG_X8664 -o conftest -O0 -g -DIs_True_On   conftest.c  >&5
configure:3335: $? = 0
configure:3339: test -z 
			 || test ! -s conftest.err
configure:3342: $? = 0
configure:3345: test -s conftest
configure:3348: $? = 0
configure:3360: result: yes
configure:3272: checking for fflush_unlocked
configure:3329: gcc -m32 -DTARG_X8664 -o conftest -O0 -g -DIs_True_On   conftest.c  >&5
configure:3335: $? = 0
configure:3339: test -z 
			 || test ! -s conftest.err
configure:3342: $? = 0
configure:3345: test -s conftest
configure:3348: $? = 0
configure:3360: result: yes
configure:3272: checking for fgetc_unlocked
configure:3329: gcc -m32 -DTARG_X8664 -o conftest -O0 -g -DIs_True_On   conftest.c  >&5
configure:3335: $? = 0
configure:3339: test -z 
			 || test ! -s conftest.err
configure:3342: $? = 0
configure:3345: test -s conftest
configure:3348: $? = 0
configure:3360: result: yes
configure:3272: checking for fgets_unlocked
configure:3329: gcc -m32 -DTARG_X8664 -o conftest -O0 -g -DIs_True_On   conftest.c  >&5
configure:3335: $? = 0
configure:3339: test -z 
			 || test ! -s conftest.err
configure:3342: $? = 0
configure:3345: test -s conftest
configure:3348: $? = 0
configure:3360: result: yes
configure:3272: checking for fileno_unlocked
configure:3329: gcc -m32 -DTARG_X8664 -o conftest -O0 -g -DIs_True_On   conftest.c  >&5
configure:3335: $? = 0
configure:3339: test -z 
			 || test ! -s conftest.err
configure:3342: $? = 0
configure:3345: test -s conftest
configure:3348: $? = 0
configure:3360: result: yes
configure:3272: checking for fprintf_unlocked
configure:3329: gcc -m32 -DTARG_X8664 -o conftest -O0 -g -DIs_True_On   conftest.c  >&5
conftest.c:58: warning: conflicting types for built-in function 'fprintf_unlocked'
/tmp/ccCBsFUP.o: In function `main':
/proj/opensrc_nobackup/zhiweic/SVN/puretrunk/osprey-gcc-4.2.0/targia32_x8664/fixincludes/conftest.c:74: undefined reference to `fprintf_unlocked'
/tmp/ccCBsFUP.o:(.data+0x0): undefined reference to `fprintf_unlocked'
collect2: ld returned 1 exit status
configure:3335: $? = 1
configure: failed program was:
| /* confdefs.h.  */
| 
| #define PACKAGE_NAME "fixincludes"
| #define PACKAGE_TARNAME "fixincludes"
| #define PACKAGE_VERSION " "
| #define PACKAGE_STRING "fixincludes  "
| #define PACKAGE_BUGREPORT ""
| #define EXE_EXT ""
| #define STDC_HEADERS 1
| #define HAVE_SYS_TYPES_H 1
| #define HAVE_SYS_STAT_H 1
| #define HAVE_STDLIB_H 1
| #define HAVE_STRING_H 1
| #define HAVE_MEMORY_H 1
| #define HAVE_STRINGS_H 1
| #define HAVE_INTTYPES_H 1
| #define HAVE_STDINT_H 1
| #define HAVE_UNISTD_H 1
| #define HAVE_STDDEF_H 1
| #define HAVE_STDLIB_H 1
| #define HAVE_STRINGS_H 1
| #define HAVE_UNISTD_H 1
| #define HAVE_FCNTL_H 1
| #define HAVE_SYS_FILE_H 1
| #define HAVE_SYS_STAT_H 1
| #define HAVE_CLEARERR_UNLOCKED 1
| #define HAVE_FEOF_UNLOCKED 1
| #define HAVE_FERROR_UNLOCKED 1
| #define HAVE_FFLUSH_UNLOCKED 1
| #define HAVE_FGETC_UNLOCKED 1
| #define HAVE_FGETS_UNLOCKED 1
| #define HAVE_FILENO_UNLOCKED 1
| /* end confdefs.h.  */
| /* Define fprintf_unlocked to an innocuous variant, in case <limits.h> declares fprintf_unlocked.
|    For example, HP-UX 11i <limits.h> declares gettimeofday.  */
| #define fprintf_unlocked innocuous_fprintf_unlocked
| 
| /* System header to define __stub macros and hopefully few prototypes,
|     which can conflict with char fprintf_unlocked (); below.
|     Prefer <limits.h> to <assert.h> if __STDC__ is defined, since
|     <limits.h> exists even on freestanding compilers.  */
| 
| #ifdef __STDC__
| # include <limits.h>
| #else
| # include <assert.h>
| #endif
| 
| #undef fprintf_unlocked
| 
| /* Override any gcc2 internal prototype to avoid an error.  */
| #ifdef __cplusplus
| extern "C"
| {
| #endif
| /* We use char because int might match the return type of a gcc2
|    builtin and then its argument prototype would still apply.  */
| char fprintf_unlocked ();
| /* The GNU C library defines this for functions which it implements
|     to always fail with ENOSYS.  Some functions are actually named
|     something starting with __ and the normal name is an alias.  */
| #if defined (__stub_fprintf_unlocked) || defined (__stub___fprintf_unlocked)
| choke me
| #else
| char (*f) () = fprintf_unlocked;
| #endif
| #ifdef __cplusplus
| }
| #endif
| 
| int
| main ()
| {
| return f != fprintf_unlocked;
|   ;
|   return 0;
| }
configure:3360: result: no
configure:3272: checking for fputc_unlocked
configure:3329: gcc -m32 -DTARG_X8664 -o conftest -O0 -g -DIs_True_On   conftest.c  >&5
conftest.c:58: warning: conflicting types for built-in function 'fputc_unlocked'
configure:3335: $? = 0
configure:3339: test -z 
			 || test ! -s conftest.err
configure:3342: $? = 0
configure:3345: test -s conftest
configure:3348: $? = 0
configure:3360: result: yes
configure:3272: checking for fputs_unlocked
configure:3329: gcc -m32 -DTARG_X8664 -o conftest -O0 -g -DIs_True_On   conftest.c  >&5
conftest.c:59: warning: conflicting types for built-in function 'fputs_unlocked'
configure:3335: $? = 0
configure:3339: test -z 
			 || test ! -s conftest.err
configure:3342: $? = 0
configure:3345: test -s conftest
configure:3348: $? = 0
configure:3360: result: yes
configure:3272: checking for fread_unlocked
configure:3329: gcc -m32 -DTARG_X8664 -o conftest -O0 -g -DIs_True_On   conftest.c  >&5
configure:3335: $? = 0
configure:3339: test -z 
			 || test ! -s conftest.err
configure:3342: $? = 0
configure:3345: test -s conftest
configure:3348: $? = 0
configure:3360: result: yes
configure:3272: checking for fwrite_unlocked
configure:3329: gcc -m32 -DTARG_X8664 -o conftest -O0 -g -DIs_True_On   conftest.c  >&5
conftest.c:61: warning: conflicting types for built-in function 'fwrite_unlocked'
configure:3335: $? = 0
configure:3339: test -z 
			 || test ! -s conftest.err
configure:3342: $? = 0
configure:3345: test -s conftest
configure:3348: $? = 0
configure:3360: result: yes
configure:3272: checking for getchar_unlocked
configure:3329: gcc -m32 -DTARG_X8664 -o conftest -O0 -g -DIs_True_On   conftest.c  >&5
configure:3335: $? = 0
configure:3339: test -z 
			 || test ! -s conftest.err
configure:3342: $? = 0
configure:3345: test -s conftest
configure:3348: $? = 0
configure:3360: result: yes
configure:3272: checking for getc_unlocked
configure:3329: gcc -m32 -DTARG_X8664 -o conftest -O0 -g -DIs_True_On   conftest.c  >&5
configure:3335: $? = 0
configure:3339: test -z 
			 || test ! -s conftest.err
configure:3342: $? = 0
configure:3345: test -s conftest
configure:3348: $? = 0
configure:3360: result: yes
configure:3272: checking for putchar_unlocked
configure:3329: gcc -m32 -DTARG_X8664 -o conftest -O0 -g -DIs_True_On   conftest.c  >&5
conftest.c:64: warning: conflicting types for built-in function 'putchar_unlocked'
configure:3335: $? = 0
configure:3339: test -z 
			 || test ! -s conftest.err
configure:3342: $? = 0
configure:3345: test -s conftest
configure:3348: $? = 0
configure:3360: result: yes
configure:3272: checking for putc_unlocked
configure:3329: gcc -m32 -DTARG_X8664 -o conftest -O0 -g -DIs_True_On   conftest.c  >&5
conftest.c:65: warning: conflicting types for built-in function 'putc_unlocked'
configure:3335: $? = 0
configure:3339: test -z 
			 || test ! -s conftest.err
configure:3342: $? = 0
configure:3345: test -s conftest
configure:3348: $? = 0
configure:3360: result: yes
configure:3370: checking whether abort is declared
configure:3394: gcc -m32 -DTARG_X8664 -c -O0 -g -DIs_True_On  conftest.c >&5
configure:3400: $? = 0
configure:3404: test -z 
			 || test ! -s conftest.err
configure:3407: $? = 0
configure:3410: test -s conftest.o
configure:3413: $? = 0
configure:3424: result: yes
configure:3440: checking whether asprintf is declared
configure:3464: gcc -m32 -DTARG_X8664 -c -O0 -g -DIs_True_On  conftest.c >&5
conftest.c: In function 'main':
conftest.c:81: error: 'asprintf' undeclared (first use in this function)
conftest.c:81: error: (Each undeclared identifier is reported only once
conftest.c:81: error: for each function it appears in.)
configure:3470: $? = 1
configure: failed program was:
| /* confdefs.h.  */
| 
| #define PACKAGE_NAME "fixincludes"
| #define PACKAGE_TARNAME "fixincludes"
| #define PACKAGE_VERSION " "
| #define PACKAGE_STRING "fixincludes  "
| #define PACKAGE_BUGREPORT ""
| #define EXE_EXT ""
| #define STDC_HEADERS 1
| #define HAVE_SYS_TYPES_H 1
| #define HAVE_SYS_STAT_H 1
| #define HAVE_STDLIB_H 1
| #define HAVE_STRING_H 1
| #define HAVE_MEMORY_H 1
| #define HAVE_STRINGS_H 1
| #define HAVE_INTTYPES_H 1
| #define HAVE_STDINT_H 1
| #define HAVE_UNISTD_H 1
| #define HAVE_STDDEF_H 1
| #define HAVE_STDLIB_H 1
| #define HAVE_STRINGS_H 1
| #define HAVE_UNISTD_H 1
| #define HAVE_FCNTL_H 1
| #define HAVE_SYS_FILE_H 1
| #define HAVE_SYS_STAT_H 1
| #define HAVE_CLEARERR_UNLOCKED 1
| #define HAVE_FEOF_UNLOCKED 1
| #define HAVE_FERROR_UNLOCKED 1
| #define HAVE_FFLUSH_UNLOCKED 1
| #define HAVE_FGETC_UNLOCKED 1
| #define HAVE_FGETS_UNLOCKED 1
| #define HAVE_FILENO_UNLOCKED 1
| #define HAVE_FPUTC_UNLOCKED 1
| #define HAVE_FPUTS_UNLOCKED 1
| #define HAVE_FREAD_UNLOCKED 1
| #define HAVE_FWRITE_UNLOCKED 1
| #define HAVE_GETCHAR_UNLOCKED 1
| #define HAVE_GETC_UNLOCKED 1
| #define HAVE_PUTCHAR_UNLOCKED 1
| #define HAVE_PUTC_UNLOCKED 1
| #define HAVE_DECL_ABORT 1
| /* end confdefs.h.  */
| #include <stdio.h>
| #if HAVE_SYS_TYPES_H
| # include <sys/types.h>
| #endif
| #if HAVE_SYS_STAT_H
| # include <sys/stat.h>
| #endif
| #if STDC_HEADERS
| # include <stdlib.h>
| # include <stddef.h>
| #else
| # if HAVE_STDLIB_H
| #  include <stdlib.h>
| # endif
| #endif
| #if HAVE_STRING_H
| # if !STDC_HEADERS && HAVE_MEMORY_H
| #  include <memory.h>
| # endif
| # include <string.h>
| #endif
| #if HAVE_STRINGS_H
| # include <strings.h>
| #endif
| #if HAVE_INTTYPES_H
| # include <inttypes.h>
| #else
| # if HAVE_STDINT_H
| #  include <stdint.h>
| # endif
| #endif
| #if HAVE_UNISTD_H
| # include <unistd.h>
| #endif
| int
| main ()
| {
| #ifndef asprintf
|   char *p = (char *) asprintf;
| #endif
| 
|   ;
|   return 0;
| }
configure:3494: result: no
configure:3510: checking whether basename is declared
configure:3534: gcc -m32 -DTARG_X8664 -c -O0 -g -DIs_True_On  conftest.c >&5
conftest.c: In function 'main':
conftest.c:82: error: 'basename' undeclared (first use in this function)
conftest.c:82: error: (Each undeclared identifier is reported only once
conftest.c:82: error: for each function it appears in.)
configure:3540: $? = 1
configure: failed program was:
| /* confdefs.h.  */
| 
| #define PACKAGE_NAME "fixincludes"
| #define PACKAGE_TARNAME "fixincludes"
| #define PACKAGE_VERSION " "
| #define PACKAGE_STRING "fixincludes  "
| #define PACKAGE_BUGREPORT ""
| #define EXE_EXT ""
| #define STDC_HEADERS 1
| #define HAVE_SYS_TYPES_H 1
| #define HAVE_SYS_STAT_H 1
| #define HAVE_STDLIB_H 1
| #define HAVE_STRING_H 1
| #define HAVE_MEMORY_H 1
| #define HAVE_STRINGS_H 1
| #define HAVE_INTTYPES_H 1
| #define HAVE_STDINT_H 1
| #define HAVE_UNISTD_H 1
| #define HAVE_STDDEF_H 1
| #define HAVE_STDLIB_H 1
| #define HAVE_STRINGS_H 1
| #define HAVE_UNISTD_H 1
| #define HAVE_FCNTL_H 1
| #define HAVE_SYS_FILE_H 1
| #define HAVE_SYS_STAT_H 1
| #define HAVE_CLEARERR_UNLOCKED 1
| #define HAVE_FEOF_UNLOCKED 1
| #define HAVE_FERROR_UNLOCKED 1
| #define HAVE_FFLUSH_UNLOCKED 1
| #define HAVE_FGETC_UNLOCKED 1
| #define HAVE_FGETS_UNLOCKED 1
| #define HAVE_FILENO_UNLOCKED 1
| #define HAVE_FPUTC_UNLOCKED 1
| #define HAVE_FPUTS_UNLOCKED 1
| #define HAVE_FREAD_UNLOCKED 1
| #define HAVE_FWRITE_UNLOCKED 1
| #define HAVE_GETCHAR_UNLOCKED 1
| #define HAVE_GETC_UNLOCKED 1
| #define HAVE_PUTCHAR_UNLOCKED 1
| #define HAVE_PUTC_UNLOCKED 1
| #define HAVE_DECL_ABORT 1
| #define HAVE_DECL_ASPRINTF 0
| /* end confdefs.h.  */
| #include <stdio.h>
| #if HAVE_SYS_TYPES_H
| # include <sys/types.h>
| #endif
| #if HAVE_SYS_STAT_H
| # include <sys/stat.h>
| #endif
| #if STDC_HEADERS
| # include <stdlib.h>
| # include <stddef.h>
| #else
| # if HAVE_STDLIB_H
| #  include <stdlib.h>
| # endif
| #endif
| #if HAVE_STRING_H
| # if !STDC_HEADERS && HAVE_MEMORY_H
| #  include <memory.h>
| # endif
| # include <string.h>
| #endif
| #if HAVE_STRINGS_H
| # include <strings.h>
| #endif
| #if HAVE_INTTYPES_H
| # include <inttypes.h>
| #else
| # if HAVE_STDINT_H
| #  include <stdint.h>
| # endif
| #endif
| #if HAVE_UNISTD_H
| # include <unistd.h>
| #endif
| int
| main ()
| {
| #ifndef basename
|   char *p = (char *) basename;
| #endif
| 
|   ;
|   return 0;
| }
configure:3564: result: no
configure:3580: checking whether errno is declared
configure:3604: gcc -m32 -DTARG_X8664 -c -O0 -g -DIs_True_On  conftest.c >&5
conftest.c: In function 'main':
conftest.c:83: error: 'errno' undeclared (first use in this function)
conftest.c:83: error: (Each undeclared identifier is reported only once
conftest.c:83: error: for each function it appears in.)
configure:3610: $? = 1
configure: failed program was:
| /* confdefs.h.  */
| 
| #define PACKAGE_NAME "fixincludes"
| #define PACKAGE_TARNAME "fixincludes"
| #define PACKAGE_VERSION " "
| #define PACKAGE_STRING "fixincludes  "
| #define PACKAGE_BUGREPORT ""
| #define EXE_EXT ""
| #define STDC_HEADERS 1
| #define HAVE_SYS_TYPES_H 1
| #define HAVE_SYS_STAT_H 1
| #define HAVE_STDLIB_H 1
| #define HAVE_STRING_H 1
| #define HAVE_MEMORY_H 1
| #define HAVE_STRINGS_H 1
| #define HAVE_INTTYPES_H 1
| #define HAVE_STDINT_H 1
| #define HAVE_UNISTD_H 1
| #define HAVE_STDDEF_H 1
| #define HAVE_STDLIB_H 1
| #define HAVE_STRINGS_H 1
| #define HAVE_UNISTD_H 1
| #define HAVE_FCNTL_H 1
| #define HAVE_SYS_FILE_H 1
| #define HAVE_SYS_STAT_H 1
| #define HAVE_CLEARERR_UNLOCKED 1
| #define HAVE_FEOF_UNLOCKED 1
| #define HAVE_FERROR_UNLOCKED 1
| #define HAVE_FFLUSH_UNLOCKED 1
| #define HAVE_FGETC_UNLOCKED 1
| #define HAVE_FGETS_UNLOCKED 1
| #define HAVE_FILENO_UNLOCKED 1
| #define HAVE_FPUTC_UNLOCKED 1
| #define HAVE_FPUTS_UNLOCKED 1
| #define HAVE_FREAD_UNLOCKED 1
| #define HAVE_FWRITE_UNLOCKED 1
| #define HAVE_GETCHAR_UNLOCKED 1
| #define HAVE_GETC_UNLOCKED 1
| #define HAVE_PUTCHAR_UNLOCKED 1
| #define HAVE_PUTC_UNLOCKED 1
| #define HAVE_DECL_ABORT 1
| #define HAVE_DECL_ASPRINTF 0
| #define HAVE_DECL_BASENAME 0
| /* end confdefs.h.  */
| #include <stdio.h>
| #if HAVE_SYS_TYPES_H
| # include <sys/types.h>
| #endif
| #if HAVE_SYS_STAT_H
| # include <sys/stat.h>
| #endif
| #if STDC_HEADERS
| # include <stdlib.h>
| # include <stddef.h>
| #else
| # if HAVE_STDLIB_H
| #  include <stdlib.h>
| # endif
| #endif
| #if HAVE_STRING_H
| # if !STDC_HEADERS && HAVE_MEMORY_H
| #  include <memory.h>
| # endif
| # include <string.h>
| #endif
| #if HAVE_STRINGS_H
| # include <strings.h>
| #endif
| #if HAVE_INTTYPES_H
| # include <inttypes.h>
| #else
| # if HAVE_STDINT_H
| #  include <stdint.h>
| # endif
| #endif
| #if HAVE_UNISTD_H
| # include <unistd.h>
| #endif
| int
| main ()
| {
| #ifndef errno
|   char *p = (char *) errno;
| #endif
| 
|   ;
|   return 0;
| }
configure:3634: result: no
configure:3650: checking whether vasprintf is declared
configure:3674: gcc -m32 -DTARG_X8664 -c -O0 -g -DIs_True_On  conftest.c >&5
conftest.c: In function 'main':
conftest.c:84: error: 'vasprintf' undeclared (first use in this function)
conftest.c:84: error: (Each undeclared identifier is reported only once
conftest.c:84: error: for each function it appears in.)
configure:3680: $? = 1
configure: failed program was:
| /* confdefs.h.  */
| 
| #define PACKAGE_NAME "fixincludes"
| #define PACKAGE_TARNAME "fixincludes"
| #define PACKAGE_VERSION " "
| #define PACKAGE_STRING "fixincludes  "
| #define PACKAGE_BUGREPORT ""
| #define EXE_EXT ""
| #define STDC_HEADERS 1
| #define HAVE_SYS_TYPES_H 1
| #define HAVE_SYS_STAT_H 1
| #define HAVE_STDLIB_H 1
| #define HAVE_STRING_H 1
| #define HAVE_MEMORY_H 1
| #define HAVE_STRINGS_H 1
| #define HAVE_INTTYPES_H 1
| #define HAVE_STDINT_H 1
| #define HAVE_UNISTD_H 1
| #define HAVE_STDDEF_H 1
| #define HAVE_STDLIB_H 1
| #define HAVE_STRINGS_H 1
| #define HAVE_UNISTD_H 1
| #define HAVE_FCNTL_H 1
| #define HAVE_SYS_FILE_H 1
| #define HAVE_SYS_STAT_H 1
| #define HAVE_CLEARERR_UNLOCKED 1
| #define HAVE_FEOF_UNLOCKED 1
| #define HAVE_FERROR_UNLOCKED 1
| #define HAVE_FFLUSH_UNLOCKED 1
| #define HAVE_FGETC_UNLOCKED 1
| #define HAVE_FGETS_UNLOCKED 1
| #define HAVE_FILENO_UNLOCKED 1
| #define HAVE_FPUTC_UNLOCKED 1
| #define HAVE_FPUTS_UNLOCKED 1
| #define HAVE_FREAD_UNLOCKED 1
| #define HAVE_FWRITE_UNLOCKED 1
| #define HAVE_GETCHAR_UNLOCKED 1
| #define HAVE_GETC_UNLOCKED 1
| #define HAVE_PUTCHAR_UNLOCKED 1
| #define HAVE_PUTC_UNLOCKED 1
| #define HAVE_DECL_ABORT 1
| #define HAVE_DECL_ASPRINTF 0
| #define HAVE_DECL_BASENAME 0
| #define HAVE_DECL_ERRNO 0
| /* end confdefs.h.  */
| #include <stdio.h>
| #if HAVE_SYS_TYPES_H
| # include <sys/types.h>
| #endif
| #if HAVE_SYS_STAT_H
| # include <sys/stat.h>
| #endif
| #if STDC_HEADERS
| # include <stdlib.h>
| # include <stddef.h>
| #else
| # if HAVE_STDLIB_H
| #  include <stdlib.h>
| # endif
| #endif
| #if HAVE_STRING_H
| # if !STDC_HEADERS && HAVE_MEMORY_H
| #  include <memory.h>
| # endif
| # include <string.h>
| #endif
| #if HAVE_STRINGS_H
| # include <strings.h>
| #endif
| #if HAVE_INTTYPES_H
| # include <inttypes.h>
| #else
| # if HAVE_STDINT_H
| #  include <stdint.h>
| # endif
| #endif
| #if HAVE_UNISTD_H
| # include <unistd.h>
| #endif
| int
| main ()
| {
| #ifndef vasprintf
|   char *p = (char *) vasprintf;
| #endif
| 
|   ;
|   return 0;
| }
configure:3704: result: no
configure:3720: checking whether clearerr_unlocked is declared
configure:3744: gcc -m32 -DTARG_X8664 -c -O0 -g -DIs_True_On  conftest.c >&5
configure:3750: $? = 0
configure:3754: test -z 
			 || test ! -s conftest.err
configure:3757: $? = 0
configure:3760: test -s conftest.o
configure:3763: $? = 0
configure:3774: result: yes
configure:3790: checking whether feof_unlocked is declared
configure:3814: gcc -m32 -DTARG_X8664 -c -O0 -g -DIs_True_On  conftest.c >&5
configure:3820: $? = 0
configure:3824: test -z 
			 || test ! -s conftest.err
configure:3827: $? = 0
configure:3830: test -s conftest.o
configure:3833: $? = 0
configure:3844: result: yes
configure:3860: checking whether ferror_unlocked is declared
configure:3884: gcc -m32 -DTARG_X8664 -c -O0 -g -DIs_True_On  conftest.c >&5
configure:3890: $? = 0
configure:3894: test -z 
			 || test ! -s conftest.err
configure:3897: $? = 0
configure:3900: test -s conftest.o
configure:3903: $? = 0
configure:3914: result: yes
configure:3930: checking whether fflush_unlocked is declared
configure:3954: gcc -m32 -DTARG_X8664 -c -O0 -g -DIs_True_On  conftest.c >&5
configure:3960: $? = 0
configure:3964: test -z 
			 || test ! -s conftest.err
configure:3967: $? = 0
configure:3970: test -s conftest.o
configure:3973: $? = 0
configure:3984: result: yes
configure:4000: checking whether fgetc_unlocked is declared
configure:4024: gcc -m32 -DTARG_X8664 -c -O0 -g -DIs_True_On  conftest.c >&5
configure:4030: $? = 0
configure:4034: test -z 
			 || test ! -s conftest.err
configure:4037: $? = 0
configure:4040: test -s conftest.o
configure:4043: $? = 0
configure:4054: result: yes
configure:4070: checking whether fgets_unlocked is declared
configure:4094: gcc -m32 -DTARG_X8664 -c -O0 -g -DIs_True_On  conftest.c >&5
conftest.c: In function 'main':
conftest.c:90: error: 'fgets_unlocked' undeclared (first use in this function)
conftest.c:90: error: (Each undeclared identifier is reported only once
conftest.c:90: error: for each function it appears in.)
configure:4100: $? = 1
configure: failed program was:
| /* confdefs.h.  */
| 
| #define PACKAGE_NAME "fixincludes"
| #define PACKAGE_TARNAME "fixincludes"
| #define PACKAGE_VERSION " "
| #define PACKAGE_STRING "fixincludes  "
| #define PACKAGE_BUGREPORT ""
| #define EXE_EXT ""
| #define STDC_HEADERS 1
| #define HAVE_SYS_TYPES_H 1
| #define HAVE_SYS_STAT_H 1
| #define HAVE_STDLIB_H 1
| #define HAVE_STRING_H 1
| #define HAVE_MEMORY_H 1
| #define HAVE_STRINGS_H 1
| #define HAVE_INTTYPES_H 1
| #define HAVE_STDINT_H 1
| #define HAVE_UNISTD_H 1
| #define HAVE_STDDEF_H 1
| #define HAVE_STDLIB_H 1
| #define HAVE_STRINGS_H 1
| #define HAVE_UNISTD_H 1
| #define HAVE_FCNTL_H 1
| #define HAVE_SYS_FILE_H 1
| #define HAVE_SYS_STAT_H 1
| #define HAVE_CLEARERR_UNLOCKED 1
| #define HAVE_FEOF_UNLOCKED 1
| #define HAVE_FERROR_UNLOCKED 1
| #define HAVE_FFLUSH_UNLOCKED 1
| #define HAVE_FGETC_UNLOCKED 1
| #define HAVE_FGETS_UNLOCKED 1
| #define HAVE_FILENO_UNLOCKED 1
| #define HAVE_FPUTC_UNLOCKED 1
| #define HAVE_FPUTS_UNLOCKED 1
| #define HAVE_FREAD_UNLOCKED 1
| #define HAVE_FWRITE_UNLOCKED 1
| #define HAVE_GETCHAR_UNLOCKED 1
| #define HAVE_GETC_UNLOCKED 1
| #define HAVE_PUTCHAR_UNLOCKED 1
| #define HAVE_PUTC_UNLOCKED 1
| #define HAVE_DECL_ABORT 1
| #define HAVE_DECL_ASPRINTF 0
| #define HAVE_DECL_BASENAME 0
| #define HAVE_DECL_ERRNO 0
| #define HAVE_DECL_VASPRINTF 0
| #define HAVE_DECL_CLEARERR_UNLOCKED 1
| #define HAVE_DECL_FEOF_UNLOCKED 1
| #define HAVE_DECL_FERROR_UNLOCKED 1
| #define HAVE_DECL_FFLUSH_UNLOCKED 1
| #define HAVE_DECL_FGETC_UNLOCKED 1
| /* end confdefs.h.  */
| #include <stdio.h>
| #if HAVE_SYS_TYPES_H
| # include <sys/types.h>
| #endif
| #if HAVE_SYS_STAT_H
| # include <sys/stat.h>
| #endif
| #if STDC_HEADERS
| # include <stdlib.h>
| # include <stddef.h>
| #else
| # if HAVE_STDLIB_H
| #  include <stdlib.h>
| # endif
| #endif
| #if HAVE_STRING_H
| # if !STDC_HEADERS && HAVE_MEMORY_H
| #  include <memory.h>
| # endif
| # include <string.h>
| #endif
| #if HAVE_STRINGS_H
| # include <strings.h>
| #endif
| #if HAVE_INTTYPES_H
| # include <inttypes.h>
| #else
| # if HAVE_STDINT_H
| #  include <stdint.h>
| # endif
| #endif
| #if HAVE_UNISTD_H
| # include <unistd.h>
| #endif
| int
| main ()
| {
| #ifndef fgets_unlocked
|   char *p = (char *) fgets_unlocked;
| #endif
| 
|   ;
|   return 0;
| }
configure:4124: result: no
configure:4140: checking whether fileno_unlocked is declared
configure:4164: gcc -m32 -DTARG_X8664 -c -O0 -g -DIs_True_On  conftest.c >&5
configure:4170: $? = 0
configure:4174: test -z 
			 || test ! -s conftest.err
configure:4177: $? = 0
configure:4180: test -s conftest.o
configure:4183: $? = 0
configure:4194: result: yes
configure:4210: checking whether fprintf_unlocked is declared
configure:4234: gcc -m32 -DTARG_X8664 -c -O0 -g -DIs_True_On  conftest.c >&5
conftest.c: In function 'main':
conftest.c:92: error: 'fprintf_unlocked' undeclared (first use in this function)
conftest.c:92: error: (Each undeclared identifier is reported only once
conftest.c:92: error: for each function it appears in.)
configure:4240: $? = 1
configure: failed program was:
| /* confdefs.h.  */
| 
| #define PACKAGE_NAME "fixincludes"
| #define PACKAGE_TARNAME "fixincludes"
| #define PACKAGE_VERSION " "
| #define PACKAGE_STRING "fixincludes  "
| #define PACKAGE_BUGREPORT ""
| #define EXE_EXT ""
| #define STDC_HEADERS 1
| #define HAVE_SYS_TYPES_H 1
| #define HAVE_SYS_STAT_H 1
| #define HAVE_STDLIB_H 1
| #define HAVE_STRING_H 1
| #define HAVE_MEMORY_H 1
| #define HAVE_STRINGS_H 1
| #define HAVE_INTTYPES_H 1
| #define HAVE_STDINT_H 1
| #define HAVE_UNISTD_H 1
| #define HAVE_STDDEF_H 1
| #define HAVE_STDLIB_H 1
| #define HAVE_STRINGS_H 1
| #define HAVE_UNISTD_H 1
| #define HAVE_FCNTL_H 1
| #define HAVE_SYS_FILE_H 1
| #define HAVE_SYS_STAT_H 1
| #define HAVE_CLEARERR_UNLOCKED 1
| #define HAVE_FEOF_UNLOCKED 1
| #define HAVE_FERROR_UNLOCKED 1
| #define HAVE_FFLUSH_UNLOCKED 1
| #define HAVE_FGETC_UNLOCKED 1
| #define HAVE_FGETS_UNLOCKED 1
| #define HAVE_FILENO_UNLOCKED 1
| #define HAVE_FPUTC_UNLOCKED 1
| #define HAVE_FPUTS_UNLOCKED 1
| #define HAVE_FREAD_UNLOCKED 1
| #define HAVE_FWRITE_UNLOCKED 1
| #define HAVE_GETCHAR_UNLOCKED 1
| #define HAVE_GETC_UNLOCKED 1
| #define HAVE_PUTCHAR_UNLOCKED 1
| #define HAVE_PUTC_UNLOCKED 1
| #define HAVE_DECL_ABORT 1
| #define HAVE_DECL_ASPRINTF 0
| #define HAVE_DECL_BASENAME 0
| #define HAVE_DECL_ERRNO 0
| #define HAVE_DECL_VASPRINTF 0
| #define HAVE_DECL_CLEARERR_UNLOCKED 1
| #define HAVE_DECL_FEOF_UNLOCKED 1
| #define HAVE_DECL_FERROR_UNLOCKED 1
| #define HAVE_DECL_FFLUSH_UNLOCKED 1
| #define HAVE_DECL_FGETC_UNLOCKED 1
| #define HAVE_DECL_FGETS_UNLOCKED 0
| #define HAVE_DECL_FILENO_UNLOCKED 1
| /* end confdefs.h.  */
| #include <stdio.h>
| #if HAVE_SYS_TYPES_H
| # include <sys/types.h>
| #endif
| #if HAVE_SYS_STAT_H
| # include <sys/stat.h>
| #endif
| #if STDC_HEADERS
| # include <stdlib.h>
| # include <stddef.h>
| #else
| # if HAVE_STDLIB_H
| #  include <stdlib.h>
| # endif
| #endif
| #if HAVE_STRING_H
| # if !STDC_HEADERS && HAVE_MEMORY_H
| #  include <memory.h>
| # endif
| # include <string.h>
| #endif
| #if HAVE_STRINGS_H
| # include <strings.h>
| #endif
| #if HAVE_INTTYPES_H
| # include <inttypes.h>
| #else
| # if HAVE_STDINT_H
| #  include <stdint.h>
| # endif
| #endif
| #if HAVE_UNISTD_H
| # include <unistd.h>
| #endif
| int
| main ()
| {
| #ifndef fprintf_unlocked
|   char *p = (char *) fprintf_unlocked;
| #endif
| 
|   ;
|   return 0;
| }
configure:4264: result: no
configure:4280: checking whether fputc_unlocked is declared
configure:4304: gcc -m32 -DTARG_X8664 -c -O0 -g -DIs_True_On  conftest.c >&5
configure:4310: $? = 0
configure:4314: test -z 
			 || test ! -s conftest.err
configure:4317: $? = 0
configure:4320: test -s conftest.o
configure:4323: $? = 0
configure:4334: result: yes
configure:4350: checking whether fputs_unlocked is declared
configure:4374: gcc -m32 -DTARG_X8664 -c -O0 -g -DIs_True_On  conftest.c >&5
conftest.c: In function 'main':
conftest.c:94: error: 'fputs_unlocked' undeclared (first use in this function)
conftest.c:94: error: (Each undeclared identifier is reported only once
conftest.c:94: error: for each function it appears in.)
configure:4380: $? = 1
configure: failed program was:
| /* confdefs.h.  */
| 
| #define PACKAGE_NAME "fixincludes"
| #define PACKAGE_TARNAME "fixincludes"
| #define PACKAGE_VERSION " "
| #define PACKAGE_STRING "fixincludes  "
| #define PACKAGE_BUGREPORT ""
| #define EXE_EXT ""
| #define STDC_HEADERS 1
| #define HAVE_SYS_TYPES_H 1
| #define HAVE_SYS_STAT_H 1
| #define HAVE_STDLIB_H 1
| #define HAVE_STRING_H 1
| #define HAVE_MEMORY_H 1
| #define HAVE_STRINGS_H 1
| #define HAVE_INTTYPES_H 1
| #define HAVE_STDINT_H 1
| #define HAVE_UNISTD_H 1
| #define HAVE_STDDEF_H 1
| #define HAVE_STDLIB_H 1
| #define HAVE_STRINGS_H 1
| #define HAVE_UNISTD_H 1
| #define HAVE_FCNTL_H 1
| #define HAVE_SYS_FILE_H 1
| #define HAVE_SYS_STAT_H 1
| #define HAVE_CLEARERR_UNLOCKED 1
| #define HAVE_FEOF_UNLOCKED 1
| #define HAVE_FERROR_UNLOCKED 1
| #define HAVE_FFLUSH_UNLOCKED 1
| #define HAVE_FGETC_UNLOCKED 1
| #define HAVE_FGETS_UNLOCKED 1
| #define HAVE_FILENO_UNLOCKED 1
| #define HAVE_FPUTC_UNLOCKED 1
| #define HAVE_FPUTS_UNLOCKED 1
| #define HAVE_FREAD_UNLOCKED 1
| #define HAVE_FWRITE_UNLOCKED 1
| #define HAVE_GETCHAR_UNLOCKED 1
| #define HAVE_GETC_UNLOCKED 1
| #define HAVE_PUTCHAR_UNLOCKED 1
| #define HAVE_PUTC_UNLOCKED 1
| #define HAVE_DECL_ABORT 1
| #define HAVE_DECL_ASPRINTF 0
| #define HAVE_DECL_BASENAME 0
| #define HAVE_DECL_ERRNO 0
| #define HAVE_DECL_VASPRINTF 0
| #define HAVE_DECL_CLEARERR_UNLOCKED 1
| #define HAVE_DECL_FEOF_UNLOCKED 1
| #define HAVE_DECL_FERROR_UNLOCKED 1
| #define HAVE_DECL_FFLUSH_UNLOCKED 1
| #define HAVE_DECL_FGETC_UNLOCKED 1
| #define HAVE_DECL_FGETS_UNLOCKED 0
| #define HAVE_DECL_FILENO_UNLOCKED 1
| #define HAVE_DECL_FPRINTF_UNLOCKED 0
| #define HAVE_DECL_FPUTC_UNLOCKED 1
| /* end confdefs.h.  */
| #include <stdio.h>
| #if HAVE_SYS_TYPES_H
| # include <sys/types.h>
| #endif
| #if HAVE_SYS_STAT_H
| # include <sys/stat.h>
| #endif
| #if STDC_HEADERS
| # include <stdlib.h>
| # include <stddef.h>
| #else
| # if HAVE_STDLIB_H
| #  include <stdlib.h>
| # endif
| #endif
| #if HAVE_STRING_H
| # if !STDC_HEADERS && HAVE_MEMORY_H
| #  include <memory.h>
| # endif
| # include <string.h>
| #endif
| #if HAVE_STRINGS_H
| # include <strings.h>
| #endif
| #if HAVE_INTTYPES_H
| # include <inttypes.h>
| #else
| # if HAVE_STDINT_H
| #  include <stdint.h>
| # endif
| #endif
| #if HAVE_UNISTD_H
| # include <unistd.h>
| #endif
| int
| main ()
| {
| #ifndef fputs_unlocked
|   char *p = (char *) fputs_unlocked;
| #endif
| 
|   ;
|   return 0;
| }
configure:4404: result: no
configure:4420: checking whether fread_unlocked is declared
configure:4444: gcc -m32 -DTARG_X8664 -c -O0 -g -DIs_True_On  conftest.c >&5
configure:4450: $? = 0
configure:4454: test -z 
			 || test ! -s conftest.err
configure:4457: $? = 0
configure:4460: test -s conftest.o
configure:4463: $? = 0
configure:4474: result: yes
configure:4490: checking whether fwrite_unlocked is declared
configure:4514: gcc -m32 -DTARG_X8664 -c -O0 -g -DIs_True_On  conftest.c >&5
configure:4520: $? = 0
configure:4524: test -z 
			 || test ! -s conftest.err
configure:4527: $? = 0
configure:4530: test -s conftest.o
configure:4533: $? = 0
configure:4544: result: yes
configure:4560: checking whether getchar_unlocked is declared
configure:4584: gcc -m32 -DTARG_X8664 -c -O0 -g -DIs_True_On  conftest.c >&5
configure:4590: $? = 0
configure:4594: test -z 
			 || test ! -s conftest.err
configure:4597: $? = 0
configure:4600: test -s conftest.o
configure:4603: $? = 0
configure:4614: result: yes
configure:4630: checking whether getc_unlocked is declared
configure:4654: gcc -m32 -DTARG_X8664 -c -O0 -g -DIs_True_On  conftest.c >&5
configure:4660: $? = 0
configure:4664: test -z 
			 || test ! -s conftest.err
configure:4667: $? = 0
configure:4670: test -s conftest.o
configure:4673: $? = 0
configure:4684: result: yes
configure:4700: checking whether putchar_unlocked is declared
configure:4724: gcc -m32 -DTARG_X8664 -c -O0 -g -DIs_True_On  conftest.c >&5
configure:4730: $? = 0
configure:4734: test -z 
			 || test ! -s conftest.err
configure:4737: $? = 0
configure:4740: test -s conftest.o
configure:4743: $? = 0
configure:4754: result: yes
configure:4770: checking whether putc_unlocked is declared
configure:4794: gcc -m32 -DTARG_X8664 -c -O0 -g -DIs_True_On  conftest.c >&5
configure:4800: $? = 0
configure:4804: test -z 
			 || test ! -s conftest.err
configure:4807: $? = 0
configure:4810: test -s conftest.o
configure:4813: $? = 0
configure:4824: result: yes
configure:4844: checking for an ANSI C-conforming const
configure:4911: gcc -m32 -DTARG_X8664 -c -O0 -g -DIs_True_On  conftest.c >&5
configure:4917: $? = 0
configure:4921: test -z 
			 || test ! -s conftest.err
configure:4924: $? = 0
configure:4927: test -s conftest.o
configure:4930: $? = 0
configure:4941: result: yes
configure:4964: checking sys/mman.h usability
configure:4976: gcc -m32 -DTARG_X8664 -c -O0 -g -DIs_True_On  conftest.c >&5
configure:4982: $? = 0
configure:4986: test -z 
			 || test ! -s conftest.err
configure:4989: $? = 0
configure:4992: test -s conftest.o
configure:4995: $? = 0
configure:5005: result: yes
configure:5009: checking sys/mman.h presence
configure:5019: gcc -m32 -DTARG_X8664 -E  conftest.c
configure:5025: $? = 0
configure:5045: result: yes
configure:5080: checking for sys/mman.h
configure:5087: result: yes
configure:5098: checking for mmap
configure:5155: gcc -m32 -DTARG_X8664 -o conftest -O0 -g -DIs_True_On   conftest.c  >&5
configure:5161: $? = 0
configure:5165: test -z 
			 || test ! -s conftest.err
configure:5168: $? = 0
configure:5171: test -s conftest
configure:5174: $? = 0
configure:5186: result: yes
configure:5200: checking whether read-only mmap of a plain file works
configure:5217: result: yes
configure:5219: checking whether mmap from /dev/zero works
configure:5241: result: yes
configure:5245: checking for MAP_ANON(YMOUS)
configure:5273: gcc -m32 -DTARG_X8664 -c -O0 -g -DIs_True_On  conftest.c >&5
configure:5279: $? = 0
configure:5283: test -z 
			 || test ! -s conftest.err
configure:5286: $? = 0
configure:5289: test -s conftest.o
configure:5292: $? = 0
configure:5303: result: yes
configure:5309: checking whether mmap with MAP_ANON(YMOUS) works
configure:5326: result: yes
configure:5354: checking whether to enable maintainer-specific portions of Makefiles
configure:5363: result: no
configure:5471: creating ./config.status

## ---------------------- ##
## Running config.status. ##
## ---------------------- ##

This file was extended by fixincludes config.status  , which was
generated by GNU Autoconf 2.59.  Invocation command line was

  CONFIG_FILES    = 
  CONFIG_HEADERS  = 
  CONFIG_LINKS    = 
  CONFIG_COMMANDS = 
  $ ./config.status 

on adl-mp5

config.status:660: creating Makefile
config.status:660: creating mkheaders.almost
config.status:756: creating config.h

## ---------------- ##
## Cache variables. ##
## ---------------- ##

ac_cv_build=x86_64-redhat-linux-gnu
ac_cv_build_alias=x86_64-redhat-linux
ac_cv_c_compiler_gnu=yes
ac_cv_c_const=yes
ac_cv_env_CC_set=set
ac_cv_env_CC_value='gcc -m32 -DTARG_X8664'
ac_cv_env_CFLAGS_set=set
ac_cv_env_CFLAGS_value='-O0 -g -DIs_True_On'
ac_cv_env_CPPFLAGS_set=
ac_cv_env_CPPFLAGS_value=
ac_cv_env_CPP_set=
ac_cv_env_CPP_value=
ac_cv_env_LDFLAGS_set=set
ac_cv_env_LDFLAGS_value=
ac_cv_env_build_alias_set=set
ac_cv_env_build_alias_value=x86_64-redhat-linux
ac_cv_env_host_alias_set=set
ac_cv_env_host_alias_value=x86_64-redhat-linux
ac_cv_env_target_alias_set=set
ac_cv_env_target_alias_value=x86_64-redhat-linux
ac_cv_exeext=
ac_cv_func_clearerr_unlocked=yes
ac_cv_func_feof_unlocked=yes
ac_cv_func_ferror_unlocked=yes
ac_cv_func_fflush_unlocked=yes
ac_cv_func_fgetc_unlocked=yes
ac_cv_func_fgets_unlocked=yes
ac_cv_func_fileno_unlocked=yes
ac_cv_func_fprintf_unlocked=no
ac_cv_func_fputc_unlocked=yes
ac_cv_func_fputs_unlocked=yes
ac_cv_func_fread_unlocked=yes
ac_cv_func_fwrite_unlocked=yes
ac_cv_func_getc_unlocked=yes
ac_cv_func_getchar_unlocked=yes
ac_cv_func_mmap=yes
ac_cv_func_putc_unlocked=yes
ac_cv_func_putchar_unlocked=yes
ac_cv_have_decl_abort=yes
ac_cv_have_decl_asprintf=no
ac_cv_have_decl_basename=no
ac_cv_have_decl_clearerr_unlocked=yes
ac_cv_have_decl_errno=no
ac_cv_have_decl_feof_unlocked=yes
ac_cv_have_decl_ferror_unlocked=yes
ac_cv_have_decl_fflush_unlocked=yes
ac_cv_have_decl_fgetc_unlocked=yes
ac_cv_have_decl_fgets_unlocked=no
ac_cv_have_decl_fileno_unlocked=yes
ac_cv_have_decl_fprintf_unlocked=no
ac_cv_have_decl_fputc_unlocked=yes
ac_cv_have_decl_fputs_unlocked=no
ac_cv_have_decl_fread_unlocked=yes
ac_cv_have_decl_fwrite_unlocked=yes
ac_cv_have_decl_getc_unlocked=yes
ac_cv_have_decl_getchar_unlocked=yes
ac_cv_have_decl_putc_unlocked=yes
ac_cv_have_decl_putchar_unlocked=yes
ac_cv_have_decl_vasprintf=no
ac_cv_header_fcntl_h=yes
ac_cv_header_inttypes_h=yes
ac_cv_header_memory_h=yes
ac_cv_header_stdc=yes
ac_cv_header_stddef_h=yes
ac_cv_header_stdint_h=yes
ac_cv_header_stdlib_h=yes
ac_cv_header_string_h=yes
ac_cv_header_strings_h=yes
ac_cv_header_sys_file_h=yes
ac_cv_header_sys_mman_h=yes
ac_cv_header_sys_stat_h=yes
ac_cv_header_sys_types_h=yes
ac_cv_header_unistd_h=yes
ac_cv_host=x86_64-redhat-linux-gnu
ac_cv_host_alias=x86_64-redhat-linux
ac_cv_objext=o
ac_cv_prog_CC='gcc -m32 -DTARG_X8664'
ac_cv_prog_CPP='gcc -m32 -DTARG_X8664 -E'
ac_cv_prog_cc_g=yes
ac_cv_prog_cc_stdc=
ac_cv_prog_egrep='grep -E'
ac_cv_target=x86_64-redhat-linux-gnu
ac_cv_target_alias=x86_64-redhat-linux
acx_cv_prog_cc_pedantic__Wno_long_long=yes
acx_cv_prog_cc_warning__W=yes
acx_cv_prog_cc_warning__Wall=yes
acx_cv_prog_cc_warning__Wmissing_format_attribute=yes
acx_cv_prog_cc_warning__Wmissing_prototypes=yes
acx_cv_prog_cc_warning__Wno_overlength_strings=yes
acx_cv_prog_cc_warning__Wold_style_definition=yes
acx_cv_prog_cc_warning__Wstrict_prototypes=yes
acx_cv_prog_cc_warning__Wwrite_strings=yes
gcc_cv_decl_map_anon=yes
gcc_cv_func_mmap_anon=yes
gcc_cv_func_mmap_dev_zero=yes
gcc_cv_func_mmap_file=yes

## ----------------- ##
## Output variables. ##
## ----------------- ##

CC='gcc -m32 -DTARG_X8664'
CFLAGS='-O0 -g -DIs_True_On'
CPP='gcc -m32 -DTARG_X8664 -E'
CPPFLAGS=''
DEFS='-DHAVE_CONFIG_H'
ECHO_C=''
ECHO_N='-n'
ECHO_T=''
EGREP='grep -E'
EXEEXT=''
LDFLAGS=''
LIBOBJS=''
LIBS=''
LTLIBOBJS=''
MAINT='#'
OBJEXT='o'
PACKAGE_BUGREPORT=''
PACKAGE_NAME='fixincludes'
PACKAGE_STRING='fixincludes  '
PACKAGE_TARNAME='fixincludes'
PACKAGE_VERSION=' '
PATH_SEPARATOR=':'
SHELL='/bin/sh'
TARGET='oneprocess'
WARN_CFLAGS='-W -Wall -Wwrite-strings -Wstrict-prototypes -Wmissing-prototypes -Wold-style-definition -Wmissing-format-attribute -Wno-overlength-strings'
WARN_PEDANTIC='-pedantic -Wno-long-long'
WERROR=''
ac_ct_CC=''
bindir='${exec_prefix}/bin'
build='x86_64-redhat-linux-gnu'
build_alias='x86_64-redhat-linux'
build_cpu='x86_64'
build_os='linux-gnu'
build_vendor='redhat'
datadir='${prefix}/share'
exec_prefix='${prefix}'
host='x86_64-redhat-linux-gnu'
host_alias='x86_64-redhat-linux'
host_cpu='x86_64'
host_os='linux-gnu'
host_vendor='redhat'
includedir='${prefix}/include'
infodir='${prefix}/info'
libdir='${exec_prefix}/lib'
libexecdir='${exec_prefix}/libexec'
localstatedir='${prefix}/var'
mandir='${prefix}/man'
oldincludedir='/usr/include'
prefix='/open64-gcc-4.2.0'
program_transform_name='s,y,y,'
sbindir='${exec_prefix}/sbin'
sharedstatedir='${prefix}/com'
sysconfdir='${prefix}/etc'
target='x86_64-redhat-linux-gnu'
target_alias='x86_64-redhat-linux'
target_cpu='x86_64'
target_noncanonical='x86_64-redhat-linux'
target_os='linux-gnu'
target_vendor='redhat'

## ----------- ##
## confdefs.h. ##
## ----------- ##

#define EXE_EXT ""
#define HAVE_CLEARERR_UNLOCKED 1
#define HAVE_DECL_ABORT 1
#define HAVE_DECL_ASPRINTF 0
#define HAVE_DECL_BASENAME 0
#define HAVE_DECL_CLEARERR_UNLOCKED 1
#define HAVE_DECL_ERRNO 0
#define HAVE_DECL_FEOF_UNLOCKED 1
#define HAVE_DECL_FERROR_UNLOCKED 1
#define HAVE_DECL_FFLUSH_UNLOCKED 1
#define HAVE_DECL_FGETC_UNLOCKED 1
#define HAVE_DECL_FGETS_UNLOCKED 0
#define HAVE_DECL_FILENO_UNLOCKED 1
#define HAVE_DECL_FPRINTF_UNLOCKED 0
#define HAVE_DECL_FPUTC_UNLOCKED 1
#define HAVE_DECL_FPUTS_UNLOCKED 0
#define HAVE_DECL_FREAD_UNLOCKED 1
#define HAVE_DECL_FWRITE_UNLOCKED 1
#define HAVE_DECL_GETCHAR_UNLOCKED 1
#define HAVE_DECL_GETC_UNLOCKED 1
#define HAVE_DECL_PUTCHAR_UNLOCKED 1
#define HAVE_DECL_PUTC_UNLOCKED 1
#define HAVE_DECL_VASPRINTF 0
#define HAVE_FCNTL_H 1
#define HAVE_FEOF_UNLOCKED 1
#define HAVE_FERROR_UNLOCKED 1
#define HAVE_FFLUSH_UNLOCKED 1
#define HAVE_FGETC_UNLOCKED 1
#define HAVE_FGETS_UNLOCKED 1
#define HAVE_FILENO_UNLOCKED 1
#define HAVE_FPUTC_UNLOCKED 1
#define HAVE_FPUTS_UNLOCKED 1
#define HAVE_FREAD_UNLOCKED 1
#define HAVE_FWRITE_UNLOCKED 1
#define HAVE_GETCHAR_UNLOCKED 1
#define HAVE_GETC_UNLOCKED 1
#define HAVE_INTTYPES_H 1
#define HAVE_MEMORY_H 1
#define HAVE_MMAP_ANON 1
#define HAVE_MMAP_DEV_ZERO 1
#define HAVE_MMAP_FILE 1
#define HAVE_PUTCHAR_UNLOCKED 1
#define HAVE_PUTC_UNLOCKED 1
#define HAVE_STDDEF_H 1
#define HAVE_STDINT_H 1
#define HAVE_STDLIB_H 1
#define HAVE_STDLIB_H 1
#define HAVE_STRINGS_H 1
#define HAVE_STRINGS_H 1
#define HAVE_STRING_H 1
#define HAVE_SYS_FILE_H 1
#define HAVE_SYS_STAT_H 1
#define HAVE_SYS_STAT_H 1
#define HAVE_SYS_TYPES_H 1
#define HAVE_UNISTD_H 1
#define HAVE_UNISTD_H 1
#define PACKAGE_BUGREPORT ""
#define PACKAGE_NAME "fixincludes"
#define PACKAGE_STRING "fixincludes  "
#define PACKAGE_TARNAME "fixincludes"
#define PACKAGE_VERSION " "
#define STDC_HEADERS 1

configure: exit 0
